IQ-TREE multicore version 2.0.3 for Linux 64-bit built Apr 26 2020
Developed by Bui Quang Minh, Nguyen Lam Tung, Olga Chernomor,
Heiko Schmidt, Dominik Schrempf, Michael Woodhams.

Host:    node-hp0307.linux.crg.es (AVX, 125 GB RAM)
Command: iqtree -s hapalignment_duplication_HSdiploid.fasta -nt AUTO -ntmax 4 -m TEST -mset GTR -pre hapalignment_duplication_HSdiploid -bb 1000 -nm 100000 -cptime 3600
Seed:    176833 (Using SPRNG - Scalable Parallel Random Number Generator)
Time:    Sun Oct 18 09:56:30 2020
Kernel:  AVX - auto-detect threads (4 CPU cores detected)

Reading alignment file hapalignment_duplication_HSdiploid.fasta ... Fasta format detected
Alignment most likely contains DNA/RNA sequences
Alignment has 690 sequences with 174 columns, 174 distinct patterns
174 parsimony-informative, 0 singleton sites, 0 constant sites
                 Gap/Ambiguity  Composition  p-value
   1  AA0040-Ca_GHcol    0.00%    passed     99.15%
   2  AA0040-Cb_GHcol    0.00%    passed     99.80%
   3  AA0041-Ca_GHcol    0.00%    passed     87.78%
   4  AA0041-Cb_GHcol    0.00%    passed     99.56%
   5  AA0042-Ca_GHcol    0.00%    passed     96.52%
   6  AA0042-Cb_GHcol    0.00%    passed     98.69%
   7  AA0043-Ca_GHcol    0.00%    passed     99.81%
   8  AA0043-Cb_GHcol    0.00%    passed     98.30%
   9  AA0044-Ca_GHcol    0.00%    passed     95.09%
  10  AA0044-Cb_GHcol    0.00%    passed     99.62%
  11  AA0048-Ca_GHgam    0.00%    passed     99.49%
  12  AA0048-Cb_GHgam    0.00%    passed     99.49%
  13  AA0049-Ca_GHcol    0.00%    passed     91.12%
  14  AA0049-Cb_GHcol    0.00%    passed     97.74%
  15  AA0050-Ca_GHgam    0.00%    passed     99.49%
  16  AA0050-Cb_GHgam    0.00%    passed     99.49%
  17  AA0051-Ca_GHcol    0.00%    passed     90.97%
  18  AA0051-Cb_GHcol    0.00%    passed     97.12%
  19  AA0052-Ca_GHcol    0.00%    passed     98.74%
  20  AA0052-Cb_GHcol    0.00%    passed     99.28%
  21  AA0053-Ca_GHcol    0.00%    passed     99.15%
  22  AA0053-Cb_GHcol    0.00%    passed     98.24%
  23  AA0054-Ca_GHcol    0.00%    passed     98.24%
  24  AA0054-Cb_GHcol    0.00%    passed     99.98%
  25  AA0055-Ca_GHcol    0.00%    passed     94.33%
  26  AA0055-Cb_GHcol    0.00%    passed     99.80%
  27  AA0056-Ca_GHcol    0.00%    passed     99.64%
  28  AA0056-Cb_GHcol    0.00%    passed     97.80%
  29  AA0060-Ca_GHgam    0.00%    passed     99.49%
  30  AA0060-Cb_GHgam    0.00%    passed     99.49%
  31  AA0061-Ca_GHgam    0.00%    passed     99.49%
  32  AA0061-Cb_GHgam    0.00%    passed     99.49%
  33  AA0063-Ca_GHcol    0.00%    passed     96.83%
  34  AA0063-Cb_GHcol    0.00%    passed     99.81%
  35  AA0064-Ca_GHcol    0.00%    passed     99.22%
  36  AA0064-Cb_GHcol    0.00%    passed     98.28%
  37  AA0066-Ca_GHcol    0.00%    passed     99.56%
  38  AA0066-Cb_GHcol    0.00%    passed     99.54%
  39  AA0067-Ca_GHcol    0.00%    passed     97.67%
  40  AA0067-Cb_GHcol    0.00%    passed     97.60%
  41  AA0068-Ca_GHcol    0.00%    passed     97.17%
  42  AA0068-Cb_GHcol    0.00%    passed     98.81%
  43  AA0072-Ca_GHgam    0.00%    passed     99.01%
  44  AA0072-Cb_GHgam    0.00%    passed     97.17%
  45  AA0073-Ca_GHcol    0.00%    passed     95.26%
  46  AA0073-Cb_GHcol    0.00%    passed     99.81%
  47  AA0074-Ca_GHcol    0.00%    passed     99.98%
  48  AA0074-Cb_GHcol    0.00%    passed     90.86%
  49  AA0075-Ca_GHcol    0.00%    passed     94.42%
  50  AA0075-Cb_GHcol    0.00%    passed     99.95%
  51  AA0076-Ca_GHcol    0.00%    passed     99.28%
  52  AA0076-Cb_GHcol    0.00%    passed     99.56%
  53  AA0077-Ca_GHcol    0.00%    passed     99.81%
  54  AA0077-Cb_GHcol    0.00%    passed     98.98%
  55  AA0080-Ca_GHcol    0.00%    passed     99.01%
  56  AA0080-Cb_GHcol    0.00%    passed     99.15%
  57  AA0084-Ca_GHgam    0.00%    passed     99.49%
  58  AA0084-Cb_GHgam    0.00%    passed     99.49%
  59  AA0085-Ca_GHgam    0.00%    passed     99.48%
  60  AA0085-Cb_GHgam    0.00%    passed     99.22%
  61  AA0086-Ca_GHgam    0.00%    passed     99.95%
  62  AA0086-Cb_GHgam    0.00%    passed     97.78%
  63  AA0087-Ca_GHcol    0.00%    passed     98.81%
  64  AA0087-Cb_GHcol    0.00%    passed     99.95%
  65  AA0088-Ca_GHcol    0.00%    passed     98.69%
  66  AA0088-Cb_GHcol    0.00%    passed     94.57%
  67  AA0089-Ca_GHcol    0.00%    passed     96.06%
  68  AA0089-Cb_GHcol    0.00%    passed     98.44%
  69  AA0090-Ca_GHcol    0.00%    passed     96.71%
  70  AA0090-Cb_GHcol    0.00%    passed     97.67%
  71  AA0091-Ca_GHcol    0.00%    passed     99.95%
  72  AA0091-Cb_GHcol    0.00%    passed     98.74%
  73  AA0096-Ca_GHgam    0.00%    passed     97.74%
  74  AA0096-Cb_GHgam    0.00%    passed     99.15%
  75  AA0097-Ca_GHcol    0.00%    passed     99.81%
  76  AA0097-Cb_GHcol    0.00%    passed     99.48%
  77  AA0098-Ca_GHcol    0.00%    passed     99.22%
  78  AA0098-Cb_GHcol    0.00%    passed     99.69%
  79  AA0099-Ca_GHcol    0.00%    passed     93.16%
  80  AA0099-Cb_GHcol    0.00%    passed     98.69%
  81  AA0100-Ca_GHcol    0.00%    passed     98.24%
  82  AA0100-Cb_GHcol    0.00%    passed     94.18%
  83  AA0101-Ca_GHcol    0.00%    passed     98.44%
  84  AA0101-Cb_GHcol    0.00%    passed     99.48%
  85  AA0102-Ca_GHcol    0.00%    passed     94.18%
  86  AA0102-Cb_GHcol    0.00%    passed     97.17%
  87  AA0103-Ca_GHcol    0.00%    passed     99.69%
  88  AA0103-Cb_GHcol    0.00%    passed     95.84%
  89  AA0104-Ca_GHcol    0.00%    passed     98.81%
  90  AA0104-Cb_GHcol    0.00%    passed     97.40%
  91  AA0107-Ca_GHcol    0.00%    passed     99.81%
  92  AA0107-Cb_GHcol    0.00%    passed     94.39%
  93  AA0108-Ca_GHgam    0.00%    passed     99.49%
  94  AA0108-Cb_GHgam    0.00%    passed     99.49%
  95  AA0109-Ca_GHcol    0.00%    passed     96.71%
  96  AA0109-Cb_GHcol    0.00%    passed     96.58%
  97  AA0110-Ca_GHcol    0.00%    passed     94.67%
  98  AA0110-Cb_GHcol    0.00%    passed     94.87%
  99  AA0111-Ca_GHcol    0.00%    passed     98.28%
 100  AA0111-Cb_GHcol    0.00%    passed     99.54%
 101  AA0113-Ca_GHcol    0.00%    passed     97.40%
 102  AA0113-Cb_GHcol    0.00%    passed     99.15%
 103  AA0114-Ca_GHcol    0.00%    passed     99.15%
 104  AA0114-Cb_GHcol    0.00%    passed     97.40%
 105  AA0115-Ca_GHcol    0.00%    passed     98.36%
 106  AA0115-Cb_GHcol    0.00%    passed     88.78%
 107  AA0116-Ca_GHcol    0.00%    passed     86.39%
 108  AA0116-Cb_GHcol    0.00%    passed     98.36%
 109  AA0122-Ca_GHgam    0.00%    passed     98.03%
 110  AA0122-Cb_GHgam    0.00%    passed     97.46%
 111  AA0123-Ca_GHcol    0.00%    passed     98.01%
 112  AA0123-Cb_GHcol    0.00%    passed     99.15%
 113  AA0124-Ca_GHcol    0.00%    passed     99.62%
 114  AA0124-Cb_GHcol    0.00%    passed     98.77%
 115  AA0125-Ca_GHcol    0.00%    passed     97.92%
 116  AA0125-Cb_GHcol    0.00%    passed     94.67%
 117  AA0127-Ca_GHcol    0.00%    passed     99.39%
 118  AA0127-Cb_GHcol    0.00%    passed     99.80%
 119  AA0132-Ca_GHcol    0.00%    passed     97.40%
 120  AA0132-Cb_GHcol    0.00%    passed     91.41%
 121  AA0133-Ca_GHgam    0.00%    passed     95.40%
 122  AA0133-Cb_GHgam    0.00%    passed     98.03%
 123  AA0134-Ca_GHcol    0.00%    passed     99.95%
 124  AA0134-Cb_GHcol    0.00%    passed     87.55%
 125  AA0135-Ca_GHcol    0.00%    passed     99.98%
 126  AA0135-Cb_GHcol    0.00%    passed     96.54%
 127  AA0136-Ca_GHcol    0.00%    passed     98.69%
 128  AA0136-Cb_GHcol    0.00%    passed     96.96%
 129  AA0139-Ca_GHcol    0.00%    passed     99.56%
 130  AA0139-Cb_GHcol    0.00%    passed     99.98%
 131  AA0140-Ca_GHcol    0.00%    passed     98.69%
 132  AA0140-Cb_GHcol    0.00%    passed     99.22%
 133  AA0141-Ca_GHcol    0.00%    passed     99.80%
 134  AA0141-Cb_GHcol    0.00%    passed     96.65%
 135  AB0085-Ca_BFgam    0.00%    passed     99.81%
 136  AB0085-Cb_BFgam    0.00%    passed     99.28%
 137  AB0087-Ca_BFcol    0.00%    passed     99.39%
 138  AB0087-Cb_BFcol    0.00%    passed     99.69%
 139  AB0088-Ca_BFcol    0.00%    passed     97.40%
 140  AB0088-Cb_BFcol    0.00%    passed     97.23%
 141  AB0089-Ca_BFcol    0.00%    passed     99.64%
 142  AB0089-Cb_BFcol    0.00%    passed     95.36%
 143  AB0090-Ca_BFcol    0.00%    passed     97.67%
 144  AB0090-Cb_BFcol    0.00%    passed     97.60%
 145  AB0091-Ca_BFcol    0.00%    passed     99.62%
 146  AB0091-Cb_BFcol    0.00%    passed     99.69%
 147  AB0092-Ca_BFcol    0.00%    passed     99.81%
 148  AB0092-Cb_BFcol    0.00%    passed     99.46%
 149  AB0094-Ca_BFcol    0.00%    passed     99.62%
 150  AB0094-Cb_BFcol    0.00%    passed     96.71%
 151  AB0095-Ca_BFcol    0.00%    passed     97.92%
 152  AB0095-Cb_BFcol    0.00%    passed     99.81%
 153  AB0097-Ca_BFcol    0.00%    passed     86.67%
 154  AB0097-Cb_BFcol    0.00%    passed     98.77%
 155  AB0098-Ca_BFcol    0.00%    passed     99.87%
 156  AB0098-Cb_BFcol    0.00%    passed     99.95%
 157  AB0099-Ca_BFcol    0.00%    passed     99.62%
 158  AB0099-Cb_BFcol    0.00%    passed     93.82%
 159  AB0100-Ca_BFcol    0.00%    passed     98.69%
 160  AB0100-Cb_BFcol    0.00%    passed     95.09%
 161  AB0101-Ca_BFcol    0.00%    passed     88.43%
 162  AB0101-Cb_BFcol    0.00%    passed     98.44%
 163  AB0103-Ca_BFgam    0.00%    passed     92.65%
 164  AB0103-Cb_BFgam    0.00%    passed     98.69%
 165  AB0104-Ca_BFgam    0.00%    passed     92.81%
 166  AB0104-Cb_BFgam    0.00%    passed     99.01%
 167  AB0108-Ca_BFgam    0.00%    passed     93.03%
 168  AB0108-Cb_BFgam    0.00%    passed     97.67%
 169  AB0109-Ca_BFcol    0.00%    passed     92.81%
 170  AB0109-Cb_BFcol    0.00%    passed     98.69%
 171  AB0110-Ca_BFcol    0.00%    passed     99.98%
 172  AB0110-Cb_BFcol    0.00%    passed     97.78%
 173  AB0111-Ca_BFcol    0.00%    passed     99.62%
 174  AB0111-Cb_BFcol    0.00%    passed     96.78%
 175  AB0112-Ca_BFcol    0.00%    passed     98.76%
 176  AB0112-Cb_BFcol    0.00%    passed     99.87%
 177  AB0113-Ca_BFcol    0.00%    passed     98.74%
 178  AB0113-Cb_BFcol    0.00%    passed     99.87%
 179  AB0114-Ca_BFcol    0.00%    passed     99.31%
 180  AB0114-Cb_BFcol    0.00%    passed     99.15%
 181  AB0115-Ca_BFcol    0.00%    passed     99.15%
 182  AB0115-Cb_BFcol    0.00%    passed     89.43%
 183  AB0117-Ca_BFgam    0.00%    passed     99.95%
 184  AB0117-Cb_BFgam    0.00%    passed     99.46%
 185  AB0118-Ca_BFgam    0.00%    passed     91.11%
 186  AB0118-Cb_BFgam    0.00%    passed     93.21%
 187  AB0119-Ca_BFgam    0.00%    passed     93.06%
 188  AB0119-Cb_BFgam    0.00%    passed     91.61%
 189  AB0122-Ca_BFcol    0.00%    passed     99.80%
 190  AB0122-Cb_BFcol    0.00%    passed     95.06%
 191  AB0123-Ca_BFcol    0.00%    passed     98.44%
 192  AB0123-Cb_BFcol    0.00%    passed     97.93%
 193  AB0124-Ca_BFcol    0.00%    passed     94.62%
 194  AB0124-Cb_BFcol    0.00%    passed     97.40%
 195  AB0126-Ca_BFgam    0.00%    passed     99.69%
 196  AB0126-Cb_BFgam    0.00%    passed     96.54%
 197  AB0127-Ca_BFgam    0.00%    passed     98.44%
 198  AB0127-Cb_BFgam    0.00%    passed     95.96%
 199  AB0128-Ca_BFgam    0.00%    passed     99.98%
 200  AB0128-Cb_BFgam    0.00%    passed     99.56%
 201  AB0129-Ca_BFgam    0.00%    passed     99.54%
 202  AB0129-Cb_BFgam    0.00%    passed     99.87%
 203  AB0130-Ca_BFgam    0.00%    passed     98.13%
 204  AB0130-Cb_BFgam    0.00%    passed     99.48%
 205  AB0133-Ca_BFgam    0.00%    passed     98.13%
 206  AB0133-Cb_BFgam    0.00%    passed     99.87%
 207  AB0134-Ca_BFgam    0.00%    passed     99.46%
 208  AB0134-Cb_BFgam    0.00%    passed     99.81%
 209  AB0135-Ca_BFgam    0.00%    passed     96.71%
 210  AB0135-Cb_BFgam    0.00%    passed     85.50%
 211  AB0136-Ca_BFgam    0.00%    passed     99.81%
 212  AB0136-Cb_BFgam    0.00%    passed     98.03%
 213  AB0137-Ca_BFcol    0.00%    passed     99.69%
 214  AB0137-Cb_BFcol    0.00%    passed     98.98%
 215  AB0138-Ca_BFcol    0.00%    passed     99.80%
 216  AB0138-Cb_BFcol    0.00%    passed     96.78%
 217  AB0139-Ca_BFcol    0.00%    passed     99.46%
 218  AB0139-Cb_BFcol    0.00%    passed     99.80%
 219  AB0140-Ca_BFcol    0.00%    passed     99.81%
 220  AB0140-Cb_BFcol    0.00%    passed     98.30%
 221  AB0142-Ca_BFcol    0.00%    passed     99.54%
 222  AB0142-Cb_BFcol    0.00%    passed     99.31%
 223  AB0143-Ca_BFgam    0.00%    passed     97.75%
 224  AB0143-Cb_BFgam    0.00%    passed     98.69%
 225  AB0145-Ca_BFgam    0.00%    passed     99.87%
 226  AB0145-Cb_BFgam    0.00%    passed     99.49%
 227  AB0146-Ca_BFgam    0.00%    passed     98.45%
 228  AB0146-Cb_BFgam    0.00%    passed     98.01%
 229  AB0147-Ca_BFgam    0.00%    passed     94.16%
 230  AB0147-Cb_BFgam    0.00%    passed     99.69%
 231  AB0148-Ca_BFgam    0.00%    passed     82.40%
 232  AB0148-Cb_BFgam    0.00%    passed     98.36%
 233  AB0150-Ca_BFgam    0.00%    passed     99.49%
 234  AB0150-Cb_BFgam    0.00%    passed     99.87%
 235  AB0151-Ca_BFgam    0.00%    passed     98.36%
 236  AB0151-Cb_BFgam    0.00%    passed     97.12%
 237  AB0153-Ca_BFgam    0.00%    passed     99.15%
 238  AB0153-Cb_BFgam    0.00%    passed     94.33%
 239  AB0155-Ca_BFgam    0.00%    passed     99.00%
 240  AB0155-Cb_BFgam    0.00%    passed     99.15%
 241  AB0157-Ca_BFgam    0.00%    passed     99.87%
 242  AB0157-Cb_BFgam    0.00%    passed     99.49%
 243  AB0158-Ca_BFgam    0.00%    passed     99.87%
 244  AB0158-Cb_BFgam    0.00%    passed     98.44%
 245  AB0159-Ca_BFgam    0.00%    passed     99.64%
 246  AB0159-Cb_BFgam    0.00%    passed     99.69%
 247  AB0160-Ca_BFgam    0.00%    passed     96.38%
 248  AB0160-Cb_BFgam    0.00%    passed     99.15%
 249  AB0161-Ca_BFgam    0.00%    passed     99.01%
 250  AB0161-Cb_BFgam    0.00%    passed     99.28%
 251  AB0162-Ca_BFgam    0.00%    passed     93.58%
 252  AB0162-Cb_BFgam    0.00%    passed     98.44%
 253  AB0164-Ca_BFgam    0.00%    passed     95.96%
 254  AB0164-Cb_BFgam    0.00%    passed     99.81%
 255  AB0165-Ca_BFgam    0.00%    passed     97.74%
 256  AB0165-Cb_BFgam    0.00%    passed     97.78%
 257  AB0166-Ca_BFgam    0.00%    passed     99.81%
 258  AB0166-Cb_BFgam    0.00%    passed     90.00%
 259  AB0167-Ca_BFgam    0.00%    passed     98.24%
 260  AB0167-Cb_BFgam    0.00%    passed     99.69%
 261  AB0169-Ca_BFgam    0.00%    passed     99.26%
 262  AB0169-Cb_BFgam    0.00%    passed     99.69%
 263  AB0170-Ca_BFgam    0.00%    passed     97.46%
 264  AB0170-Cb_BFgam    0.00%    passed     96.83%
 265  AB0171-Ca_BFgam    0.00%    passed     83.56%
 266  AB0171-Cb_BFgam    0.00%    passed     93.89%
 267  AB0172-Ca_BFgam    0.00%    passed     99.56%
 268  AB0172-Cb_BFgam    0.00%    passed     98.13%
 269  AB0173-Ca_BFgam    0.00%    passed     99.62%
 270  AB0173-Cb_BFgam    0.00%    passed     96.83%
 271  AB0174-Ca_BFgam    0.00%    passed     95.75%
 272  AB0174-Cb_BFgam    0.00%    passed     97.80%
 273  AB0175-Ca_BFgam    0.00%    passed     97.78%
 274  AB0175-Cb_BFgam    0.00%    passed     99.15%
 275  AB0176-Ca_BFgam    0.00%    passed     99.22%
 276  AB0176-Cb_BFgam    0.00%    passed     99.01%
 277  AB0177-Ca_BFgam    0.00%    passed     96.78%
 278  AB0177-Cb_BFgam    0.00%    passed     99.81%
 279  AB0178-Ca_BFgam    0.00%    passed     99.64%
 280  AB0178-Cb_BFgam    0.00%    passed     90.97%
 281  AB0179-Ca_BFgam    0.00%    passed     94.42%
 282  AB0179-Cb_BFgam    0.00%    passed     88.00%
 283  AB0181-Ca_BFcol    0.00%    passed     99.46%
 284  AB0181-Cb_BFcol    0.00%    passed     99.81%
 285  AB0182-Ca_BFcol    0.00%    passed     94.67%
 286  AB0182-Cb_BFcol    0.00%    passed     89.43%
 287  AB0183-Ca_BFcol    0.00%    passed     98.44%
 288  AB0183-Cb_BFcol    0.00%    passed     99.81%
 289  AB0184-Ca_BFcol    0.00%    passed     90.97%
 290  AB0184-Cb_BFcol    0.00%    passed     96.78%
 291  AB0185-Ca_BFcol    0.00%    passed     79.69%
 292  AB0185-Cb_BFcol    0.00%    passed     94.06%
 293  AB0186-Ca_BFcol    0.00%    passed     99.62%
 294  AB0186-Cb_BFcol    0.00%    passed     98.01%
 295  AB0187-Ca_BFcol    0.00%    passed     93.16%
 296  AB0187-Cb_BFcol    0.00%    passed     97.23%
 297  AB0188-Ca_BFcol    0.00%    passed     97.40%
 298  AB0188-Cb_BFcol    0.00%    passed     97.80%
 299  AB0189-Ca_BFcol    0.00%    passed     97.92%
 300  AB0189-Cb_BFcol    0.00%    passed     99.87%
 301  AB0190-Ca_BFcol    0.00%    passed     97.93%
 302  AB0190-Cb_BFcol    0.00%    passed     90.67%
 303  AB0191-Ca_BFcol    0.00%    passed     91.80%
 304  AB0191-Cb_BFcol    0.00%    passed     99.69%
 305  AB0192-Ca_BFcol    0.00%    passed     87.42%
 306  AB0192-Cb_BFcol    0.00%    passed     98.69%
 307  AB0195-Ca_BFcol    0.00%    passed     97.80%
 308  AB0195-Cb_BFcol    0.00%    passed     95.52%
 309  AB0196-Ca_BFcol    0.00%    passed     98.44%
 310  AB0196-Cb_BFcol    0.00%    passed     94.62%
 311  AB0197-Ca_BFgam    0.00%    passed     88.69%
 312  AB0197-Cb_BFgam    0.00%    passed     99.31%
 313  AB0198-Ca_BFgam    0.00%    passed     99.22%
 314  AB0198-Cb_BFgam    0.00%    passed     94.18%
 315  AB0199-Ca_BFgam    0.00%    passed     93.40%
 316  AB0199-Cb_BFgam    0.00%    passed     99.81%
 317  AB0200-Ca_BFgam    0.00%    passed     84.22%
 318  AB0200-Cb_BFgam    0.00%    passed     88.78%
 319  AB0201-Ca_BFgam    0.00%    passed     99.48%
 320  AB0201-Cb_BFgam    0.00%    passed     96.54%
 321  AB0202-Ca_BFgam    0.00%    passed     99.31%
 322  AB0202-Cb_BFgam    0.00%    passed     94.06%
 323  AB0203-Ca_BFgam    0.00%    passed     99.81%
 324  AB0203-Cb_BFgam    0.00%    passed     99.81%
 325  AB0204-Ca_BFcol    0.00%    passed     99.62%
 326  AB0204-Cb_BFcol    0.00%    passed     98.69%
 327  AB0205-Ca_BFgam    0.00%    passed     95.37%
 328  AB0205-Cb_BFgam    0.00%    passed     98.76%
 329  AB0206-Ca_BFgam    0.00%    passed     93.82%
 330  AB0206-Cb_BFgam    0.00%    passed     97.40%
 331  AB0207-Ca_BFgam    0.00%    passed     95.84%
 332  AB0207-Cb_BFgam    0.00%    passed     97.67%
 333  AB0208-Ca_BFgam    0.00%    passed     99.49%
 334  AB0208-Cb_BFgam    0.00%    passed     99.87%
 335  AB0209-Ca_BFcol    0.00%    passed     99.48%
 336  AB0209-Cb_BFcol    0.00%    passed     98.28%
 337  AB0210-Ca_BFcol    0.00%    passed     95.52%
 338  AB0210-Cb_BFcol    0.00%    passed     97.46%
 339  AB0211-Ca_BFgam    0.00%    passed     96.29%
 340  AB0211-Cb_BFgam    0.00%    passed     98.44%
 341  AB0212-Ca_BFcol    0.00%    passed     99.15%
 342  AB0212-Cb_BFcol    0.00%    passed     98.77%
 343  AB0213-Ca_BFcol    0.00%    passed     95.75%
 344  AB0213-Cb_BFcol    0.00%    passed     97.10%
 345  AB0215-Ca_BFcol    0.00%    passed     99.48%
 346  AB0215-Cb_BFcol    0.00%    passed     93.58%
 347  AB0217-Ca_BFgam    0.00%    passed     96.29%
 348  AB0217-Cb_BFgam    0.00%    passed     99.56%
 349  AB0218-Ca_BFgam    0.00%    passed     99.98%
 350  AB0218-Cb_BFgam    0.00%    passed     97.10%
 351  AB0219-Ca_BFcol    0.00%    passed     86.74%
 352  AB0219-Cb_BFcol    0.00%    passed     99.15%
 353  AB0221-Ca_BFcol    0.00%    passed     98.36%
 354  AB0221-Cb_BFcol    0.00%    passed     98.28%
 355  AB0222-Ca_BFcol    0.00%    passed     95.32%
 356  AB0222-Cb_BFcol    0.00%    passed     96.65%
 357  AB0223-Ca_BFcol    0.00%    passed     98.28%
 358  AB0223-Cb_BFcol    0.00%    passed     93.40%
 359  AB0224-Ca_BFcol    0.00%    passed     99.95%
 360  AB0224-Cb_BFcol    0.00%    passed     99.15%
 361  AB0226-Ca_BFcol    0.00%    passed     97.46%
 362  AB0226-Cb_BFcol    0.00%    passed     99.81%
 363  AB0227-Ca_BFcol    0.00%    passed     93.58%
 364  AB0227-Cb_BFcol    0.00%    passed     99.98%
 365  AB0228-Ca_BFgam    0.00%    passed     89.41%
 366  AB0228-Cb_BFgam    0.00%    passed     98.30%
 367  AB0229-Ca_BFcol    0.00%    passed     98.69%
 368  AB0229-Cb_BFcol    0.00%    passed     98.24%
 369  AB0231-Ca_BFgam    0.00%    passed     98.44%
 370  AB0231-Cb_BFgam    0.00%    passed     99.31%
 371  AB0232-Ca_BFgam    0.00%    passed     99.15%
 372  AB0232-Cb_BFgam    0.00%    passed     91.96%
 373  AB0233-Ca_BFgam    0.00%    passed     94.77%
 374  AB0233-Cb_BFgam    0.00%    passed     98.44%
 375  AB0234-Ca_BFcol    0.00%    passed     98.24%
 376  AB0234-Cb_BFcol    0.00%    passed     90.71%
 377  AB0235-Ca_BFgam    0.00%    passed     95.85%
 378  AB0235-Cb_BFgam    0.00%    passed     99.81%
 379  AB0236-Ca_BFgam    0.00%    passed     75.17%
 380  AB0236-Cb_BFgam    0.00%    passed     98.76%
 381  AB0237-Ca_BFcol    0.00%    passed     96.07%
 382  AB0237-Cb_BFcol    0.00%    passed     96.29%
 383  AB0238-Ca_BFgam    0.00%    passed     99.87%
 384  AB0238-Cb_BFgam    0.00%    passed     99.49%
 385  AB0239-Ca_BFgam    0.00%    passed     99.54%
 386  AB0239-Cb_BFgam    0.00%    passed     99.15%
 387  AB0240-Ca_BFcol    0.00%    passed     97.93%
 388  AB0240-Cb_BFcol    0.00%    passed     96.71%
 389  AB0241-Ca_BFgam    0.00%    passed     98.01%
 390  AB0241-Cb_BFgam    0.00%    passed     98.45%
 391  AB0242-Ca_BFcol    0.00%    passed     98.69%
 392  AB0242-Cb_BFcol    0.00%    passed     94.87%
 393  AB0243-Ca_BFcol    0.00%    passed     98.45%
 394  AB0243-Cb_BFcol    0.00%    passed     94.62%
 395  AB0244-Ca_BFgam    0.00%    passed     98.28%
 396  AB0244-Cb_BFgam    0.00%    passed     92.21%
 397  AB0246-Ca_BFcol    0.00%    passed     96.07%
 398  AB0246-Cb_BFcol    0.00%    passed     99.01%
 399  AB0247-Ca_BFcol    0.00%    passed     98.74%
 400  AB0247-Cb_BFcol    0.00%    passed     98.69%
 401  AB0248-Ca_BFcol    0.00%    passed     98.69%
 402  AB0248-Cb_BFcol    0.00%    passed     99.81%
 403  AB0249-Ca_BFcol    0.00%    passed     99.15%
 404  AB0249-Cb_BFcol    0.00%    passed     99.01%
 405  AB0250-Ca_BFcol    0.00%    passed     98.03%
 406  AB0250-Cb_BFcol    0.00%    passed     97.40%
 407  AB0251-Ca_BFgam    0.00%    passed     98.69%
 408  AB0251-Cb_BFgam    0.00%    passed     99.31%
 409  AB0252-Ca_BFgam    0.00%    passed     96.78%
 410  AB0252-Cb_BFgam    0.00%    passed     98.45%
 411  AB0253-Ca_BFgam    0.00%    passed     99.29%
 412  AB0253-Cb_BFgam    0.00%    passed     93.16%
 413  AB0255-Ca_BFgam    0.00%    passed     93.03%
 414  AB0255-Cb_BFgam    0.00%    passed     98.77%
 415  AB0256-Ca_BFgam    0.00%    passed     99.31%
 416  AB0256-Cb_BFgam    0.00%    passed     92.86%
 417  AB0257-Ca_BFcol    0.00%    passed     96.38%
 418  AB0257-Cb_BFcol    0.00%    passed     99.69%
 419  AB0258-Ca_BFcol    0.00%    passed     92.81%
 420  AB0258-Cb_BFcol    0.00%    passed     92.79%
 421  AB0260-Ca_BFgam    0.00%    passed     99.69%
 422  AB0260-Cb_BFgam    0.00%    passed     99.56%
 423  AB0261-Ca_BFgam    0.00%    passed     84.60%
 424  AB0261-Cb_BFgam    0.00%    passed     91.28%
 425  AB0262-Ca_BFcol    0.00%    passed     96.96%
 426  AB0262-Cb_BFcol    0.00%    passed     99.98%
 427  AB0263-Ca_BFcol    0.00%    passed     99.69%
 428  AB0263-Cb_BFcol    0.00%    passed     97.12%
 429  AB0264-Ca_BFgam    0.00%    passed     98.36%
 430  AB0264-Cb_BFgam    0.00%    passed     96.68%
 431  AB0265-Ca_BFgam    0.00%    passed     99.54%
 432  AB0265-Cb_BFgam    0.00%    passed     91.96%
 433  AB0266-Ca_BFcol    0.00%    passed     93.03%
 434  AB0266-Cb_BFcol    0.00%    passed     99.48%
 435  AB0267-Ca_BFcol    0.00%    passed     98.44%
 436  AB0267-Cb_BFcol    0.00%    passed     98.30%
 437  AB0268-Ca_BFgam    0.00%    passed     91.15%
 438  AB0268-Cb_BFgam    0.00%    passed     99.64%
 439  AB0270-Ca_BFgam    0.00%    passed     97.67%
 440  AB0270-Cb_BFgam    0.00%    passed     99.22%
 441  AB0271-Ca_BFgam    0.00%    passed     98.98%
 442  AB0271-Cb_BFgam    0.00%    passed     99.56%
 443  AB0272-Ca_BFgam    0.00%    passed     96.07%
 444  AB0272-Cb_BFgam    0.00%    passed     74.13%
 445  AB0273-Ca_BFgam    0.00%    passed     86.00%
 446  AB0273-Cb_BFgam    0.00%    passed     96.71%
 447  AB0274-Ca_BFgam    0.00%    passed     98.36%
 448  AB0274-Cb_BFgam    0.00%    passed     99.87%
 449  AB0275-Ca_BFgam    0.00%    passed     97.67%
 450  AB0275-Cb_BFgam    0.00%    passed     94.33%
 451  AB0276-Ca_BFcol    0.00%    passed     98.01%
 452  AB0276-Cb_BFcol    0.00%    passed     99.31%
 453  AB0277-Ca_BFgam    0.00%    passed     96.78%
 454  AB0277-Cb_BFgam    0.00%    passed     96.08%
 455  AB0278-Ca_BFgam    0.00%    passed     94.94%
 456  AB0278-Cb_BFgam    0.00%    passed     91.11%
 457  AB0279-Ca_BFcol    0.00%    passed     99.98%
 458  AB0279-Cb_BFcol    0.00%    passed     98.03%
 459  AB0280-Ca_BFgam    0.00%    passed     98.01%
 460  AB0280-Cb_BFgam    0.00%    passed     99.56%
 461  AB0281-Ca_BFgam    0.00%    passed     99.28%
 462  AB0281-Cb_BFgam    0.00%    passed     87.66%
 463  AB0282-Ca_BFcol    0.00%    passed     95.75%
 464  AB0282-Cb_BFcol    0.00%    passed     98.45%
 465  AB0283-Ca_BFgam    0.00%    passed     88.82%
 466  AB0283-Cb_BFgam    0.00%    passed     97.92%
 467  AB0284-Ca_BFgam    0.00%    passed     97.77%
 468  AB0284-Cb_BFgam    0.00%    passed     96.78%
 469  AV0001-Ca_GNgam    0.00%    passed     94.46%
 470  AV0001-Cb_GNgam    0.00%    passed     97.80%
 471  AV0002-Ca_GNgam    0.00%    passed     99.56%
 472  AV0002-Cb_GNgam    0.00%    passed     98.01%
 473  AV0003-Ca_GNgam    0.00%    passed     98.44%
 474  AV0003-Cb_GNgam    0.00%    passed     99.81%
 475  AV0004-Ca_GNgam    0.00%    passed     98.98%
 476  AV0004-Cb_GNgam    0.00%    passed     92.96%
 477  AV0005-Ca_GNgam    0.00%    passed     99.87%
 478  AV0005-Cb_GNgam    0.00%    passed     99.49%
 479  AV0006-Ca_GNgam    0.00%    passed     95.40%
 480  AV0006-Cb_GNgam    0.00%    passed     96.07%
 481  AV0007-Ca_GNgam    0.00%    passed     97.92%
 482  AV0007-Cb_GNgam    0.00%    passed     99.48%
 483  AV0008-Ca_GNgam    0.00%    passed     98.98%
 484  AV0008-Cb_GNgam    0.00%    passed     97.92%
 485  AV0009-Ca_GNgam    0.00%    passed     98.69%
 486  AV0009-Cb_GNgam    0.00%    passed     99.81%
 487  AV0010-Ca_GNgam    0.00%    passed     98.66%
 488  AV0010-Cb_GNgam    0.00%    passed     98.44%
 489  AV0011-Ca_GNgam    0.00%    passed     93.58%
 490  AV0011-Cb_GNgam    0.00%    passed     75.30%
 491  AV0012-Ca_GNgam    0.00%    passed     99.56%
 492  AV0012-Cb_GNgam    0.00%    passed     97.93%
 493  AV0013-Ca_GNgam    0.00%    passed     99.15%
 494  AV0013-Cb_GNgam    0.00%    passed     97.23%
 495  AV0014-Ca_GNgam    0.00%    passed     99.98%
 496  AV0014-Cb_GNgam    0.00%    passed     99.28%
 497  AV0015-Ca_GNgam    0.00%    passed     96.07%
 498  AV0015-Cb_GNgam    0.00%    passed     99.69%
 499  AV0017-Ca_GNgam    0.00%    passed     93.79%
 500  AV0017-Cb_GNgam    0.00%    passed     98.76%
 501  AV0018-Ca_GNgam    0.00%    passed     97.67%
 502  AV0018-Cb_GNgam    0.00%    passed     82.05%
 503  AV0020-Ca_GNgam    0.00%    passed     95.37%
 504  AV0020-Cb_GNgam    0.00%    passed     99.95%
 505  AV0021-Ca_GNgam    0.00%    passed     97.36%
 506  AV0021-Cb_GNgam    0.00%    passed     99.22%
 507  AV0022-Ca_GNgam    0.00%    passed     99.81%
 508  AV0022-Cb_GNgam    0.00%    passed     96.18%
 509  AV0024-Ca_GNgam    0.00%    passed     99.48%
 510  AV0024-Cb_GNgam    0.00%    passed     98.36%
 511  AV0025-Ca_GNgam    0.00%    passed     97.23%
 512  AV0025-Cb_GNgam    0.00%    passed     99.00%
 513  AV0026-Ca_GNgam    0.00%    passed     98.03%
 514  AV0026-Cb_GNgam    0.00%    passed     95.40%
 515  AV0027-Ca_GNgam    0.00%    passed     99.15%
 516  AV0027-Cb_GNgam    0.00%    passed     90.95%
 517  AV0028-Ca_GNgam    0.00%    passed     89.13%
 518  AV0028-Cb_GNgam    0.00%    passed     99.01%
 519  AV0029-Ca_GNgam    0.00%    passed     99.49%
 520  AV0029-Cb_GNgam    0.00%    passed     87.57%
 521  AV0030-Ca_GNgam    0.00%    passed     98.81%
 522  AV0030-Cb_GNgam    0.00%    passed     98.01%
 523  AV0031-Ca_GNgam    0.00%    passed     99.69%
 524  AV0031-Cb_GNgam    0.00%    passed     99.29%
 525  AV0032-Ca_GNgam    0.00%    passed     98.77%
 526  AV0032-Cb_GNgam    0.00%    passed     98.69%
 527  AV0033-Ca_GNgam    0.00%    passed     96.38%
 528  AV0033-Cb_GNgam    0.00%    passed     99.62%
 529  AV0034-Ca_GNgam    0.00%    passed     95.57%
 530  AV0034-Cb_GNgam    0.00%    passed     97.60%
 531  AV0035-Ca_GNgam    0.00%    passed     99.98%
 532  AV0035-Cb_GNgam    0.00%    passed     94.42%
 533  AV0036-Ca_GNgam    0.00%    passed     96.96%
 534  AV0036-Cb_GNgam    0.00%    passed     98.30%
 535  AV0037-Ca_GNgam    0.00%    passed     99.15%
 536  AV0037-Cb_GNgam    0.00%    passed     95.33%
 537  AV0039-Ca_GNgam    0.00%    passed     98.98%
 538  AV0039-Cb_GNgam    0.00%    passed     98.98%
 539  AV0041-Ca_GNgam    0.00%    passed     99.15%
 540  AV0041-Cb_GNgam    0.00%    passed     98.44%
 541  AV0043-Ca_GNgam    0.00%    passed     97.22%
 542  AV0043-Cb_GNgam    0.00%    passed     87.36%
 543  AV0044-Ca_GNgam    0.00%    passed     99.69%
 544  AV0044-Cb_GNgam    0.00%    passed     97.40%
 545  AV0045-Ca_GNgam    0.00%    passed     96.54%
 546  AV0045-Cb_GNgam    0.00%    passed     98.36%
 547  AV0047-Ca_GNgam    0.00%    passed     99.95%
 548  AV0047-Cb_GNgam    0.00%    passed     99.29%
 549  AY0006-Ca_CIcol    0.00%    passed     96.52%
 550  AY0006-Cb_CIcol    0.00%    passed     94.01%
 551  AY0007-Ca_CIcol    0.00%    passed     99.87%
 552  AY0007-Cb_CIcol    0.00%    passed     99.49%
 553  AY0010-Ca_CIcol    0.00%    passed     95.75%
 554  AY0010-Cb_CIcol    0.00%    passed     97.12%
 555  AY0011-Ca_CIcol    0.00%    passed     99.69%
 556  AY0011-Cb_CIcol    0.00%    passed     99.81%
 557  AY0012-Ca_CIcol    0.00%    passed     96.52%
 558  AY0012-Cb_CIcol    0.00%    passed     99.98%
 559  AY0013-Ca_CIcol    0.00%    passed     99.49%
 560  AY0013-Cb_CIcol    0.00%    passed     99.81%
 561  AY0015-Ca_CIcol    0.00%    passed     99.81%
 562  AY0015-Cb_CIcol    0.00%    passed     93.40%
 563  AY0016-Ca_CIcol    0.00%    passed     97.60%
 564  AY0016-Cb_CIcol    0.00%    passed     98.45%
 565  AY0017-Ca_CIcol    0.00%    passed     94.56%
 566  AY0017-Cb_CIcol    0.00%    passed     98.60%
 567  AY0018-Ca_CIcol    0.00%    passed     99.81%
 568  AY0018-Cb_CIcol    0.00%    passed     93.03%
 569  AY0019-Ca_CIcol    0.00%    passed     99.87%
 570  AY0019-Cb_CIcol    0.00%    passed     99.00%
 571  AY0020-Ca_CIcol    0.00%    passed     99.95%
 572  AY0020-Cb_CIcol    0.00%    passed     99.15%
 573  AY0021-Ca_CIcol    0.00%    passed     99.62%
 574  AY0021-Cb_CIcol    0.00%    passed     98.45%
 575  AY0023-Ca_CIcol    0.00%    passed     98.74%
 576  AY0023-Cb_CIcol    0.00%    passed     98.44%
 577  AY0024-Ca_CIcol    0.00%    passed     98.98%
 578  AY0024-Cb_CIcol    0.00%    passed     98.30%
 579  AY0025-Ca_CIcol    0.00%    passed     99.48%
 580  AY0025-Cb_CIcol    0.00%    passed     97.60%
 581  AY0026-Ca_CIcol    0.00%    passed     92.21%
 582  AY0026-Cb_CIcol    0.00%    passed     94.77%
 583  AY0027-Ca_CIcol    0.00%    passed     96.65%
 584  AY0027-Cb_CIcol    0.00%    passed     99.15%
 585  AY0029-Ca_CIcol    0.00%    passed     99.01%
 586  AY0029-Cb_CIcol    0.00%    passed     99.15%
 587  AY0031-Ca_CIcol    0.00%    passed     99.95%
 588  AY0031-Cb_CIcol    0.00%    passed     99.49%
 589  AY0032-Ca_CIcol    0.00%    passed     92.06%
 590  AY0032-Cb_CIcol    0.00%    passed     99.98%
 591  AY0033-Ca_CIcol    0.00%    passed     97.06%
 592  AY0033-Cb_CIcol    0.00%    passed     99.01%
 593  AY0034-Ca_CIcol    0.00%    passed     95.90%
 594  AY0034-Cb_CIcol    0.00%    passed     98.76%
 595  AY0035-Ca_CIcol    0.00%    passed     99.81%
 596  AY0035-Cb_CIcol    0.00%    passed     92.79%
 597  AY0036-Ca_CIcol    0.00%    passed     98.24%
 598  AY0036-Cb_CIcol    0.00%    passed     95.90%
 599  AY0038-Ca_CIcol    0.00%    passed     97.94%
 600  AY0038-Cb_CIcol    0.00%    passed     99.49%
 601  AY0039-Ca_CIcol    0.00%    passed     98.76%
 602  AY0039-Cb_CIcol    0.00%    passed     99.81%
 603  AY0040-Ca_CIcol    0.00%    passed     97.92%
 604  AY0040-Cb_CIcol    0.00%    passed     99.69%
 605  AY0041-Ca_CIcol    0.00%    passed     98.26%
 606  AY0041-Cb_CIcol    0.00%    passed     99.48%
 607  AY0042-Ca_CIcol    0.00%    passed     97.77%
 608  AY0042-Cb_CIcol    0.00%    passed     96.07%
 609  AY0043-Ca_CIcol    0.00%    passed     93.71%
 610  AY0043-Cb_CIcol    0.00%    passed     98.44%
 611  AY0045-Ca_CIcol    0.00%    passed     97.40%
 612  AY0045-Cb_CIcol    0.00%    passed     97.46%
 613  AY0046-Ca_CIcol    0.00%    passed     94.77%
 614  AY0046-Cb_CIcol    0.00%    passed     93.03%
 615  AY0047-Ca_CIcol    0.00%    passed     99.28%
 616  AY0047-Cb_CIcol    0.00%    passed     98.60%
 617  AY0048-Ca_CIcol    0.00%    passed     99.98%
 618  AY0048-Cb_CIcol    0.00%    passed     99.87%
 619  AY0049-Ca_CIcol    0.00%    passed     94.77%
 620  AY0049-Cb_CIcol    0.00%    passed     97.77%
 621  AY0050-Ca_CIcol    0.00%    passed     99.87%
 622  AY0050-Cb_CIcol    0.00%    passed     96.65%
 623  AY0052-Ca_CIcol    0.00%    passed     99.49%
 624  AY0052-Cb_CIcol    0.00%    passed     99.87%
 625  AY0053-Ca_CIcol    0.00%    passed     98.24%
 626  AY0053-Cb_CIcol    0.00%    passed     94.77%
 627  AY0054-Ca_CIcol    0.00%    passed     97.60%
 628  AY0054-Cb_CIcol    0.00%    passed     94.77%
 629  AY0055-Ca_CIcol    0.00%    passed     99.49%
 630  AY0055-Cb_CIcol    0.00%    passed     99.87%
 631  AY0056-Ca_CIcol    0.00%    passed     99.62%
 632  AY0056-Cb_CIcol    0.00%    passed     98.28%
 633  AY0057-Ca_CIcol    0.00%    passed     96.19%
 634  AY0057-Cb_CIcol    0.00%    passed     93.06%
 635  AY0058-Ca_CIcol    0.00%    passed     98.44%
 636  AY0058-Cb_CIcol    0.00%    passed     96.52%
 637  AY0059-Ca_CIcol    0.00%    passed     94.42%
 638  AY0059-Cb_CIcol    0.00%    passed     90.95%
 639  AY0060-Ca_CIcol    0.00%    passed     99.54%
 640  AY0060-Cb_CIcol    0.00%    passed     96.18%
 641  AY0061-Ca_CIcol    0.00%    passed     99.87%
 642  AY0061-Cb_CIcol    0.00%    passed     99.49%
 643  AY0062-Ca_CIcol    0.00%    passed     98.60%
 644  AY0062-Cb_CIcol    0.00%    passed     99.00%
 645  AY0063-Ca_CIcol    0.00%    passed     99.98%
 646  AY0063-Cb_CIcol    0.00%    passed     90.95%
 647  AY0064-Ca_CIcol    0.00%    passed     99.49%
 648  AY0064-Cb_CIcol    0.00%    passed     99.87%
 649  AY0065-Ca_CIcol    0.00%    passed     95.75%
 650  AY0065-Cb_CIcol    0.00%    passed     94.67%
 651  AY0066-Ca_CIcol    0.00%    passed     97.40%
 652  AY0066-Cb_CIcol    0.00%    passed     97.93%
 653  AY0067-Ca_CIcol    0.00%    passed     99.95%
 654  AY0067-Cb_CIcol    0.00%    passed     97.74%
 655  AY0068-Ca_CIcol    0.00%    passed     99.98%
 656  AY0068-Cb_CIcol    0.00%    passed     92.79%
 657  AY0069-Ca_CIcol    0.00%    passed     99.49%
 658  AY0069-Cb_CIcol    0.00%    passed     99.87%
 659  AY0070-Ca_CIcol    0.00%    passed     97.94%
 660  AY0070-Cb_CIcol    0.00%    passed     99.49%
 661  AY0072-Ca_CIcol    0.00%    passed     98.44%
 662  AY0072-Cb_CIcol    0.00%    passed     99.56%
 663  AY0074-Ca_CIcol    0.00%    passed     98.44%
 664  AY0074-Cb_CIcol    0.00%    passed     98.60%
 665  AY0076-Ca_CIcol    0.00%    passed     99.49%
 666  AY0076-Cb_CIcol    0.00%    passed     99.87%
 667  AY0077-Ca_CIcol    0.00%    passed     98.77%
 668  AY0077-Cb_CIcol    0.00%    passed     98.81%
 669  AY0078-Ca_CIcol    0.00%    passed     96.38%
 670  AY0078-Cb_CIcol    0.00%    passed     95.06%
 671  AY0079-Ca_CIcol    0.00%    passed     99.49%
 672  AY0079-Cb_CIcol    0.00%    passed     99.87%
 673  AY0080-Ca_CIcol    0.00%    passed     99.69%
 674  AY0080-Cb_CIcol    0.00%    passed     99.64%
 675  AY0082-Ca_CIcol    0.00%    passed     97.23%
 676  AY0082-Cb_CIcol    0.00%    passed     99.87%
 677  AY0083-Ca_CIcol    0.00%    passed     97.94%
 678  AY0083-Cb_CIcol    0.00%    passed     96.68%
 679  AY0085-Ca_CIcol    0.00%    passed     99.26%
 680  AY0085-Cb_CIcol    0.00%    passed     99.54%
 681  AY0087-Ca_CIcol    0.00%    passed     92.06%
 682  AY0087-Cb_CIcol    0.00%    passed     99.26%
 683  AY0088-Ca_CIcol    0.00%    passed     99.29%
 684  AY0088-Cb_CIcol    0.00%    passed     98.76%
 685  AY0089-Ca_CIcol    0.00%    passed     99.56%
 686  AY0089-Cb_CIcol    0.00%    passed     98.30%
 687  AY0090-Ca_CIcol    0.00%    passed     99.87%
 688  AY0090-Cb_CIcol    0.00%    passed     93.09%
 689  AY0091-Ca_CIcol    0.00%    passed     99.49%
 690  AY0091-Cb_CIcol    0.00%    passed     99.87%
****  TOTAL              0.00%  0 sequences failed composition chi2 test (p-value<5%; df=3)
NOTE: AA0139-Ca_GHcol is identical to AA0041-Cb_GHcol but kept for subsequent analysis
NOTE: AA0048-Cb_GHgam is identical to AA0048-Ca_GHgam but kept for subsequent analysis
NOTE: AB0227-Cb_BFcol is identical to AA0054-Cb_GHcol but kept for subsequent analysis
NOTE: AY0033-Cb_CIcol is identical to AA0072-Ca_GHgam but kept for subsequent analysis
NOTE: AA0104-Ca_GHcol is identical to AA0087-Ca_GHcol but kept for subsequent analysis
NOTE: AB0153-Ca_BFgam is identical to AA0096-Cb_GHgam but kept for subsequent analysis
NOTE: AA0140-Cb_GHcol is identical to AA0098-Ca_GHcol but kept for subsequent analysis
NOTE: AB0159-Cb_BFgam is identical to AA0103-Ca_GHcol but kept for subsequent analysis
NOTE: AB0095-Ca_BFcol is identical to AA0125-Ca_GHcol but kept for subsequent analysis
NOTE: AV0026-Ca_GNgam is identical to AA0133-Cb_GHgam but kept for subsequent analysis
NOTE: AB0164-Cb_BFgam is identical to AB0085-Ca_BFgam but kept for subsequent analysis
NOTE: AB0186-Ca_BFcol is identical to AB0099-Ca_BFcol but kept for subsequent analysis
NOTE: AB0143-Cb_BFgam is identical to AB0100-Ca_BFcol but kept for subsequent analysis
NOTE: AB0133-Cb_BFgam is identical to AB0113-Cb_BFcol but kept for subsequent analysis
NOTE: AB0182-Cb_BFcol is identical to AB0115-Cb_BFcol but kept for subsequent analysis
NOTE: AB0136-Ca_BFgam is identical to AB0134-Cb_BFgam but kept for subsequent analysis
NOTE: AB0241-Cb_BFgam is identical to AB0146-Ca_BFgam but kept for subsequent analysis
NOTE: AB0260-Ca_BFgam is identical to AB0147-Cb_BFgam but kept for subsequent analysis
NOTE: AV0033-Ca_GNgam is identical to AB0160-Ca_BFgam but kept for subsequent analysis
NOTE: AB0260-Cb_BFgam is identical to AB0172-Ca_BFgam but kept for subsequent analysis
NOTE: AY0013-Cb_CIcol is identical to AB0199-Cb_BFgam but kept for subsequent analysis
NOTE: AY0058-Ca_CIcol is identical to AB0211-Cb_BFgam but kept for subsequent analysis
NOTE: AB0266-Cb_BFcol is identical to AB0215-Ca_BFcol but kept for subsequent analysis
NOTE: AB0264-Ca_BFgam is identical to AB0221-Ca_BFcol but kept for subsequent analysis
NOTE: AY0048-Ca_CIcol is identical to AY0012-Cb_CIcol but kept for subsequent analysis
NOTE: AY0025-Cb_CIcol is identical to AY0016-Ca_CIcol but kept for subsequent analysis
NOTE: AY0089-Cb_CIcol is identical to AY0024-Cb_CIcol but kept for subsequent analysis
NOTE: AY0068-Cb_CIcol is identical to AY0035-Cb_CIcol but kept for subsequent analysis
NOTE: AY0070-Ca_CIcol is identical to AY0038-Ca_CIcol but kept for subsequent analysis
NOTE: 58 identical sequences (see below) will be ignored for subsequent analysis
NOTE: AA0050-Ca_GHgam (identical to AA0048-Ca_GHgam) is ignored but added at the end
NOTE: AA0050-Cb_GHgam (identical to AA0048-Ca_GHgam) is ignored but added at the end
NOTE: AA0060-Ca_GHgam (identical to AA0048-Ca_GHgam) is ignored but added at the end
NOTE: AA0060-Cb_GHgam (identical to AA0048-Ca_GHgam) is ignored but added at the end
NOTE: AA0061-Ca_GHgam (identical to AA0048-Ca_GHgam) is ignored but added at the end
NOTE: AA0061-Cb_GHgam (identical to AA0048-Ca_GHgam) is ignored but added at the end
NOTE: AA0084-Ca_GHgam (identical to AA0048-Ca_GHgam) is ignored but added at the end
NOTE: AA0084-Cb_GHgam (identical to AA0048-Ca_GHgam) is ignored but added at the end
NOTE: AA0108-Ca_GHgam (identical to AA0048-Ca_GHgam) is ignored but added at the end
NOTE: AA0108-Cb_GHgam (identical to AA0048-Ca_GHgam) is ignored but added at the end
NOTE: AB0145-Cb_BFgam (identical to AA0048-Ca_GHgam) is ignored but added at the end
NOTE: AB0150-Ca_BFgam (identical to AA0048-Ca_GHgam) is ignored but added at the end
NOTE: AB0157-Cb_BFgam (identical to AA0048-Ca_GHgam) is ignored but added at the end
NOTE: AB0208-Ca_BFgam (identical to AA0048-Ca_GHgam) is ignored but added at the end
NOTE: AB0238-Cb_BFgam (identical to AA0048-Ca_GHgam) is ignored but added at the end
NOTE: AV0005-Cb_GNgam (identical to AA0048-Ca_GHgam) is ignored but added at the end
NOTE: AV0029-Ca_GNgam (identical to AA0048-Ca_GHgam) is ignored but added at the end
NOTE: AY0007-Cb_CIcol (identical to AA0048-Ca_GHgam) is ignored but added at the end
NOTE: AY0013-Ca_CIcol (identical to AA0048-Ca_GHgam) is ignored but added at the end
NOTE: AY0031-Cb_CIcol (identical to AA0048-Ca_GHgam) is ignored but added at the end
NOTE: AY0038-Cb_CIcol (identical to AA0048-Ca_GHgam) is ignored but added at the end
NOTE: AY0052-Ca_CIcol (identical to AA0048-Ca_GHgam) is ignored but added at the end
NOTE: AY0055-Ca_CIcol (identical to AA0048-Ca_GHgam) is ignored but added at the end
NOTE: AY0061-Cb_CIcol (identical to AA0048-Ca_GHgam) is ignored but added at the end
NOTE: AY0064-Ca_CIcol (identical to AA0048-Ca_GHgam) is ignored but added at the end
NOTE: AY0069-Ca_CIcol (identical to AA0048-Ca_GHgam) is ignored but added at the end
NOTE: AY0070-Cb_CIcol (identical to AA0048-Ca_GHgam) is ignored but added at the end
NOTE: AY0076-Ca_CIcol (identical to AA0048-Ca_GHgam) is ignored but added at the end
NOTE: AY0079-Ca_CIcol (identical to AA0048-Ca_GHgam) is ignored but added at the end
NOTE: AY0091-Ca_CIcol (identical to AA0048-Ca_GHgam) is ignored but added at the end
NOTE: AY0080-Ca_CIcol (identical to AA0103-Ca_GHcol) is ignored but added at the end
NOTE: AB0177-Cb_BFgam (identical to AB0085-Ca_BFgam) is ignored but added at the end
NOTE: AB0203-Ca_BFgam (identical to AB0085-Ca_BFgam) is ignored but added at the end
NOTE: AY0021-Ca_CIcol (identical to AB0099-Ca_BFcol) is ignored but added at the end
NOTE: AB0145-Ca_BFgam (identical to AB0113-Cb_BFcol) is ignored but added at the end
NOTE: AB0150-Cb_BFgam (identical to AB0113-Cb_BFcol) is ignored but added at the end
NOTE: AB0157-Ca_BFgam (identical to AB0113-Cb_BFcol) is ignored but added at the end
NOTE: AB0158-Ca_BFgam (identical to AB0113-Cb_BFcol) is ignored but added at the end
NOTE: AB0208-Cb_BFgam (identical to AB0113-Cb_BFcol) is ignored but added at the end
NOTE: AB0238-Ca_BFgam (identical to AB0113-Cb_BFcol) is ignored but added at the end
NOTE: AV0005-Ca_GNgam (identical to AB0113-Cb_BFcol) is ignored but added at the end
NOTE: AY0007-Ca_CIcol (identical to AB0113-Cb_BFcol) is ignored but added at the end
NOTE: AY0048-Cb_CIcol (identical to AB0113-Cb_BFcol) is ignored but added at the end
NOTE: AY0052-Cb_CIcol (identical to AB0113-Cb_BFcol) is ignored but added at the end
NOTE: AY0055-Cb_CIcol (identical to AB0113-Cb_BFcol) is ignored but added at the end
NOTE: AY0061-Ca_CIcol (identical to AB0113-Cb_BFcol) is ignored but added at the end
NOTE: AY0064-Cb_CIcol (identical to AB0113-Cb_BFcol) is ignored but added at the end
NOTE: AY0069-Cb_CIcol (identical to AB0113-Cb_BFcol) is ignored but added at the end
NOTE: AY0076-Cb_CIcol (identical to AB0113-Cb_BFcol) is ignored but added at the end
NOTE: AY0079-Cb_CIcol (identical to AB0113-Cb_BFcol) is ignored but added at the end
NOTE: AY0082-Cb_CIcol (identical to AB0113-Cb_BFcol) is ignored but added at the end
NOTE: AY0090-Ca_CIcol (identical to AB0113-Cb_BFcol) is ignored but added at the end
NOTE: AY0091-Cb_CIcol (identical to AB0113-Cb_BFcol) is ignored but added at the end
NOTE: AB0235-Cb_BFgam (identical to AB0134-Cb_BFgam) is ignored but added at the end
NOTE: AY0018-Ca_CIcol (identical to AB0134-Cb_BFgam) is ignored but added at the end
NOTE: AY0016-Cb_CIcol (identical to AB0146-Ca_BFgam) is ignored but added at the end
NOTE: AB0274-Ca_BFgam (identical to AB0221-Ca_BFcol) is ignored but added at the end
NOTE: AY0083-Ca_CIcol (identical to AY0038-Ca_CIcol) is ignored but added at the end
Alignment was printed to hapalignment_duplication_HSdiploid.uniqueseq.phy

For your convenience alignment with unique sequences printed to hapalignment_duplication_HSdiploid.uniqueseq.phy


Create initial parsimony tree by phylogenetic likelihood library (PLL)... 0.189 seconds
Measuring multi-threading efficiency up to 4 CPU cores
Increase to 10 rounds for branch lengths
8 trees examined
Threads: 1 / Time: 4.454 sec / Speedup: 1.000 / Efficiency: 100% / LogL: -16042
Threads: 2 / Time: 3.666 sec / Speedup: 1.215 / Efficiency: 61% / LogL: -16042
Threads: 3 / Time: 3.572 sec / Speedup: 1.247 / Efficiency: 42% / LogL: -16042
BEST NUMBER OF THREADS: 2

Perform fast likelihood tree search using GTR+ASC+G model...
Estimate model parameters (epsilon = 5.000)
Perform nearest neighbor interchange...
Estimate model parameters (epsilon = 1.000)
1. Initial log-likelihood: -9622.926
Optimal log-likelihood: -9622.460
Rate parameters:  A-C: 1.40022  A-G: 4.50032  A-T: 2.22688  C-G: 0.24925  C-T: 4.27594  G-T: 1.00000
Base frequencies:  A: 0.224  C: 0.245  G: 0.261  T: 0.270
Gamma shape alpha: 0.524
Parameters optimization took 1 rounds (0.295 sec)
Time for fast ML tree search: 2.665 seconds

NOTE: ModelFinder requires 15 MB RAM!
ModelFinder will test up to 4 DNA models (sample size: 174) ...
 No. Model         -LnL         df  AIC          AICc         BIC
WARNING: Number of threads seems too high for short alignments. Use -nt AUTO to determine best number of threads.
  1  GTR+F         10114.097    1269 22766.194    3246026.194  26775.035
WARNING: Number of threads seems too high for short alignments. Use -nt AUTO to determine best number of threads.
  2  GTR+F+ASC     10114.058    1269 22766.115    3246026.115  26774.957
WARNING: Number of threads seems too high for short alignments. Use -nt AUTO to determine best number of threads.
  3  GTR+F+G4      9624.023     1270 21788.045    3250128.045  25800.045
WARNING: Number of threads seems too high for short alignments. Use -nt AUTO to determine best number of threads.
  4  GTR+F+ASC+G4  9621.512     1270 21783.024    3250123.024  25795.024
Akaike Information Criterion:           GTR+F+ASC+G4
Corrected Akaike Information Criterion: GTR+F+ASC
Bayesian Information Criterion:         GTR+F+ASC+G4
Best-fit model: GTR+F+ASC+G4 chosen according to BIC

All model information printed to hapalignment_duplication_HSdiploid.model.gz
CPU time for ModelFinder: 30.874 seconds (0h:0m:30s)
Wall-clock time for ModelFinder: 16.411 seconds (0h:0m:16s)
Generating 1000 samples for ultrafast bootstrap (seed: 176833)...

NOTE: 15 MB RAM (0 GB) is required!
WARNING: Number of threads seems too high for short alignments. Use -nt AUTO to determine best number of threads.
Estimate model parameters (epsilon = 0.100)
1. Initial log-likelihood: -9621.512
Optimal log-likelihood: -9621.510
Rate parameters:  A-C: 1.50856  A-G: 4.72984  A-T: 2.28231  C-G: 0.25709  C-T: 4.32288  G-T: 1.00000
Base frequencies:  A: 0.224  C: 0.245  G: 0.261  T: 0.270
Gamma shape alpha: 1.148
Parameters optimization took 1 rounds (0.174 sec)
Computing ML distances based on estimated model parameters... 4.321 sec
Computing BIONJ tree...
0.571 seconds
Log-likelihood of BIONJ tree: -9385.773
--------------------------------------------------------------------
|             INITIALIZING CANDIDATE TREE SET                      |
--------------------------------------------------------------------
Generating 98 parsimony trees... 14.023 second
Computing log-likelihood of 98 initial trees ... 6.788 seconds
Current best score: -9385.773

Do NNI search on 20 best initial trees
Estimate model parameters (epsilon = 0.100)
BETTER TREE FOUND at iteration 1: -9298.672
Iteration 10 / LogL: -9539.086 / Time: 0h:2m:41s
Iteration 20 / LogL: -9572.470 / Time: 0h:5m:17s
Finish initializing candidate tree set (20)
Current best tree score: -9298.672 / CPU time: 313.867
Number of iterations: 20
--------------------------------------------------------------------
|               OPTIMIZING CANDIDATE TREE SET                      |
--------------------------------------------------------------------
Iteration 30 / LogL: -9507.663 / Time: 0h:7m:8s (0h:17m:28s left)
Estimate model parameters (epsilon = 0.100)
BETTER TREE FOUND at iteration 39: -9286.483
Iteration 40 / LogL: -9486.589 / Time: 0h:9m:20s (0h:23m:41s left)
Estimate model parameters (epsilon = 0.100)
BETTER TREE FOUND at iteration 47: -9282.284
Estimate model parameters (epsilon = 0.100)
BETTER TREE FOUND at iteration 48: -9281.046
Iteration 50 / LogL: -9281.992 / Time: 0h:11m:33s (0h:23m:6s left)
Log-likelihood cutoff on original alignment: -9616.162
Estimate model parameters (epsilon = 0.100)
BETTER TREE FOUND at iteration 54: -9273.862
Iteration 60 / LogL: -9297.862 / Time: 0h:13m:58s (0h:22m:15s left)
Iteration 70 / LogL: -9306.420 / Time: 0h:16m:16s (0h:19m:49s left)
Iteration 80 / LogL: -9302.298 / Time: 0h:18m:31s (0h:17m:20s left)
Estimate model parameters (epsilon = 0.100)
BETTER TREE FOUND at iteration 88: -9272.757
Iteration 90 / LogL: -9306.338 / Time: 0h:20m:38s (0h:22m:43s left)
Iteration 100 / LogL: -9292.518 / Time: 0h:22m:34s (0h:20m:3s left)
Log-likelihood cutoff on original alignment: -9616.162
NOTE: Bootstrap correlation coefficient of split occurrence frequencies: 0.964
NOTE: UFBoot does not converge, continue at least 100 more iterations
Iteration 110 / LogL: -9289.811 / Time: 0h:24m:59s (0h:20m:38s left)
Estimate model parameters (epsilon = 0.100)
BETTER TREE FOUND at iteration 112: -9261.523
Iteration 120 / LogL: -9276.420 / Time: 0h:27m:15s (0h:21m:4s left)
Iteration 130 / LogL: -9271.121 / Time: 0h:29m:35s (0h:18m:48s left)
Iteration 140 / LogL: -9297.883 / Time: 0h:31m:42s (0h:16m:25s left)
Estimate model parameters (epsilon = 0.100)
BETTER TREE FOUND at iteration 143: -9260.369
Iteration 150 / LogL: -9284.196 / Time: 0h:33m:56s (0h:21m:10s left)
Log-likelihood cutoff on original alignment: -9616.162
Iteration 160 / LogL: -9267.915 / Time: 0h:36m:28s (0h:19m:2s left)
Iteration 170 / LogL: -9276.544 / Time: 0h:38m:46s (0h:16m:45s left)
Iteration 180 / LogL: -9287.907 / Time: 0h:41m:9s (0h:14m:29s left)
Estimate model parameters (epsilon = 0.100)
BETTER TREE FOUND at iteration 183: -9258.064
Iteration 190 / LogL: -9291.727 / Time: 0h:43m:29s (0h:21m:23s left)
Estimate model parameters (epsilon = 0.100)
BETTER TREE FOUND at iteration 194: -9257.228
Iteration 200 / LogL: -9279.946 / Time: 0h:45m:43s (0h:21m:35s left)
Log-likelihood cutoff on original alignment: -9616.162
NOTE: Bootstrap correlation coefficient of split occurrence frequencies: 0.963
NOTE: UFBoot does not converge, continue at least 100 more iterations
Iteration 210 / LogL: -9291.539 / Time: 0h:47m:55s (0h:20m:38s left)
Iteration 220 / LogL: -9265.348 / Time: 0h:50m:20s (0h:18m:23s left)
Iteration 230 / LogL: -9283.914 / Time: 0h:52m:28s (0h:16m:2s left)
Estimate model parameters (epsilon = 0.100)
BETTER TREE FOUND at iteration 237: -9254.124
Iteration 240 / LogL: -9278.848 / Time: 0h:54m:42s (0h:22m:12s left)
Iteration 250 / LogL: -9266.201 / Time: 0h:57m:1s (0h:19m:55s left)
Log-likelihood cutoff on original alignment: -9616.162
Iteration 260 / LogL: -9263.833 / Time: 0h:59m:14s (0h:17m:36s left)
Iteration 270 / LogL: -9273.685 / Time: 1h:1m:34s (0h:15m:20s left)
Iteration 280 / LogL: -9268.457 / Time: 1h:3m:57s (0h:13m:4s left)
Iteration 290 / LogL: -9263.668 / Time: 1h:6m:10s (0h:10m:45s left)
Estimate model parameters (epsilon = 0.100)
BETTER TREE FOUND at iteration 300: -9247.495
Iteration 300 / LogL: -9247.495 / Time: 1h:8m:29s (0h:22m:54s left)
Log-likelihood cutoff on original alignment: -9616.162
NOTE: Bootstrap correlation coefficient of split occurrence frequencies: 0.966
NOTE: UFBoot does not converge, continue at least 100 more iterations
Iteration 310 / LogL: -9278.590 / Time: 1h:11m:4s (0h:20m:42s left)
Estimate model parameters (epsilon = 0.100)
BETTER TREE FOUND at iteration 313: -9246.929
Iteration 320 / LogL: -9254.261 / Time: 1h:13m:32s (0h:21m:26s left)
Estimate model parameters (epsilon = 0.100)
BETTER TREE FOUND at iteration 328: -9245.402
Iteration 330 / LogL: -9249.640 / Time: 1h:16m:3s (0h:22m:39s left)
Iteration 340 / LogL: -9283.133 / Time: 1h:18m:43s (0h:20m:26s left)
Estimate model parameters (epsilon = 0.100)
BETTER TREE FOUND at iteration 348: -9243.879
Iteration 350 / LogL: -9260.778 / Time: 1h:21m:1s (0h:22m:45s left)
Log-likelihood cutoff on original alignment: -9616.162
Iteration 360 / LogL: -9259.271 / Time: 1h:23m:47s (0h:20m:32s left)
Iteration 370 / LogL: -9258.596 / Time: 1h:26m:17s (0h:18m:14s left)
Iteration 380 / LogL: -9296.967 / Time: 1h:28m:49s (0h:15m:56s left)
Iteration 390 / LogL: -9250.628 / Time: 1h:31m:25s (0h:13m:37s left)
Iteration 400 / LogL: -9280.002 / Time: 1h:33m:56s (0h:11m:18s left)
Log-likelihood cutoff on original alignment: -9616.162
NOTE: Bootstrap correlation coefficient of split occurrence frequencies: 0.962
NOTE: UFBoot does not converge, continue at least 100 more iterations
Iteration 410 / LogL: -9254.492 / Time: 1h:36m:47s (0h:21m:17s left)
Iteration 420 / LogL: -9250.274 / Time: 1h:39m:40s (0h:19m:1s left)
Iteration 430 / LogL: -9258.337 / Time: 1h:42m:11s (0h:16m:40s left)
Iteration 440 / LogL: -9272.080 / Time: 1h:44m:59s (0h:14m:21s left)
Iteration 450 / LogL: -9264.053 / Time: 1h:47m:50s (0h:12m:0s left)
Log-likelihood cutoff on original alignment: -9616.162
Iteration 460 / LogL: -9275.103 / Time: 1h:50m:34s (0h:9m:38s left)
Iteration 470 / LogL: -9267.715 / Time: 1h:53m:27s (0h:7m:15s left)
Iteration 480 / LogL: -9261.623 / Time: 1h:56m:15s (0h:4m:51s left)
Iteration 490 / LogL: -9272.240 / Time: 1h:59m:3s (0h:2m:26s left)
Iteration 500 / LogL: -9279.825 / Time: 2h:1m:31s (0h:0m:0s left)
Log-likelihood cutoff on original alignment: -9616.162
NOTE: Bootstrap correlation coefficient of split occurrence frequencies: 0.969
NOTE: UFBoot does not converge, continue at least 100 more iterations
Iteration 510 / LogL: -9284.558 / Time: 2h:4m:21s (0h:21m:59s left)
Iteration 520 / LogL: -9254.264 / Time: 2h:7m:15s (0h:19m:36s left)
Iteration 530 / LogL: -9261.270 / Time: 2h:9m:52s (0h:17m:11s left)
Iteration 540 / LogL: -9259.984 / Time: 2h:12m:25s (0h:14m:44s left)
Iteration 550 / LogL: -9267.841 / Time: 2h:15m:0s (0h:12m:17s left)
Log-likelihood cutoff on original alignment: -9616.162
Iteration 560 / LogL: -9281.223 / Time: 2h:17m:51s (0h:9m:51s left)
Iteration 570 / LogL: -9262.970 / Time: 2h:20m:24s (0h:7m:24s left)
Iteration 580 / LogL: -9282.198 / Time: 2h:22m:59s (0h:4m:56s left)
Iteration 590 / LogL: -9254.052 / Time: 2h:25m:48s (0h:2m:28s left)
Iteration 600 / LogL: -9248.709 / Time: 2h:28m:37s (0h:0m:0s left)
Log-likelihood cutoff on original alignment: -9616.162
NOTE: Bootstrap correlation coefficient of split occurrence frequencies: 0.977
NOTE: UFBoot does not converge, continue at least 100 more iterations
Iteration 610 / LogL: -9251.452 / Time: 2h:31m:34s (0h:22m:23s left)
Iteration 620 / LogL: -9250.201 / Time: 2h:34m:27s (0h:19m:57s left)
Iteration 630 / LogL: -9259.249 / Time: 2h:37m:15s (0h:17m:30s left)
Iteration 640 / LogL: -9301.142 / Time: 2h:40m:13s (0h:15m:2s left)
Estimate model parameters (epsilon = 0.100)
BETTER TREE FOUND at iteration 647: -9240.054
Iteration 650 / LogL: -9251.676 / Time: 2h:43m:9s (0h:24m:23s left)
Log-likelihood cutoff on original alignment: -9616.162
Iteration 660 / LogL: -9273.461 / Time: 2h:46m:4s (0h:21m:55s left)
Iteration 670 / LogL: -9272.566 / Time: 2h:48m:53s (0h:19m:26s left)
Iteration 680 / LogL: -9242.623 / Time: 2h:51m:47s (0h:16m:57s left)
Estimate model parameters (epsilon = 0.100)
BETTER TREE FOUND at iteration 681: -9239.589
Iteration 690 / LogL: -9265.685 / Time: 2h:54m:40s (0h:23m:4s left)
Iteration 700 / LogL: -9276.637 / Time: 2h:57m:32s (0h:20m:34s left)
Log-likelihood cutoff on original alignment: -9616.162
NOTE: Bootstrap correlation coefficient of split occurrence frequencies: 0.984
NOTE: UFBoot does not converge, continue at least 100 more iterations
Iteration 710 / LogL: -9260.059 / Time: 3h:0m:23s (0h:22m:53s left)
Iteration 720 / LogL: -9261.091 / Time: 3h:3m:21s (0h:20m:24s left)
Iteration 730 / LogL: -9274.486 / Time: 3h:6m:14s (0h:17m:52s left)
Iteration 740 / LogL: -9267.105 / Time: 3h:9m:12s (0h:15m:21s left)
Iteration 750 / LogL: -9266.173 / Time: 3h:12m:5s (0h:12m:49s left)
Log-likelihood cutoff on original alignment: -9616.162
Iteration 760 / LogL: -9265.172 / Time: 3h:15m:5s (0h:10m:16s left)
Iteration 770 / LogL: -9268.041 / Time: 3h:17m:56s (0h:7m:43s left)
Iteration 780 / LogL: -9258.371 / Time: 3h:20m:55s (0h:5m:9s left)
Iteration 790 / LogL: -9244.667 / Time: 3h:23m:47s (0h:2m:34s left)
Iteration 800 / LogL: -9246.510 / Time: 3h:26m:24s (0h:0m:0s left)
Log-likelihood cutoff on original alignment: -9616.162
NOTE: Bootstrap correlation coefficient of split occurrence frequencies: 0.989
NOTE: UFBoot does not converge, continue at least 100 more iterations
Iteration 810 / LogL: -9267.316 / Time: 3h:29m:6s (0h:23m:15s left)
Iteration 820 / LogL: -9253.700 / Time: 3h:32m:2s (0h:20m:42s left)
Iteration 830 / LogL: -9248.499 / Time: 3h:34m:28s (0h:18m:6s left)
Iteration 840 / LogL: -9265.076 / Time: 3h:37m:13s (0h:15m:32s left)
Iteration 850 / LogL: -9264.136 / Time: 3h:40m:4s (0h:12m:57s left)
Log-likelihood cutoff on original alignment: -9616.162
Iteration 860 / LogL: -9257.708 / Time: 3h:42m:55s (0h:10m:22s left)
Iteration 870 / LogL: -9259.655 / Time: 3h:45m:42s (0h:7m:47s left)
Iteration 880 / LogL: -9260.838 / Time: 3h:48m:48s (0h:5m:12s left)
Iteration 890 / LogL: -9258.171 / Time: 3h:51m:50s (0h:2m:36s left)
Iteration 900 / LogL: -9246.946 / Time: 3h:55m:0s (0h:0m:0s left)
Log-likelihood cutoff on original alignment: -9616.162
NOTE: Bootstrap correlation coefficient of split occurrence frequencies: 0.992
TREE SEARCH COMPLETED AFTER 900 ITERATIONS / Time: 3h:55m:7s

--------------------------------------------------------------------
|                    FINALIZING TREE SEARCH                        |
--------------------------------------------------------------------
Performs final model parameters optimization
Estimate model parameters (epsilon = 0.010)
1. Initial log-likelihood: -9239.589
Optimal log-likelihood: -9239.589
Rate parameters:  A-C: 1.76562  A-G: 5.76703  A-T: 2.87940  C-G: 0.23215  C-T: 5.57664  G-T: 1.00000
Base frequencies:  A: 0.224  C: 0.245  G: 0.261  T: 0.270
Gamma shape alpha: 1.131
Parameters optimization took 1 rounds (0.247 sec)
BEST SCORE FOUND : -9239.589
Creating bootstrap support values...
Split supports printed to NEXUS file hapalignment_duplication_HSdiploid.splits.nex
Total tree length: 17.424

Total number of iterations: 900
CPU time used for tree search: 26393.157 sec (7h:19m:53s)
Wall-clock time used for tree search: 14103.947 sec (3h:55m:3s)
Total CPU time used: 26407.126 sec (7h:20m:7s)
Total wall-clock time used: 14115.152 sec (3h:55m:15s)

Computing bootstrap consensus tree...
Reading input file hapalignment_duplication_HSdiploid.splits.nex...
632 taxa and 26639 splits.
Consensus tree written to hapalignment_duplication_HSdiploid.contree
Reading input trees file hapalignment_duplication_HSdiploid.contree
Log-likelihood of consensus tree: -9241.352

Analysis results written to: 
  IQ-TREE report:                hapalignment_duplication_HSdiploid.iqtree
  Maximum-likelihood tree:       hapalignment_duplication_HSdiploid.treefile
  Likelihood distances:          hapalignment_duplication_HSdiploid.mldist

Ultrafast bootstrap approximation results written to:
  Split support values:          hapalignment_duplication_HSdiploid.splits.nex
  Consensus tree:                hapalignment_duplication_HSdiploid.contree
  Screen log file:               hapalignment_duplication_HSdiploid.log

Date and Time: Sun Oct 18 13:52:09 2020
