IQ-TREE multicore version 2.0.3 for Linux 64-bit built Apr 26 2020
Developed by Bui Quang Minh, Nguyen Lam Tung, Olga Chernomor,
Heiko Schmidt, Dominik Schrempf, Michael Woodhams.

Host:    lapis (AVX2, FMA3, 15 GB RAM)
Command: iqtree -s hapalignment_breakupdu1k.fasta -nt AUTO -ntmax 6 -m TEST -mset GTR -pre hapalignment_breakupdu1k.iqt -bb 1000 -nm 100000 -cptime 3600
Seed:    193415 (Using SPRNG - Scalable Parallel Random Number Generator)
Time:    Fri Sep 18 13:12:33 2020
Kernel:  AVX+FMA - auto-detect threads (8 CPU cores detected)

Reading alignment file hapalignment_breakupdu1k.fasta ... Fasta format detected
Alignment most likely contains DNA/RNA sequences
Alignment has 690 sequences with 76 columns, 76 distinct patterns
76 parsimony-informative, 0 singleton sites, 0 constant sites
                 Gap/Ambiguity  Composition  p-value
   1  AA0040-Ca_GHcol    0.00%    passed     98.11%
   2  AA0040-Cb_GHcol    0.00%    passed     98.76%
   3  AA0041-Ca_GHcol    0.00%    passed     90.90%
   4  AA0041-Cb_GHcol    0.00%    passed     87.63%
   5  AA0042-Ca_GHcol    0.00%    passed     74.61%
   6  AA0042-Cb_GHcol    0.00%    passed     99.37%
   7  AA0043-Ca_GHcol    0.00%    passed     93.17%
   8  AA0043-Cb_GHcol    0.00%    passed     99.97%
   9  AA0044-Ca_GHcol    0.00%    passed     99.69%
  10  AA0044-Cb_GHcol    0.00%    passed     83.92%
  11  AA0048-Ca_GHgam    0.00%    passed     91.38%
  12  AA0048-Cb_GHgam    0.00%    passed     91.38%
  13  AA0049-Ca_GHcol    0.00%    passed     99.37%
  14  AA0049-Cb_GHcol    0.00%    passed     90.90%
  15  AA0050-Ca_GHgam    0.00%    passed     91.38%
  16  AA0050-Cb_GHgam    0.00%    passed     91.38%
  17  AA0051-Ca_GHcol    0.00%    passed     92.22%
  18  AA0051-Cb_GHcol    0.00%    passed     99.37%
  19  AA0052-Ca_GHcol    0.00%    passed     99.37%
  20  AA0052-Cb_GHcol    0.00%    passed     98.66%
  21  AA0053-Ca_GHcol    0.00%    passed     99.07%
  22  AA0053-Cb_GHcol    0.00%    passed     91.54%
  23  AA0054-Ca_GHcol    0.00%    passed     90.90%
  24  AA0054-Cb_GHcol    0.00%    passed     87.63%
  25  AA0055-Ca_GHcol    0.00%    passed     60.74%
  26  AA0055-Cb_GHcol    0.00%    passed     93.00%
  27  AA0056-Ca_GHcol    0.00%    passed     99.07%
  28  AA0056-Cb_GHcol    0.00%    passed     93.17%
  29  AA0060-Ca_GHgam    0.00%    passed     91.38%
  30  AA0060-Cb_GHgam    0.00%    passed     94.32%
  31  AA0061-Ca_GHgam    0.00%    passed     91.38%
  32  AA0061-Cb_GHgam    0.00%    passed     91.38%
  33  AA0063-Ca_GHcol    0.00%    passed     48.40%
  34  AA0063-Cb_GHcol    0.00%    passed     98.66%
  35  AA0064-Ca_GHcol    0.00%    passed     99.07%
  36  AA0064-Cb_GHcol    0.00%    passed     84.62%
  37  AA0066-Ca_GHcol    0.00%    passed     96.36%
  38  AA0066-Cb_GHcol    0.00%    passed     93.86%
  39  AA0067-Ca_GHcol    0.00%    passed     99.62%
  40  AA0067-Cb_GHcol    0.00%    passed     75.94%
  41  AA0068-Ca_GHcol    0.00%    passed     90.24%
  42  AA0068-Cb_GHcol    0.00%    passed     98.66%
  43  AA0072-Ca_GHgam    0.00%    passed     83.54%
  44  AA0072-Cb_GHgam    0.00%    passed     91.38%
  45  AA0073-Ca_GHcol    0.00%    passed     98.11%
  46  AA0073-Cb_GHcol    0.00%    passed     93.17%
  47  AA0074-Ca_GHcol    0.00%    passed     90.06%
  48  AA0074-Cb_GHcol    0.00%    passed     87.49%
  49  AA0075-Ca_GHcol    0.00%    passed     98.03%
  50  AA0075-Cb_GHcol    0.00%    passed     93.17%
  51  AA0076-Ca_GHcol    0.00%    passed     97.77%
  52  AA0076-Cb_GHcol    0.00%    passed     99.07%
  53  AA0077-Ca_GHcol    0.00%    passed     48.40%
  54  AA0077-Cb_GHcol    0.00%    passed     92.75%
  55  AA0080-Ca_GHcol    0.00%    passed     90.31%
  56  AA0080-Cb_GHcol    0.00%    passed     87.74%
  57  AA0084-Ca_GHgam    0.00%    passed     91.38%
  58  AA0084-Cb_GHgam    0.00%    passed     91.38%
  59  AA0085-Ca_GHgam    0.00%    passed     98.11%
  60  AA0085-Cb_GHgam    0.00%    passed     91.38%
  61  AA0086-Ca_GHgam    0.00%    passed     98.11%
  62  AA0086-Cb_GHgam    0.00%    passed     98.77%
  63  AA0087-Ca_GHcol    0.00%    passed     98.09%
  64  AA0087-Cb_GHcol    0.00%    passed     93.17%
  65  AA0088-Ca_GHcol    0.00%    passed     99.07%
  66  AA0088-Cb_GHcol    0.00%    passed     94.34%
  67  AA0089-Ca_GHcol    0.00%    passed     99.07%
  68  AA0089-Cb_GHcol    0.00%    passed     91.54%
  69  AA0090-Ca_GHcol    0.00%    passed     98.76%
  70  AA0090-Cb_GHcol    0.00%    passed     98.03%
  71  AA0091-Ca_GHcol    0.00%    passed     91.54%
  72  AA0091-Cb_GHcol    0.00%    passed     91.54%
  73  AA0096-Ca_GHgam    0.00%    passed     99.69%
  74  AA0096-Cb_GHgam    0.00%    passed     91.38%
  75  AA0097-Ca_GHcol    0.00%    passed     96.69%
  76  AA0097-Cb_GHcol    0.00%    passed     98.03%
  77  AA0098-Ca_GHcol    0.00%    passed     98.11%
  78  AA0098-Cb_GHcol    0.00%    passed     98.33%
  79  AA0099-Ca_GHcol    0.00%    passed     92.22%
  80  AA0099-Cb_GHcol    0.00%    passed     84.62%
  81  AA0100-Ca_GHcol    0.00%    passed     98.66%
  82  AA0100-Cb_GHcol    0.00%    passed     93.17%
  83  AA0101-Ca_GHcol    0.00%    passed     91.54%
  84  AA0101-Cb_GHcol    0.00%    passed     87.63%
  85  AA0102-Ca_GHcol    0.00%    passed     98.33%
  86  AA0102-Cb_GHcol    0.00%    passed     98.03%
  87  AA0103-Ca_GHcol    0.00%    passed     48.40%
  88  AA0103-Cb_GHcol    0.00%    passed     95.93%
  89  AA0104-Ca_GHcol    0.00%    passed     98.09%
  90  AA0104-Cb_GHcol    0.00%    passed     99.07%
  91  AA0107-Ca_GHcol    0.00%    passed     93.17%
  92  AA0107-Cb_GHcol    0.00%    passed     96.69%
  93  AA0108-Ca_GHgam    0.00%    passed     99.62%
  94  AA0108-Cb_GHgam    0.00%    passed     91.38%
  95  AA0109-Ca_GHcol    0.00%    passed     93.17%
  96  AA0109-Cb_GHcol    0.00%    passed     99.62%
  97  AA0110-Ca_GHcol    0.00%    passed     98.33%
  98  AA0110-Cb_GHcol    0.00%    passed     93.93%
  99  AA0111-Ca_GHcol    0.00%    passed     99.97%
 100  AA0111-Cb_GHcol    0.00%    passed     99.69%
 101  AA0113-Ca_GHcol    0.00%    passed     97.77%
 102  AA0113-Cb_GHcol    0.00%    passed     93.17%
 103  AA0114-Ca_GHcol    0.00%    passed     81.10%
 104  AA0114-Cb_GHcol    0.00%    passed     93.17%
 105  AA0115-Ca_GHcol    0.00%    passed     90.90%
 106  AA0115-Cb_GHcol    0.00%    passed     92.87%
 107  AA0116-Ca_GHcol    0.00%    passed     99.07%
 108  AA0116-Cb_GHcol    0.00%    passed     93.17%
 109  AA0122-Ca_GHgam    0.00%    passed     93.09%
 110  AA0122-Cb_GHgam    0.00%    passed     94.80%
 111  AA0123-Ca_GHcol    0.00%    passed     99.97%
 112  AA0123-Cb_GHcol    0.00%    passed     90.06%
 113  AA0124-Ca_GHcol    0.00%    passed     88.63%
 114  AA0124-Cb_GHcol    0.00%    passed     88.63%
 115  AA0125-Ca_GHcol    0.00%    passed     93.00%
 116  AA0125-Cb_GHcol    0.00%    passed     94.81%
 117  AA0127-Ca_GHcol    0.00%    passed     98.33%
 118  AA0127-Cb_GHcol    0.00%    passed     91.54%
 119  AA0132-Ca_GHcol    0.00%    passed     95.47%
 120  AA0132-Cb_GHcol    0.00%    passed     93.17%
 121  AA0133-Ca_GHgam    0.00%    passed     91.38%
 122  AA0133-Cb_GHgam    0.00%    passed     99.37%
 123  AA0134-Ca_GHcol    0.00%    passed     98.76%
 124  AA0134-Cb_GHcol    0.00%    passed     91.54%
 125  AA0135-Ca_GHcol    0.00%    passed     98.03%
 126  AA0135-Cb_GHcol    0.00%    passed     97.77%
 127  AA0136-Ca_GHcol    0.00%    passed     99.07%
 128  AA0136-Cb_GHcol    0.00%    passed     90.90%
 129  AA0139-Ca_GHcol    0.00%    passed     87.63%
 130  AA0139-Cb_GHcol    0.00%    passed     99.62%
 131  AA0140-Ca_GHcol    0.00%    passed     99.62%
 132  AA0140-Cb_GHcol    0.00%    passed     98.11%
 133  AA0141-Ca_GHcol    0.00%    passed     98.76%
 134  AA0141-Cb_GHcol    0.00%    passed     90.82%
 135  AB0085-Ca_BFgam    0.00%    passed     82.18%
 136  AB0085-Cb_BFgam    0.00%    passed     82.18%
 137  AB0087-Ca_BFcol    0.00%    passed     63.85%
 138  AB0087-Cb_BFcol    0.00%    passed     94.86%
 139  AB0088-Ca_BFcol    0.00%    passed     89.35%
 140  AB0088-Cb_BFcol    0.00%    passed     73.33%
 141  AB0089-Ca_BFcol    0.00%    passed     93.00%
 142  AB0089-Cb_BFcol    0.00%    passed     98.03%
 143  AB0090-Ca_BFcol    0.00%    passed     93.17%
 144  AB0090-Cb_BFcol    0.00%    passed     80.68%
 145  AB0091-Ca_BFcol    0.00%    passed     90.31%
 146  AB0091-Cb_BFcol    0.00%    passed     67.12%
 147  AB0092-Ca_BFcol    0.00%    passed     99.69%
 148  AB0092-Cb_BFcol    0.00%    passed     87.74%
 149  AB0094-Ca_BFcol    0.00%    passed     93.09%
 150  AB0094-Cb_BFcol    0.00%    passed     98.33%
 151  AB0095-Ca_BFcol    0.00%    passed     93.00%
 152  AB0095-Cb_BFcol    0.00%    passed     92.75%
 153  AB0097-Ca_BFcol    0.00%    passed     99.97%
 154  AB0097-Cb_BFcol    0.00%    passed     93.17%
 155  AB0098-Ca_BFcol    0.00%    passed     99.62%
 156  AB0098-Cb_BFcol    0.00%    passed     76.41%
 157  AB0099-Ca_BFcol    0.00%    passed     95.93%
 158  AB0099-Cb_BFcol    0.00%    passed     95.93%
 159  AB0100-Ca_BFcol    0.00%    passed     80.98%
 160  AB0100-Cb_BFcol    0.00%    passed     98.77%
 161  AB0101-Ca_BFcol    0.00%    passed     98.33%
 162  AB0101-Cb_BFcol    0.00%    passed     98.33%
 163  AB0103-Ca_BFgam    0.00%    passed     98.11%
 164  AB0103-Cb_BFgam    0.00%    passed     98.33%
 165  AB0104-Ca_BFgam    0.00%    passed     95.47%
 166  AB0104-Cb_BFgam    0.00%    passed     82.08%
 167  AB0108-Ca_BFgam    0.00%    passed     94.80%
 168  AB0108-Cb_BFgam    0.00%    passed     90.06%
 169  AB0109-Ca_BFcol    0.00%    passed     98.56%
 170  AB0109-Cb_BFcol    0.00%    passed     91.38%
 171  AB0110-Ca_BFcol    0.00%    passed     91.38%
 172  AB0110-Cb_BFcol    0.00%    passed     98.76%
 173  AB0111-Ca_BFcol    0.00%    passed     98.76%
 174  AB0111-Cb_BFcol    0.00%    passed     94.12%
 175  AB0112-Ca_BFcol    0.00%    passed     99.37%
 176  AB0112-Cb_BFcol    0.00%    passed     99.97%
 177  AB0113-Ca_BFcol    0.00%    passed     93.00%
 178  AB0113-Cb_BFcol    0.00%    passed     99.69%
 179  AB0114-Ca_BFcol    0.00%    passed     98.03%
 180  AB0114-Cb_BFcol    0.00%    passed     97.65%
 181  AB0115-Ca_BFcol    0.00%    passed     64.34%
 182  AB0115-Cb_BFcol    0.00%    passed     98.77%
 183  AB0117-Ca_BFgam    0.00%    passed     92.95%
 184  AB0117-Cb_BFgam    0.00%    passed     94.80%
 185  AB0118-Ca_BFgam    0.00%    passed     98.76%
 186  AB0118-Cb_BFgam    0.00%    passed     95.99%
 187  AB0119-Ca_BFgam    0.00%    passed     80.50%
 188  AB0119-Cb_BFgam    0.00%    passed     99.62%
 189  AB0122-Ca_BFcol    0.00%    passed     95.47%
 190  AB0122-Cb_BFcol    0.00%    passed     88.03%
 191  AB0123-Ca_BFcol    0.00%    passed     95.99%
 192  AB0123-Cb_BFcol    0.00%    passed     94.32%
 193  AB0124-Ca_BFcol    0.00%    passed     98.33%
 194  AB0124-Cb_BFcol    0.00%    passed     92.82%
 195  AB0126-Ca_BFgam    0.00%    passed     98.09%
 196  AB0126-Cb_BFgam    0.00%    passed     94.80%
 197  AB0127-Ca_BFgam    0.00%    passed     83.40%
 198  AB0127-Cb_BFgam    0.00%    passed     98.56%
 199  AB0128-Ca_BFgam    0.00%    passed     93.93%
 200  AB0128-Cb_BFgam    0.00%    passed     99.62%
 201  AB0129-Ca_BFgam    0.00%    passed     98.09%
 202  AB0129-Cb_BFgam    0.00%    passed     74.47%
 203  AB0130-Ca_BFgam    0.00%    passed     98.33%
 204  AB0130-Cb_BFgam    0.00%    passed     82.18%
 205  AB0133-Ca_BFgam    0.00%    passed     87.92%
 206  AB0133-Cb_BFgam    0.00%    passed     82.18%
 207  AB0134-Ca_BFgam    0.00%    passed     80.23%
 208  AB0134-Cb_BFgam    0.00%    passed     94.80%
 209  AB0135-Ca_BFgam    0.00%    passed     94.80%
 210  AB0135-Cb_BFgam    0.00%    passed     98.76%
 211  AB0136-Ca_BFgam    0.00%    passed     94.80%
 212  AB0136-Cb_BFgam    0.00%    passed     93.65%
 213  AB0137-Ca_BFcol    0.00%    passed     87.74%
 214  AB0137-Cb_BFcol    0.00%    passed     95.99%
 215  AB0138-Ca_BFcol    0.00%    passed     98.15%
 216  AB0138-Cb_BFcol    0.00%    passed     98.76%
 217  AB0139-Ca_BFcol    0.00%    passed     93.00%
 218  AB0139-Cb_BFcol    0.00%    passed     93.65%
 219  AB0140-Ca_BFcol    0.00%    passed     95.47%
 220  AB0140-Cb_BFcol    0.00%    passed     93.00%
 221  AB0142-Ca_BFcol    0.00%    passed     90.90%
 222  AB0142-Cb_BFcol    0.00%    passed     89.35%
 223  AB0143-Ca_BFgam    0.00%    passed     98.11%
 224  AB0143-Cb_BFgam    0.00%    passed     94.80%
 225  AB0145-Ca_BFgam    0.00%    passed     94.80%
 226  AB0145-Cb_BFgam    0.00%    passed     94.80%
 227  AB0146-Ca_BFgam    0.00%    passed     92.82%
 228  AB0146-Cb_BFgam    0.00%    passed     94.80%
 229  AB0147-Ca_BFgam    0.00%    passed     94.34%
 230  AB0147-Cb_BFgam    0.00%    passed     96.69%
 231  AB0148-Ca_BFgam    0.00%    passed     72.90%
 232  AB0148-Cb_BFgam    0.00%    passed     98.56%
 233  AB0150-Ca_BFgam    0.00%    passed     94.80%
 234  AB0150-Cb_BFgam    0.00%    passed     94.80%
 235  AB0151-Ca_BFgam    0.00%    passed     95.99%
 236  AB0151-Cb_BFgam    0.00%    passed     99.62%
 237  AB0153-Ca_BFgam    0.00%    passed     95.99%
 238  AB0153-Cb_BFgam    0.00%    passed     88.54%
 239  AB0155-Ca_BFgam    0.00%    passed     95.47%
 240  AB0155-Cb_BFgam    0.00%    passed     98.66%
 241  AB0157-Ca_BFgam    0.00%    passed     94.80%
 242  AB0157-Cb_BFgam    0.00%    passed     94.80%
 243  AB0158-Ca_BFgam    0.00%    passed     94.80%
 244  AB0158-Cb_BFgam    0.00%    passed     93.93%
 245  AB0159-Ca_BFgam    0.00%    passed     94.80%
 246  AB0159-Cb_BFgam    0.00%    passed     97.65%
 247  AB0160-Ca_BFgam    0.00%    passed     99.37%
 248  AB0160-Cb_BFgam    0.00%    passed     94.80%
 249  AB0161-Ca_BFgam    0.00%    passed     95.99%
 250  AB0161-Cb_BFgam    0.00%    passed     98.09%
 251  AB0162-Ca_BFgam    0.00%    passed     96.62%
 252  AB0162-Cb_BFgam    0.00%    passed     93.09%
 253  AB0164-Ca_BFgam    0.00%    passed     99.97%
 254  AB0164-Cb_BFgam    0.00%    passed     99.37%
 255  AB0165-Ca_BFgam    0.00%    passed     98.76%
 256  AB0165-Cb_BFgam    0.00%    passed     92.22%
 257  AB0166-Ca_BFgam    0.00%    passed     99.69%
 258  AB0166-Cb_BFgam    0.00%    passed     99.62%
 259  AB0167-Ca_BFgam    0.00%    passed     93.44%
 260  AB0167-Cb_BFgam    0.00%    passed     98.15%
 261  AB0169-Ca_BFgam    0.00%    passed     87.49%
 262  AB0169-Cb_BFgam    0.00%    passed     94.80%
 263  AB0170-Ca_BFgam    0.00%    passed     94.80%
 264  AB0170-Cb_BFgam    0.00%    passed     98.76%
 265  AB0171-Ca_BFgam    0.00%    passed     93.93%
 266  AB0171-Cb_BFgam    0.00%    passed     93.86%
 267  AB0172-Ca_BFgam    0.00%    passed     95.99%
 268  AB0172-Cb_BFgam    0.00%    passed     98.11%
 269  AB0173-Ca_BFgam    0.00%    passed     98.56%
 270  AB0173-Cb_BFgam    0.00%    passed     96.36%
 271  AB0174-Ca_BFgam    0.00%    passed     87.92%
 272  AB0174-Cb_BFgam    0.00%    passed     98.03%
 273  AB0175-Ca_BFgam    0.00%    passed     81.90%
 274  AB0175-Cb_BFgam    0.00%    passed     98.76%
 275  AB0176-Ca_BFgam    0.00%    passed     99.97%
 276  AB0176-Cb_BFgam    0.00%    passed     90.72%
 277  AB0177-Ca_BFgam    0.00%    passed     99.37%
 278  AB0177-Cb_BFgam    0.00%    passed     82.18%
 279  AB0178-Ca_BFgam    0.00%    passed     92.75%
 280  AB0178-Cb_BFgam    0.00%    passed     99.37%
 281  AB0179-Ca_BFgam    0.00%    passed     92.73%
 282  AB0179-Cb_BFgam    0.00%    passed     98.66%
 283  AB0181-Ca_BFcol    0.00%    passed     86.18%
 284  AB0181-Cb_BFcol    0.00%    passed     70.02%
 285  AB0182-Ca_BFcol    0.00%    passed     99.97%
 286  AB0182-Cb_BFcol    0.00%    passed     95.93%
 287  AB0183-Ca_BFcol    0.00%    passed     67.12%
 288  AB0183-Cb_BFcol    0.00%    passed     99.62%
 289  AB0184-Ca_BFcol    0.00%    passed     87.74%
 290  AB0184-Cb_BFcol    0.00%    passed     98.11%
 291  AB0185-Ca_BFcol    0.00%    passed     93.86%
 292  AB0185-Cb_BFcol    0.00%    passed     87.74%
 293  AB0186-Ca_BFcol    0.00%    passed     95.93%
 294  AB0186-Cb_BFcol    0.00%    passed     99.69%
 295  AB0187-Ca_BFcol    0.00%    passed     84.73%
 296  AB0187-Cb_BFcol    0.00%    passed     99.62%
 297  AB0188-Ca_BFcol    0.00%    passed     98.11%
 298  AB0188-Cb_BFcol    0.00%    passed     82.08%
 299  AB0189-Ca_BFcol    0.00%    passed     95.47%
 300  AB0189-Cb_BFcol    0.00%    passed     98.66%
 301  AB0190-Ca_BFcol    0.00%    passed     75.94%
 302  AB0190-Cb_BFcol    0.00%    passed     96.62%
 303  AB0191-Ca_BFcol    0.00%    passed     99.69%
 304  AB0191-Cb_BFcol    0.00%    passed     91.83%
 305  AB0192-Ca_BFcol    0.00%    passed     86.18%
 306  AB0192-Cb_BFcol    0.00%    passed     87.74%
 307  AB0195-Ca_BFcol    0.00%    passed     75.17%
 308  AB0195-Cb_BFcol    0.00%    passed     96.76%
 309  AB0196-Ca_BFcol    0.00%    passed     95.32%
 310  AB0196-Cb_BFcol    0.00%    passed     99.69%
 311  AB0197-Ca_BFgam    0.00%    passed     99.69%
 312  AB0197-Cb_BFgam    0.00%    passed     87.96%
 313  AB0198-Ca_BFgam    0.00%    passed     94.80%
 314  AB0198-Cb_BFgam    0.00%    passed     98.09%
 315  AB0199-Ca_BFgam    0.00%    passed     98.33%
 316  AB0199-Cb_BFgam    0.00%    passed     97.77%
 317  AB0200-Ca_BFgam    0.00%    passed     95.99%
 318  AB0200-Cb_BFgam    0.00%    passed     98.03%
 319  AB0201-Ca_BFgam    0.00%    passed     98.33%
 320  AB0201-Cb_BFgam    0.00%    passed     98.09%
 321  AB0202-Ca_BFgam    0.00%    passed     99.97%
 322  AB0202-Cb_BFgam    0.00%    passed     93.17%
 323  AB0203-Ca_BFgam    0.00%    passed     98.11%
 324  AB0203-Cb_BFgam    0.00%    passed     93.00%
 325  AB0204-Ca_BFcol    0.00%    passed     93.00%
 326  AB0204-Cb_BFcol    0.00%    passed     96.69%
 327  AB0205-Ca_BFgam    0.00%    passed     91.43%
 328  AB0205-Cb_BFgam    0.00%    passed     94.80%
 329  AB0206-Ca_BFgam    0.00%    passed     99.97%
 330  AB0206-Cb_BFgam    0.00%    passed     90.31%
 331  AB0207-Ca_BFgam    0.00%    passed     88.03%
 332  AB0207-Cb_BFgam    0.00%    passed     93.09%
 333  AB0208-Ca_BFgam    0.00%    passed     94.80%
 334  AB0208-Cb_BFgam    0.00%    passed     94.80%
 335  AB0209-Ca_BFcol    0.00%    passed     99.62%
 336  AB0209-Cb_BFcol    0.00%    passed     93.93%
 337  AB0210-Ca_BFcol    0.00%    passed     95.93%
 338  AB0210-Cb_BFcol    0.00%    passed     98.66%
 339  AB0211-Ca_BFgam    0.00%    passed     94.80%
 340  AB0211-Cb_BFgam    0.00%    passed     98.11%
 341  AB0212-Ca_BFcol    0.00%    passed     93.00%
 342  AB0212-Cb_BFcol    0.00%    passed     95.93%
 343  AB0213-Ca_BFcol    0.00%    passed     98.76%
 344  AB0213-Cb_BFcol    0.00%    passed     92.75%
 345  AB0215-Ca_BFcol    0.00%    passed     92.73%
 346  AB0215-Cb_BFcol    0.00%    passed     82.08%
 347  AB0217-Ca_BFgam    0.00%    passed     98.33%
 348  AB0217-Cb_BFgam    0.00%    passed     94.80%
 349  AB0218-Ca_BFgam    0.00%    passed     93.44%
 350  AB0218-Cb_BFgam    0.00%    passed     93.17%
 351  AB0219-Ca_BFcol    0.00%    passed     97.41%
 352  AB0219-Cb_BFcol    0.00%    passed     94.80%
 353  AB0221-Ca_BFcol    0.00%    passed     83.00%
 354  AB0221-Cb_BFcol    0.00%    passed     94.32%
 355  AB0222-Ca_BFcol    0.00%    passed     87.74%
 356  AB0222-Cb_BFcol    0.00%    passed     82.88%
 357  AB0223-Ca_BFcol    0.00%    passed     90.90%
 358  AB0223-Cb_BFcol    0.00%    passed     93.17%
 359  AB0224-Ca_BFcol    0.00%    passed     97.77%
 360  AB0224-Cb_BFcol    0.00%    passed     98.56%
 361  AB0226-Ca_BFcol    0.00%    passed     83.00%
 362  AB0226-Cb_BFcol    0.00%    passed     93.00%
 363  AB0227-Ca_BFcol    0.00%    passed     95.93%
 364  AB0227-Cb_BFcol    0.00%    passed     95.47%
 365  AB0228-Ca_BFgam    0.00%    passed     90.31%
 366  AB0228-Cb_BFgam    0.00%    passed     83.54%
 367  AB0229-Ca_BFcol    0.00%    passed     98.11%
 368  AB0229-Cb_BFcol    0.00%    passed     99.97%
 369  AB0231-Ca_BFgam    0.00%    passed     90.72%
 370  AB0231-Cb_BFgam    0.00%    passed     98.03%
 371  AB0232-Ca_BFgam    0.00%    passed     93.00%
 372  AB0232-Cb_BFgam    0.00%    passed     99.37%
 373  AB0233-Ca_BFgam    0.00%    passed     93.44%
 374  AB0233-Cb_BFgam    0.00%    passed     98.76%
 375  AB0234-Ca_BFcol    0.00%    passed     98.66%
 376  AB0234-Cb_BFcol    0.00%    passed     88.54%
 377  AB0235-Ca_BFgam    0.00%    passed     94.80%
 378  AB0235-Cb_BFgam    0.00%    passed     98.33%
 379  AB0236-Ca_BFgam    0.00%    passed     90.31%
 380  AB0236-Cb_BFgam    0.00%    passed     99.69%
 381  AB0237-Ca_BFcol    0.00%    passed     92.75%
 382  AB0237-Cb_BFcol    0.00%    passed     88.63%
 383  AB0238-Ca_BFgam    0.00%    passed     94.80%
 384  AB0238-Cb_BFgam    0.00%    passed     94.80%
 385  AB0239-Ca_BFgam    0.00%    passed     94.80%
 386  AB0239-Cb_BFgam    0.00%    passed     94.81%
 387  AB0240-Ca_BFcol    0.00%    passed     98.76%
 388  AB0240-Cb_BFcol    0.00%    passed     95.93%
 389  AB0241-Ca_BFgam    0.00%    passed     96.69%
 390  AB0241-Cb_BFgam    0.00%    passed     84.33%
 391  AB0242-Ca_BFcol    0.00%    passed     95.93%
 392  AB0242-Cb_BFcol    0.00%    passed     91.83%
 393  AB0243-Ca_BFcol    0.00%    passed     93.93%
 394  AB0243-Cb_BFcol    0.00%    passed     92.75%
 395  AB0244-Ca_BFgam    0.00%    passed     92.06%
 396  AB0244-Cb_BFgam    0.00%    passed     99.97%
 397  AB0246-Ca_BFcol    0.00%    passed     98.66%
 398  AB0246-Cb_BFcol    0.00%    passed     96.36%
 399  AB0247-Ca_BFcol    0.00%    passed     98.09%
 400  AB0247-Cb_BFcol    0.00%    passed     86.24%
 401  AB0248-Ca_BFcol    0.00%    passed     98.09%
 402  AB0248-Cb_BFcol    0.00%    passed     99.62%
 403  AB0249-Ca_BFcol    0.00%    passed     87.74%
 404  AB0249-Cb_BFcol    0.00%    passed     45.66%
 405  AB0250-Ca_BFcol    0.00%    passed     98.11%
 406  AB0250-Cb_BFcol    0.00%    passed     98.09%
 407  AB0251-Ca_BFgam    0.00%    passed     92.06%
 408  AB0251-Cb_BFgam    0.00%    passed     90.06%
 409  AB0252-Ca_BFgam    0.00%    passed     95.99%
 410  AB0252-Cb_BFgam    0.00%    passed     99.97%
 411  AB0253-Ca_BFgam    0.00%    passed     87.74%
 412  AB0253-Cb_BFgam    0.00%    passed     92.82%
 413  AB0255-Ca_BFgam    0.00%    passed     93.09%
 414  AB0255-Cb_BFgam    0.00%    passed     97.77%
 415  AB0256-Ca_BFgam    0.00%    passed     91.38%
 416  AB0256-Cb_BFgam    0.00%    passed     90.24%
 417  AB0257-Ca_BFcol    0.00%    passed     92.73%
 418  AB0257-Cb_BFcol    0.00%    passed     98.15%
 419  AB0258-Ca_BFcol    0.00%    passed     99.69%
 420  AB0258-Cb_BFcol    0.00%    passed     90.74%
 421  AB0260-Ca_BFgam    0.00%    passed     81.90%
 422  AB0260-Cb_BFgam    0.00%    passed     98.76%
 423  AB0261-Ca_BFgam    0.00%    passed     93.09%
 424  AB0261-Cb_BFgam    0.00%    passed     93.09%
 425  AB0262-Ca_BFcol    0.00%    passed     98.11%
 426  AB0262-Cb_BFcol    0.00%    passed     98.56%
 427  AB0263-Ca_BFcol    0.00%    passed     93.93%
 428  AB0263-Cb_BFcol    0.00%    passed     99.97%
 429  AB0264-Ca_BFgam    0.00%    passed     98.09%
 430  AB0264-Cb_BFgam    0.00%    passed     90.06%
 431  AB0265-Ca_BFgam    0.00%    passed     90.24%
 432  AB0265-Cb_BFgam    0.00%    passed     84.33%
 433  AB0266-Ca_BFcol    0.00%    passed     92.73%
 434  AB0266-Cb_BFcol    0.00%    passed     99.97%
 435  AB0267-Ca_BFcol    0.00%    passed     99.37%
 436  AB0267-Cb_BFcol    0.00%    passed     92.82%
 437  AB0268-Ca_BFgam    0.00%    passed     93.09%
 438  AB0268-Cb_BFgam    0.00%    passed     99.37%
 439  AB0270-Ca_BFgam    0.00%    passed     95.47%
 440  AB0270-Cb_BFgam    0.00%    passed     92.82%
 441  AB0271-Ca_BFgam    0.00%    passed     94.80%
 442  AB0271-Cb_BFgam    0.00%    passed     98.11%
 443  AB0272-Ca_BFgam    0.00%    passed     82.88%
 444  AB0272-Cb_BFgam    0.00%    passed     90.82%
 445  AB0273-Ca_BFgam    0.00%    passed     98.09%
 446  AB0273-Cb_BFgam    0.00%    passed     98.33%
 447  AB0274-Ca_BFgam    0.00%    passed     94.80%
 448  AB0274-Cb_BFgam    0.00%    passed     98.03%
 449  AB0275-Ca_BFgam    0.00%    passed     99.69%
 450  AB0275-Cb_BFgam    0.00%    passed     93.09%
 451  AB0276-Ca_BFcol    0.00%    passed     98.09%
 452  AB0276-Cb_BFcol    0.00%    passed     92.82%
 453  AB0277-Ca_BFgam    0.00%    passed     98.76%
 454  AB0277-Cb_BFgam    0.00%    passed     98.09%
 455  AB0278-Ca_BFgam    0.00%    passed     94.24%
 456  AB0278-Cb_BFgam    0.00%    passed     87.55%
 457  AB0279-Ca_BFcol    0.00%    passed     94.80%
 458  AB0279-Cb_BFcol    0.00%    passed     97.77%
 459  AB0280-Ca_BFgam    0.00%    passed     95.99%
 460  AB0280-Cb_BFgam    0.00%    passed     98.33%
 461  AB0281-Ca_BFgam    0.00%    passed     95.99%
 462  AB0281-Cb_BFgam    0.00%    passed     94.80%
 463  AB0282-Ca_BFcol    0.00%    passed     94.80%
 464  AB0282-Cb_BFcol    0.00%    passed     98.56%
 465  AB0283-Ca_BFgam    0.00%    passed     99.69%
 466  AB0283-Cb_BFgam    0.00%    passed     98.76%
 467  AB0284-Ca_BFgam    0.00%    passed     94.80%
 468  AB0284-Cb_BFgam    0.00%    passed     98.09%
 469  AV0001-Ca_GNgam    0.00%    passed     98.76%
 470  AV0001-Cb_GNgam    0.00%    passed     94.80%
 471  AV0002-Ca_GNgam    0.00%    passed     98.03%
 472  AV0002-Cb_GNgam    0.00%    passed     98.09%
 473  AV0003-Ca_GNgam    0.00%    passed     98.09%
 474  AV0003-Cb_GNgam    0.00%    passed     98.11%
 475  AV0004-Ca_GNgam    0.00%    passed     95.93%
 476  AV0004-Cb_GNgam    0.00%    passed     94.12%
 477  AV0005-Ca_GNgam    0.00%    passed     94.80%
 478  AV0005-Cb_GNgam    0.00%    passed     98.33%
 479  AV0006-Ca_GNgam    0.00%    passed     99.97%
 480  AV0006-Cb_GNgam    0.00%    passed     99.37%
 481  AV0007-Ca_GNgam    0.00%    passed     93.09%
 482  AV0007-Cb_GNgam    0.00%    passed     94.81%
 483  AV0008-Ca_GNgam    0.00%    passed     94.80%
 484  AV0008-Cb_GNgam    0.00%    passed     95.99%
 485  AV0009-Ca_GNgam    0.00%    passed     99.07%
 486  AV0009-Cb_GNgam    0.00%    passed     98.33%
 487  AV0010-Ca_GNgam    0.00%    passed     97.41%
 488  AV0010-Cb_GNgam    0.00%    passed     84.46%
 489  AV0011-Ca_GNgam    0.00%    passed     94.32%
 490  AV0011-Cb_GNgam    0.00%    passed     97.65%
 491  AV0012-Ca_GNgam    0.00%    passed     93.17%
 492  AV0012-Cb_GNgam    0.00%    passed     98.09%
 493  AV0013-Ca_GNgam    0.00%    passed     88.54%
 494  AV0013-Cb_GNgam    0.00%    passed     98.09%
 495  AV0014-Ca_GNgam    0.00%    passed     99.37%
 496  AV0014-Cb_GNgam    0.00%    passed     84.73%
 497  AV0015-Ca_GNgam    0.00%    passed     97.41%
 498  AV0015-Cb_GNgam    0.00%    passed     98.03%
 499  AV0017-Ca_GNgam    0.00%    passed     90.90%
 500  AV0017-Cb_GNgam    0.00%    passed     96.69%
 501  AV0018-Ca_GNgam    0.00%    passed     99.62%
 502  AV0018-Cb_GNgam    0.00%    passed     95.47%
 503  AV0020-Ca_GNgam    0.00%    passed     94.80%
 504  AV0020-Cb_GNgam    0.00%    passed     98.09%
 505  AV0021-Ca_GNgam    0.00%    passed     82.18%
 506  AV0021-Cb_GNgam    0.00%    passed     94.32%
 507  AV0022-Ca_GNgam    0.00%    passed     99.37%
 508  AV0022-Cb_GNgam    0.00%    passed     99.62%
 509  AV0024-Ca_GNgam    0.00%    passed     88.54%
 510  AV0024-Cb_GNgam    0.00%    passed     98.66%
 511  AV0025-Ca_GNgam    0.00%    passed     97.65%
 512  AV0025-Cb_GNgam    0.00%    passed     99.97%
 513  AV0026-Ca_GNgam    0.00%    passed     97.41%
 514  AV0026-Cb_GNgam    0.00%    passed     94.80%
 515  AV0027-Ca_GNgam    0.00%    passed     99.62%
 516  AV0027-Cb_GNgam    0.00%    passed     98.77%
 517  AV0028-Ca_GNgam    0.00%    passed     98.77%
 518  AV0028-Cb_GNgam    0.00%    passed     99.62%
 519  AV0029-Ca_GNgam    0.00%    passed     94.80%
 520  AV0029-Cb_GNgam    0.00%    passed     91.48%
 521  AV0030-Ca_GNgam    0.00%    passed     98.76%
 522  AV0030-Cb_GNgam    0.00%    passed     94.80%
 523  AV0031-Ca_GNgam    0.00%    passed     83.92%
 524  AV0031-Cb_GNgam    0.00%    passed     81.10%
 525  AV0032-Ca_GNgam    0.00%    passed     99.37%
 526  AV0032-Cb_GNgam    0.00%    passed     98.03%
 527  AV0033-Ca_GNgam    0.00%    passed     94.80%
 528  AV0033-Cb_GNgam    0.00%    passed     93.44%
 529  AV0034-Ca_GNgam    0.00%    passed     95.99%
 530  AV0034-Cb_GNgam    0.00%    passed     97.41%
 531  AV0035-Ca_GNgam    0.00%    passed     73.13%
 532  AV0035-Cb_GNgam    0.00%    passed     98.33%
 533  AV0036-Ca_GNgam    0.00%    passed     94.80%
 534  AV0036-Cb_GNgam    0.00%    passed     66.20%
 535  AV0037-Ca_GNgam    0.00%    passed     92.75%
 536  AV0037-Cb_GNgam    0.00%    passed     99.07%
 537  AV0039-Ca_GNgam    0.00%    passed     98.66%
 538  AV0039-Cb_GNgam    0.00%    passed     90.90%
 539  AV0041-Ca_GNgam    0.00%    passed     94.80%
 540  AV0041-Cb_GNgam    0.00%    passed     98.77%
 541  AV0043-Ca_GNgam    0.00%    passed     92.75%
 542  AV0043-Cb_GNgam    0.00%    passed     99.97%
 543  AV0044-Ca_GNgam    0.00%    passed     98.11%
 544  AV0044-Cb_GNgam    0.00%    passed     90.72%
 545  AV0045-Ca_GNgam    0.00%    passed     84.73%
 546  AV0045-Cb_GNgam    0.00%    passed     87.92%
 547  AV0047-Ca_GNgam    0.00%    passed     96.76%
 548  AV0047-Cb_GNgam    0.00%    passed     98.09%
 549  AY0006-Ca_CIcol    0.00%    passed     98.66%
 550  AY0006-Cb_CIcol    0.00%    passed     86.92%
 551  AY0007-Ca_CIcol    0.00%    passed     94.80%
 552  AY0007-Cb_CIcol    0.00%    passed     94.80%
 553  AY0010-Ca_CIcol    0.00%    passed     91.54%
 554  AY0010-Cb_CIcol    0.00%    passed     98.76%
 555  AY0011-Ca_CIcol    0.00%    passed     98.66%
 556  AY0011-Cb_CIcol    0.00%    passed     93.00%
 557  AY0012-Ca_CIcol    0.00%    passed     93.17%
 558  AY0012-Cb_CIcol    0.00%    passed     99.69%
 559  AY0013-Ca_CIcol    0.00%    passed     98.11%
 560  AY0013-Cb_CIcol    0.00%    passed     95.93%
 561  AY0015-Ca_CIcol    0.00%    passed     97.41%
 562  AY0015-Cb_CIcol    0.00%    passed     99.69%
 563  AY0016-Ca_CIcol    0.00%    passed     98.76%
 564  AY0016-Cb_CIcol    0.00%    passed     94.80%
 565  AY0017-Ca_CIcol    0.00%    passed     99.69%
 566  AY0017-Cb_CIcol    0.00%    passed     81.10%
 567  AY0018-Ca_CIcol    0.00%    passed     99.69%
 568  AY0018-Cb_CIcol    0.00%    passed     98.76%
 569  AY0019-Ca_CIcol    0.00%    passed     72.90%
 570  AY0019-Cb_CIcol    0.00%    passed     98.76%
 571  AY0020-Ca_CIcol    0.00%    passed     95.47%
 572  AY0020-Cb_CIcol    0.00%    passed     93.00%
 573  AY0021-Ca_CIcol    0.00%    passed     84.62%
 574  AY0021-Cb_CIcol    0.00%    passed     98.56%
 575  AY0023-Ca_CIcol    0.00%    passed     75.94%
 576  AY0023-Cb_CIcol    0.00%    passed     92.96%
 577  AY0024-Ca_CIcol    0.00%    passed     95.93%
 578  AY0024-Cb_CIcol    0.00%    passed     98.76%
 579  AY0025-Ca_CIcol    0.00%    passed     94.80%
 580  AY0025-Cb_CIcol    0.00%    passed     98.76%
 581  AY0026-Ca_CIcol    0.00%    passed     94.80%
 582  AY0026-Cb_CIcol    0.00%    passed     98.03%
 583  AY0027-Ca_CIcol    0.00%    passed     90.90%
 584  AY0027-Cb_CIcol    0.00%    passed     94.80%
 585  AY0029-Ca_CIcol    0.00%    passed     76.41%
 586  AY0029-Cb_CIcol    0.00%    passed     83.38%
 587  AY0031-Ca_CIcol    0.00%    passed     48.40%
 588  AY0031-Cb_CIcol    0.00%    passed     94.80%
 589  AY0032-Ca_CIcol    0.00%    passed     99.07%
 590  AY0032-Cb_CIcol    0.00%    passed     99.69%
 591  AY0033-Ca_CIcol    0.00%    passed     91.54%
 592  AY0033-Cb_CIcol    0.00%    passed     92.87%
 593  AY0034-Ca_CIcol    0.00%    passed     99.69%
 594  AY0034-Cb_CIcol    0.00%    passed     97.41%
 595  AY0035-Ca_CIcol    0.00%    passed     98.76%
 596  AY0035-Cb_CIcol    0.00%    passed     97.41%
 597  AY0036-Ca_CIcol    0.00%    passed     76.41%
 598  AY0036-Cb_CIcol    0.00%    passed     94.80%
 599  AY0038-Ca_CIcol    0.00%    passed     97.41%
 600  AY0038-Cb_CIcol    0.00%    passed     95.47%
 601  AY0039-Ca_CIcol    0.00%    passed     98.76%
 602  AY0039-Cb_CIcol    0.00%    passed     87.63%
 603  AY0040-Ca_CIcol    0.00%    passed     92.96%
 604  AY0040-Cb_CIcol    0.00%    passed     87.49%
 605  AY0041-Ca_CIcol    0.00%    passed     91.83%
 606  AY0041-Cb_CIcol    0.00%    passed     92.96%
 607  AY0042-Ca_CIcol    0.00%    passed     95.93%
 608  AY0042-Cb_CIcol    0.00%    passed     95.47%
 609  AY0043-Ca_CIcol    0.00%    passed     99.69%
 610  AY0043-Cb_CIcol    0.00%    passed     93.17%
 611  AY0045-Ca_CIcol    0.00%    passed     98.09%
 612  AY0045-Cb_CIcol    0.00%    passed     99.69%
 613  AY0046-Ca_CIcol    0.00%    passed     98.76%
 614  AY0046-Cb_CIcol    0.00%    passed     99.69%
 615  AY0047-Ca_CIcol    0.00%    passed     99.69%
 616  AY0047-Cb_CIcol    0.00%    passed     99.69%
 617  AY0048-Ca_CIcol    0.00%    passed     94.80%
 618  AY0048-Cb_CIcol    0.00%    passed     84.46%
 619  AY0049-Ca_CIcol    0.00%    passed     80.50%
 620  AY0049-Cb_CIcol    0.00%    passed     99.69%
 621  AY0050-Ca_CIcol    0.00%    passed     99.07%
 622  AY0050-Cb_CIcol    0.00%    passed     99.69%
 623  AY0052-Ca_CIcol    0.00%    passed     94.80%
 624  AY0052-Cb_CIcol    0.00%    passed     94.80%
 625  AY0053-Ca_CIcol    0.00%    passed     97.41%
 626  AY0053-Cb_CIcol    0.00%    passed     93.93%
 627  AY0054-Ca_CIcol    0.00%    passed     93.17%
 628  AY0054-Cb_CIcol    0.00%    passed     93.86%
 629  AY0055-Ca_CIcol    0.00%    passed     99.69%
 630  AY0055-Cb_CIcol    0.00%    passed     99.69%
 631  AY0056-Ca_CIcol    0.00%    passed     97.41%
 632  AY0056-Cb_CIcol    0.00%    passed     99.69%
 633  AY0057-Ca_CIcol    0.00%    passed     81.90%
 634  AY0057-Cb_CIcol    0.00%    passed     97.41%
 635  AY0058-Ca_CIcol    0.00%    passed     94.81%
 636  AY0058-Cb_CIcol    0.00%    passed     99.69%
 637  AY0059-Ca_CIcol    0.00%    passed     94.80%
 638  AY0059-Cb_CIcol    0.00%    passed     92.75%
 639  AY0060-Ca_CIcol    0.00%    passed     92.82%
 640  AY0060-Cb_CIcol    0.00%    passed     90.82%
 641  AY0061-Ca_CIcol    0.00%    passed     94.80%
 642  AY0061-Cb_CIcol    0.00%    passed     94.80%
 643  AY0062-Ca_CIcol    0.00%    passed     97.65%
 644  AY0062-Cb_CIcol    0.00%    passed     98.33%
 645  AY0063-Ca_CIcol    0.00%    passed     93.65%
 646  AY0063-Cb_CIcol    0.00%    passed     78.78%
 647  AY0064-Ca_CIcol    0.00%    passed     99.69%
 648  AY0064-Cb_CIcol    0.00%    passed     99.69%
 649  AY0065-Ca_CIcol    0.00%    passed     93.00%
 650  AY0065-Cb_CIcol    0.00%    passed     97.41%
 651  AY0066-Ca_CIcol    0.00%    passed     95.93%
 652  AY0066-Cb_CIcol    0.00%    passed     94.80%
 653  AY0067-Ca_CIcol    0.00%    passed     90.31%
 654  AY0067-Cb_CIcol    0.00%    passed     95.47%
 655  AY0068-Ca_CIcol    0.00%    passed     95.93%
 656  AY0068-Cb_CIcol    0.00%    passed     97.41%
 657  AY0069-Ca_CIcol    0.00%    passed     94.80%
 658  AY0069-Cb_CIcol    0.00%    passed     94.80%
 659  AY0070-Ca_CIcol    0.00%    passed     97.41%
 660  AY0070-Cb_CIcol    0.00%    passed     97.41%
 661  AY0072-Ca_CIcol    0.00%    passed     99.69%
 662  AY0072-Cb_CIcol    0.00%    passed     97.77%
 663  AY0074-Ca_CIcol    0.00%    passed     99.69%
 664  AY0074-Cb_CIcol    0.00%    passed     93.17%
 665  AY0076-Ca_CIcol    0.00%    passed     94.80%
 666  AY0076-Cb_CIcol    0.00%    passed     99.69%
 667  AY0077-Ca_CIcol    0.00%    passed     92.96%
 668  AY0077-Cb_CIcol    0.00%    passed     94.80%
 669  AY0078-Ca_CIcol    0.00%    passed     98.76%
 670  AY0078-Cb_CIcol    0.00%    passed     97.41%
 671  AY0079-Ca_CIcol    0.00%    passed     94.80%
 672  AY0079-Cb_CIcol    0.00%    passed     99.69%
 673  AY0080-Ca_CIcol    0.00%    passed     90.90%
 674  AY0080-Cb_CIcol    0.00%    passed     98.76%
 675  AY0082-Ca_CIcol    0.00%    passed     99.69%
 676  AY0082-Cb_CIcol    0.00%    passed     97.41%
 677  AY0083-Ca_CIcol    0.00%    passed     95.55%
 678  AY0083-Cb_CIcol    0.00%    passed     97.41%
 679  AY0085-Ca_CIcol    0.00%    passed     94.81%
 680  AY0085-Cb_CIcol    0.00%    passed     75.17%
 681  AY0087-Ca_CIcol    0.00%    passed     78.78%
 682  AY0087-Cb_CIcol    0.00%    passed     85.31%
 683  AY0088-Ca_CIcol    0.00%    passed     94.80%
 684  AY0088-Cb_CIcol    0.00%    passed     96.69%
 685  AY0089-Ca_CIcol    0.00%    passed     98.76%
 686  AY0089-Cb_CIcol    0.00%    passed     94.80%
 687  AY0090-Ca_CIcol    0.00%    passed     94.80%
 688  AY0090-Cb_CIcol    0.00%    passed     97.41%
 689  AY0091-Ca_CIcol    0.00%    passed     94.80%
 690  AY0091-Cb_CIcol    0.00%    passed     94.80%
****  TOTAL              0.00%  0 sequences failed composition chi2 test (p-value<5%; df=3)
NOTE: AB0262-Ca_BFcol is identical to AA0040-Ca_GHcol but kept for subsequent analysis
NOTE: AB0118-Ca_BFgam is identical to AA0040-Cb_GHcol but kept for subsequent analysis
NOTE: AA0136-Cb_GHcol is identical to AA0041-Ca_GHcol but kept for subsequent analysis
NOTE: AA0054-Cb_GHcol is identical to AA0041-Cb_GHcol but kept for subsequent analysis
NOTE: AA0052-Ca_GHcol is identical to AA0042-Cb_GHcol but kept for subsequent analysis
NOTE: AA0109-Ca_GHcol is identical to AA0043-Ca_GHcol but kept for subsequent analysis
NOTE: AA0048-Cb_GHgam is identical to AA0048-Ca_GHgam but kept for subsequent analysis
NOTE: AA0051-Cb_GHcol is identical to AA0049-Ca_GHcol but kept for subsequent analysis
NOTE: AY0080-Ca_CIcol is identical to AA0049-Cb_GHcol but kept for subsequent analysis
NOTE: AA0099-Ca_GHcol is identical to AA0051-Ca_GHcol but kept for subsequent analysis
NOTE: AB0189-Cb_BFcol is identical to AA0052-Cb_GHcol but kept for subsequent analysis
NOTE: AA0056-Ca_GHcol is identical to AA0053-Ca_GHcol but kept for subsequent analysis
NOTE: AA0089-Cb_GHcol is identical to AA0053-Cb_GHcol but kept for subsequent analysis
NOTE: AB0089-Ca_BFcol is identical to AA0055-Cb_GHcol but kept for subsequent analysis
NOTE: AA0073-Cb_GHcol is identical to AA0056-Cb_GHcol but kept for subsequent analysis
NOTE: AA0103-Ca_GHcol is identical to AA0063-Ca_GHcol but kept for subsequent analysis
NOTE: AA0068-Cb_GHcol is identical to AA0063-Cb_GHcol but kept for subsequent analysis
NOTE: AA0099-Cb_GHcol is identical to AA0064-Cb_GHcol but kept for subsequent analysis
NOTE: AA0139-Cb_GHcol is identical to AA0067-Ca_GHcol but kept for subsequent analysis
NOTE: AY0023-Ca_CIcol is identical to AA0067-Cb_GHcol but kept for subsequent analysis
NOTE: AB0265-Ca_BFgam is identical to AA0068-Ca_GHcol but kept for subsequent analysis
NOTE: AA0098-Ca_GHcol is identical to AA0073-Ca_GHcol but kept for subsequent analysis
NOTE: AY0040-Cb_CIcol is identical to AA0074-Cb_GHcol but kept for subsequent analysis
NOTE: AA0090-Cb_GHcol is identical to AA0075-Ca_GHcol but kept for subsequent analysis
NOTE: AA0135-Cb_GHcol is identical to AA0076-Ca_GHcol but kept for subsequent analysis
NOTE: AB0243-Cb_BFcol is identical to AA0077-Cb_GHcol but kept for subsequent analysis
NOTE: AY0067-Ca_CIcol is identical to AA0080-Ca_GHcol but kept for subsequent analysis
NOTE: AB0172-Cb_BFgam is identical to AA0086-Ca_GHgam but kept for subsequent analysis
NOTE: AV0027-Cb_GNgam is identical to AA0086-Cb_GHgam but kept for subsequent analysis
NOTE: AA0104-Ca_GHcol is identical to AA0087-Ca_GHcol but kept for subsequent analysis
NOTE: AY0010-Cb_CIcol is identical to AA0090-Ca_GHcol but kept for subsequent analysis
NOTE: AA0110-Ca_GHcol is identical to AA0098-Cb_GHcol but kept for subsequent analysis
NOTE: AY0011-Ca_CIcol is identical to AA0100-Ca_GHcol but kept for subsequent analysis
NOTE: AB0101-Ca_BFcol is identical to AA0102-Ca_GHcol but kept for subsequent analysis
NOTE: AA0132-Cb_GHcol is identical to AA0107-Ca_GHcol but kept for subsequent analysis
NOTE: AB0204-Cb_BFcol is identical to AA0107-Cb_GHcol but kept for subsequent analysis
NOTE: AB0183-Cb_BFcol is identical to AA0109-Cb_GHcol but kept for subsequent analysis
NOTE: AB0182-Ca_BFcol is identical to AA0111-Ca_GHcol but kept for subsequent analysis
NOTE: AB0142-Ca_BFcol is identical to AA0115-Ca_GHcol but kept for subsequent analysis
NOTE: AB0237-Cb_BFcol is identical to AA0124-Ca_GHcol but kept for subsequent analysis
NOTE: AB0095-Ca_BFcol is identical to AA0125-Ca_GHcol but kept for subsequent analysis
NOTE: AB0085-Cb_BFgam is identical to AB0085-Ca_BFgam but kept for subsequent analysis
NOTE: AB0183-Ca_BFcol is identical to AB0091-Cb_BFcol but kept for subsequent analysis
NOTE: AB0113-Cb_BFcol is identical to AB0092-Ca_BFcol but kept for subsequent analysis
NOTE: AB0137-Ca_BFcol is identical to AB0092-Cb_BFcol but kept for subsequent analysis
NOTE: AB0263-Cb_BFcol is identical to AB0097-Ca_BFcol but kept for subsequent analysis
NOTE: AY0036-Ca_CIcol is identical to AB0098-Cb_BFcol but kept for subsequent analysis
NOTE: AB0099-Cb_BFcol is identical to AB0099-Ca_BFcol but kept for subsequent analysis
NOTE: AB0143-Ca_BFgam is identical to AB0103-Ca_BFgam but kept for subsequent analysis
NOTE: AB0130-Ca_BFgam is identical to AB0103-Cb_BFgam but kept for subsequent analysis
NOTE: AB0117-Cb_BFgam is identical to AB0108-Ca_BFgam but kept for subsequent analysis
NOTE: AY0021-Cb_CIcol is identical to AB0109-Ca_BFcol but kept for subsequent analysis
NOTE: AB0280-Ca_BFgam is identical to AB0118-Cb_BFgam but kept for subsequent analysis
NOTE: AY0038-Cb_CIcol is identical to AB0122-Ca_BFcol but kept for subsequent analysis
NOTE: AB0161-Cb_BFgam is identical to AB0126-Ca_BFgam but kept for subsequent analysis
NOTE: AV0022-Cb_GNgam is identical to AB0128-Cb_BFgam but kept for subsequent analysis
NOTE: AB0283-Cb_BFgam is identical to AB0135-Cb_BFgam but kept for subsequent analysis
NOTE: AB0252-Ca_BFgam is identical to AB0151-Ca_BFgam but kept for subsequent analysis
NOTE: AB0270-Ca_BFgam is identical to AB0155-Ca_BFgam but kept for subsequent analysis
NOTE: AB0209-Cb_BFcol is identical to AB0158-Cb_BFgam but kept for subsequent analysis
NOTE: AB0207-Cb_BFgam is identical to AB0162-Cb_BFgam but kept for subsequent analysis
NOTE: AB0218-Ca_BFgam is identical to AB0167-Ca_BFgam but kept for subsequent analysis
NOTE: AB0231-Ca_BFgam is identical to AB0176-Cb_BFgam but kept for subsequent analysis
NOTE: AB0215-Ca_BFcol is identical to AB0179-Ca_BFgam but kept for subsequent analysis
NOTE: AB0192-Ca_BFcol is identical to AB0181-Ca_BFcol but kept for subsequent analysis
NOTE: AB0188-Ca_BFcol is identical to AB0184-Cb_BFcol but kept for subsequent analysis
NOTE: AY0015-Cb_CIcol is identical to AB0186-Cb_BFcol but kept for subsequent analysis
NOTE: AB0248-Ca_BFcol is identical to AB0198-Cb_BFgam but kept for subsequent analysis
NOTE: AY0006-Ca_CIcol is identical to AB0210-Cb_BFcol but kept for subsequent analysis
NOTE: AB0282-Ca_BFcol is identical to AB0219-Cb_BFcol but kept for subsequent analysis
NOTE: AV0033-Cb_GNgam is identical to AB0233-Ca_BFgam but kept for subsequent analysis
NOTE: AY0016-Ca_CIcol is identical to AB0233-Cb_BFgam but kept for subsequent analysis
NOTE: AY0041-Ca_CIcol is identical to AB0242-Cb_BFcol but kept for subsequent analysis
NOTE: AY0053-Cb_CIcol is identical to AB0243-Ca_BFcol but kept for subsequent analysis
NOTE: AB0270-Cb_BFgam is identical to AB0267-Cb_BFcol but kept for subsequent analysis
NOTE: AY0060-Ca_CIcol is identical to AB0276-Cb_BFcol but kept for subsequent analysis
NOTE: AY0018-Ca_CIcol is identical to AB0283-Ca_BFgam but kept for subsequent analysis
NOTE: AV0032-Ca_GNgam is identical to AV0006-Cb_GNgam but kept for subsequent analysis
NOTE: AV0034-Cb_GNgam is identical to AV0026-Ca_GNgam but kept for subsequent analysis
NOTE: AV0028-Cb_GNgam is identical to AV0027-Ca_GNgam but kept for subsequent analysis
NOTE: AY0034-Cb_CIcol is identical to AY0015-Ca_CIcol but kept for subsequent analysis
NOTE: AY0040-Ca_CIcol is identical to AY0023-Cb_CIcol but kept for subsequent analysis
NOTE: 228 identical sequences (see below) will be ignored for subsequent analysis
NOTE: AB0240-Ca_BFcol (identical to AA0040-Cb_GHcol) is ignored but added at the end
NOTE: AA0101-Cb_GHcol (identical to AA0041-Cb_GHcol) is ignored but added at the end
NOTE: AA0139-Ca_GHcol (identical to AA0041-Cb_GHcol) is ignored but added at the end
NOTE: AY0039-Cb_CIcol (identical to AA0041-Cb_GHcol) is ignored but added at the end
NOTE: AB0178-Cb_BFgam (identical to AA0042-Cb_GHcol) is ignored but added at the end
NOTE: AV0022-Ca_GNgam (identical to AA0042-Cb_GHcol) is ignored but added at the end
NOTE: AA0114-Cb_GHcol (identical to AA0043-Ca_GHcol) is ignored but added at the end
NOTE: AA0116-Cb_GHcol (identical to AA0043-Ca_GHcol) is ignored but added at the end
NOTE: AA0050-Ca_GHgam (identical to AA0048-Ca_GHgam) is ignored but added at the end
NOTE: AA0050-Cb_GHgam (identical to AA0048-Ca_GHgam) is ignored but added at the end
NOTE: AA0060-Ca_GHgam (identical to AA0048-Ca_GHgam) is ignored but added at the end
NOTE: AA0061-Ca_GHgam (identical to AA0048-Ca_GHgam) is ignored but added at the end
NOTE: AA0061-Cb_GHgam (identical to AA0048-Ca_GHgam) is ignored but added at the end
NOTE: AA0072-Cb_GHgam (identical to AA0048-Ca_GHgam) is ignored but added at the end
NOTE: AA0084-Ca_GHgam (identical to AA0048-Ca_GHgam) is ignored but added at the end
NOTE: AA0084-Cb_GHgam (identical to AA0048-Ca_GHgam) is ignored but added at the end
NOTE: AA0085-Cb_GHgam (identical to AA0048-Ca_GHgam) is ignored but added at the end
NOTE: AA0096-Cb_GHgam (identical to AA0048-Ca_GHgam) is ignored but added at the end
NOTE: AA0108-Cb_GHgam (identical to AA0048-Ca_GHgam) is ignored but added at the end
NOTE: AA0133-Ca_GHgam (identical to AA0048-Ca_GHgam) is ignored but added at the end
NOTE: AA0133-Cb_GHgam (identical to AA0049-Ca_GHcol) is ignored but added at the end
NOTE: AB0112-Ca_BFcol (identical to AA0049-Ca_GHcol) is ignored but added at the end
NOTE: AB0234-Ca_BFcol (identical to AA0052-Cb_GHcol) is ignored but added at the end
NOTE: AA0064-Ca_GHcol (identical to AA0053-Ca_GHcol) is ignored but added at the end
NOTE: AA0076-Cb_GHcol (identical to AA0053-Ca_GHcol) is ignored but added at the end
NOTE: AA0088-Ca_GHcol (identical to AA0053-Ca_GHcol) is ignored but added at the end
NOTE: AA0089-Ca_GHcol (identical to AA0053-Ca_GHcol) is ignored but added at the end
NOTE: AA0104-Cb_GHcol (identical to AA0053-Ca_GHcol) is ignored but added at the end
NOTE: AA0116-Ca_GHcol (identical to AA0053-Ca_GHcol) is ignored but added at the end
NOTE: AA0136-Ca_GHcol (identical to AA0053-Ca_GHcol) is ignored but added at the end
NOTE: AY0032-Ca_CIcol (identical to AA0053-Ca_GHcol) is ignored but added at the end
NOTE: AY0050-Ca_CIcol (identical to AA0053-Ca_GHcol) is ignored but added at the end
NOTE: AA0091-Ca_GHcol (identical to AA0053-Cb_GHcol) is ignored but added at the end
NOTE: AA0091-Cb_GHcol (identical to AA0053-Cb_GHcol) is ignored but added at the end
NOTE: AA0101-Ca_GHcol (identical to AA0053-Cb_GHcol) is ignored but added at the end
NOTE: AA0127-Cb_GHcol (identical to AA0053-Cb_GHcol) is ignored but added at the end
NOTE: AA0134-Cb_GHcol (identical to AA0053-Cb_GHcol) is ignored but added at the end
NOTE: AY0010-Ca_CIcol (identical to AA0053-Cb_GHcol) is ignored but added at the end
NOTE: AY0033-Ca_CIcol (identical to AA0053-Cb_GHcol) is ignored but added at the end
NOTE: AB0140-Cb_BFcol (identical to AA0055-Cb_GHcol) is ignored but added at the end
NOTE: AB0204-Ca_BFcol (identical to AA0055-Cb_GHcol) is ignored but added at the end
NOTE: AB0212-Ca_BFcol (identical to AA0055-Cb_GHcol) is ignored but added at the end
NOTE: AY0011-Cb_CIcol (identical to AA0055-Cb_GHcol) is ignored but added at the end
NOTE: AA0075-Cb_GHcol (identical to AA0056-Cb_GHcol) is ignored but added at the end
NOTE: AA0100-Cb_GHcol (identical to AA0056-Cb_GHcol) is ignored but added at the end
NOTE: AA0113-Cb_GHcol (identical to AA0056-Cb_GHcol) is ignored but added at the end
NOTE: AB0090-Ca_BFcol (identical to AA0056-Cb_GHcol) is ignored but added at the end
NOTE: AB0097-Cb_BFcol (identical to AA0056-Cb_GHcol) is ignored but added at the end
NOTE: AY0012-Ca_CIcol (identical to AA0056-Cb_GHcol) is ignored but added at the end
NOTE: AY0043-Cb_CIcol (identical to AA0056-Cb_GHcol) is ignored but added at the end
NOTE: AY0054-Ca_CIcol (identical to AA0056-Cb_GHcol) is ignored but added at the end
NOTE: AY0074-Cb_CIcol (identical to AA0056-Cb_GHcol) is ignored but added at the end
NOTE: AY0031-Ca_CIcol (identical to AA0063-Ca_GHcol) is ignored but added at the end
NOTE: AY0021-Ca_CIcol (identical to AA0064-Cb_GHcol) is ignored but added at the end
NOTE: AA0140-Ca_GHcol (identical to AA0067-Ca_GHcol) is ignored but added at the end
NOTE: AB0209-Ca_BFcol (identical to AA0067-Ca_GHcol) is ignored but added at the end
NOTE: AA0140-Cb_GHcol (identical to AA0073-Ca_GHcol) is ignored but added at the end
NOTE: AA0097-Cb_GHcol (identical to AA0075-Ca_GHcol) is ignored but added at the end
NOTE: AA0102-Cb_GHcol (identical to AA0075-Ca_GHcol) is ignored but added at the end
NOTE: AA0135-Ca_GHcol (identical to AA0075-Ca_GHcol) is ignored but added at the end
NOTE: AB0089-Cb_BFcol (identical to AA0075-Ca_GHcol) is ignored but added at the end
NOTE: AB0279-Cb_BFcol (identical to AA0076-Ca_GHcol) is ignored but added at the end
NOTE: AY0072-Cb_CIcol (identical to AA0076-Ca_GHcol) is ignored but added at the end
NOTE: AY0059-Cb_CIcol (identical to AA0077-Cb_GHcol) is ignored but added at the end
NOTE: AB0271-Cb_BFgam (identical to AA0086-Ca_GHgam) is ignored but added at the end
NOTE: AV0028-Ca_GNgam (identical to AA0086-Cb_GHgam) is ignored but added at the end
NOTE: AB0129-Ca_BFgam (identical to AA0087-Ca_GHcol) is ignored but added at the end
NOTE: AB0201-Cb_BFgam (identical to AA0087-Ca_GHcol) is ignored but added at the end
NOTE: AB0284-Cb_BFgam (identical to AA0087-Ca_GHcol) is ignored but added at the end
NOTE: AV0002-Cb_GNgam (identical to AA0087-Ca_GHcol) is ignored but added at the end
NOTE: AV0012-Cb_GNgam (identical to AA0087-Ca_GHcol) is ignored but added at the end
NOTE: AV0020-Cb_GNgam (identical to AA0087-Ca_GHcol) is ignored but added at the end
NOTE: AV0047-Cb_GNgam (identical to AA0087-Ca_GHcol) is ignored but added at the end
NOTE: AB0101-Cb_BFcol (identical to AA0102-Ca_GHcol) is ignored but added at the end
NOTE: AB0124-Ca_BFcol (identical to AA0102-Ca_GHcol) is ignored but added at the end
NOTE: AB0113-Ca_BFcol (identical to AA0125-Ca_GHcol) is ignored but added at the end
NOTE: AB0226-Cb_BFcol (identical to AA0125-Ca_GHcol) is ignored but added at the end
NOTE: AB0130-Cb_BFgam (identical to AB0085-Ca_BFgam) is ignored but added at the end
NOTE: AB0133-Cb_BFgam (identical to AB0085-Ca_BFgam) is ignored but added at the end
NOTE: AB0177-Cb_BFgam (identical to AB0085-Ca_BFgam) is ignored but added at the end
NOTE: AV0021-Ca_GNgam (identical to AB0085-Ca_BFgam) is ignored but added at the end
NOTE: AB0197-Ca_BFgam (identical to AB0092-Ca_BFcol) is ignored but added at the end
NOTE: AB0236-Cb_BFgam (identical to AB0092-Ca_BFcol) is ignored but added at the end
NOTE: AB0275-Ca_BFgam (identical to AB0092-Ca_BFcol) is ignored but added at the end
NOTE: AY0012-Cb_CIcol (identical to AB0092-Ca_BFcol) is ignored but added at the end
NOTE: AY0032-Cb_CIcol (identical to AB0092-Ca_BFcol) is ignored but added at the end
NOTE: AY0045-Cb_CIcol (identical to AB0092-Ca_BFcol) is ignored but added at the end
NOTE: AY0047-Ca_CIcol (identical to AB0092-Ca_BFcol) is ignored but added at the end
NOTE: AY0055-Ca_CIcol (identical to AB0092-Ca_BFcol) is ignored but added at the end
NOTE: AY0055-Cb_CIcol (identical to AB0092-Ca_BFcol) is ignored but added at the end
NOTE: AY0058-Cb_CIcol (identical to AB0092-Ca_BFcol) is ignored but added at the end
NOTE: AY0064-Ca_CIcol (identical to AB0092-Ca_BFcol) is ignored but added at the end
NOTE: AY0064-Cb_CIcol (identical to AB0092-Ca_BFcol) is ignored but added at the end
NOTE: AY0074-Ca_CIcol (identical to AB0092-Ca_BFcol) is ignored but added at the end
NOTE: AY0076-Cb_CIcol (identical to AB0092-Ca_BFcol) is ignored but added at the end
NOTE: AY0079-Cb_CIcol (identical to AB0092-Ca_BFcol) is ignored but added at the end
NOTE: AY0082-Ca_CIcol (identical to AB0092-Ca_BFcol) is ignored but added at the end
NOTE: AB0184-Ca_BFcol (identical to AB0092-Cb_BFcol) is ignored but added at the end
NOTE: AB0185-Cb_BFcol (identical to AB0092-Cb_BFcol) is ignored but added at the end
NOTE: AB0192-Cb_BFcol (identical to AB0092-Cb_BFcol) is ignored but added at the end
NOTE: AB0222-Ca_BFcol (identical to AB0092-Cb_BFcol) is ignored but added at the end
NOTE: AB0249-Ca_BFcol (identical to AB0092-Cb_BFcol) is ignored but added at the end
NOTE: AB0182-Cb_BFcol (identical to AB0099-Ca_BFcol) is ignored but added at the end
NOTE: AB0186-Ca_BFcol (identical to AB0099-Ca_BFcol) is ignored but added at the end
NOTE: AB0212-Cb_BFcol (identical to AB0099-Ca_BFcol) is ignored but added at the end
NOTE: AB0227-Ca_BFcol (identical to AB0099-Ca_BFcol) is ignored but added at the end
NOTE: AB0240-Cb_BFcol (identical to AB0099-Ca_BFcol) is ignored but added at the end
NOTE: AB0242-Ca_BFcol (identical to AB0099-Ca_BFcol) is ignored but added at the end
NOTE: AY0024-Ca_CIcol (identical to AB0099-Ca_BFcol) is ignored but added at the end
NOTE: AY0042-Ca_CIcol (identical to AB0099-Ca_BFcol) is ignored but added at the end
NOTE: AY0066-Ca_CIcol (identical to AB0099-Ca_BFcol) is ignored but added at the end
NOTE: AY0068-Ca_CIcol (identical to AB0099-Ca_BFcol) is ignored but added at the end
NOTE: AB0217-Ca_BFgam (identical to AB0103-Cb_BFgam) is ignored but added at the end
NOTE: AB0280-Cb_BFgam (identical to AB0103-Cb_BFgam) is ignored but added at the end
NOTE: AV0009-Cb_GNgam (identical to AB0103-Cb_BFgam) is ignored but added at the end
NOTE: AV0035-Cb_GNgam (identical to AB0103-Cb_BFgam) is ignored but added at the end
NOTE: AB0126-Cb_BFgam (identical to AB0108-Ca_BFgam) is ignored but added at the end
NOTE: AB0134-Cb_BFgam (identical to AB0108-Ca_BFgam) is ignored but added at the end
NOTE: AB0135-Ca_BFgam (identical to AB0108-Ca_BFgam) is ignored but added at the end
NOTE: AB0136-Ca_BFgam (identical to AB0108-Ca_BFgam) is ignored but added at the end
NOTE: AB0143-Cb_BFgam (identical to AB0108-Ca_BFgam) is ignored but added at the end
NOTE: AB0145-Ca_BFgam (identical to AB0108-Ca_BFgam) is ignored but added at the end
NOTE: AB0145-Cb_BFgam (identical to AB0108-Ca_BFgam) is ignored but added at the end
NOTE: AB0146-Cb_BFgam (identical to AB0108-Ca_BFgam) is ignored but added at the end
NOTE: AB0150-Ca_BFgam (identical to AB0108-Ca_BFgam) is ignored but added at the end
NOTE: AB0150-Cb_BFgam (identical to AB0108-Ca_BFgam) is ignored but added at the end
NOTE: AB0157-Ca_BFgam (identical to AB0108-Ca_BFgam) is ignored but added at the end
NOTE: AB0157-Cb_BFgam (identical to AB0108-Ca_BFgam) is ignored but added at the end
NOTE: AB0158-Ca_BFgam (identical to AB0108-Ca_BFgam) is ignored but added at the end
NOTE: AB0159-Ca_BFgam (identical to AB0108-Ca_BFgam) is ignored but added at the end
NOTE: AB0160-Cb_BFgam (identical to AB0108-Ca_BFgam) is ignored but added at the end
NOTE: AB0169-Cb_BFgam (identical to AB0108-Ca_BFgam) is ignored but added at the end
NOTE: AB0170-Ca_BFgam (identical to AB0108-Ca_BFgam) is ignored but added at the end
NOTE: AB0198-Ca_BFgam (identical to AB0108-Ca_BFgam) is ignored but added at the end
NOTE: AB0205-Cb_BFgam (identical to AB0108-Ca_BFgam) is ignored but added at the end
NOTE: AB0208-Ca_BFgam (identical to AB0108-Ca_BFgam) is ignored but added at the end
NOTE: AB0208-Cb_BFgam (identical to AB0108-Ca_BFgam) is ignored but added at the end
NOTE: AB0211-Ca_BFgam (identical to AB0108-Ca_BFgam) is ignored but added at the end
NOTE: AB0217-Cb_BFgam (identical to AB0108-Ca_BFgam) is ignored but added at the end
NOTE: AB0235-Ca_BFgam (identical to AB0108-Ca_BFgam) is ignored but added at the end
NOTE: AB0238-Ca_BFgam (identical to AB0108-Ca_BFgam) is ignored but added at the end
NOTE: AB0238-Cb_BFgam (identical to AB0108-Ca_BFgam) is ignored but added at the end
NOTE: AB0239-Ca_BFgam (identical to AB0108-Ca_BFgam) is ignored but added at the end
NOTE: AB0271-Ca_BFgam (identical to AB0108-Ca_BFgam) is ignored but added at the end
NOTE: AB0274-Ca_BFgam (identical to AB0108-Ca_BFgam) is ignored but added at the end
NOTE: AB0279-Ca_BFcol (identical to AB0108-Ca_BFgam) is ignored but added at the end
NOTE: AB0284-Ca_BFgam (identical to AB0108-Ca_BFgam) is ignored but added at the end
NOTE: AV0001-Cb_GNgam (identical to AB0108-Ca_BFgam) is ignored but added at the end
NOTE: AV0005-Ca_GNgam (identical to AB0108-Ca_BFgam) is ignored but added at the end
NOTE: AV0020-Ca_GNgam (identical to AB0108-Ca_BFgam) is ignored but added at the end
NOTE: AV0026-Cb_GNgam (identical to AB0108-Ca_BFgam) is ignored but added at the end
NOTE: AV0029-Ca_GNgam (identical to AB0108-Ca_BFgam) is ignored but added at the end
NOTE: AV0030-Cb_GNgam (identical to AB0108-Ca_BFgam) is ignored but added at the end
NOTE: AV0033-Ca_GNgam (identical to AB0108-Ca_BFgam) is ignored but added at the end
NOTE: AV0036-Ca_GNgam (identical to AB0108-Ca_BFgam) is ignored but added at the end
NOTE: AV0041-Ca_GNgam (identical to AB0108-Ca_BFgam) is ignored but added at the end
NOTE: AY0007-Ca_CIcol (identical to AB0108-Ca_BFgam) is ignored but added at the end
NOTE: AY0007-Cb_CIcol (identical to AB0108-Ca_BFgam) is ignored but added at the end
NOTE: AY0016-Cb_CIcol (identical to AB0108-Ca_BFgam) is ignored but added at the end
NOTE: AY0025-Ca_CIcol (identical to AB0108-Ca_BFgam) is ignored but added at the end
NOTE: AY0026-Ca_CIcol (identical to AB0108-Ca_BFgam) is ignored but added at the end
NOTE: AY0027-Cb_CIcol (identical to AB0108-Ca_BFgam) is ignored but added at the end
NOTE: AY0031-Cb_CIcol (identical to AB0108-Ca_BFgam) is ignored but added at the end
NOTE: AY0036-Cb_CIcol (identical to AB0108-Ca_BFgam) is ignored but added at the end
NOTE: AY0048-Ca_CIcol (identical to AB0108-Ca_BFgam) is ignored but added at the end
NOTE: AY0052-Ca_CIcol (identical to AB0108-Ca_BFgam) is ignored but added at the end
NOTE: AY0052-Cb_CIcol (identical to AB0108-Ca_BFgam) is ignored but added at the end
NOTE: AY0059-Ca_CIcol (identical to AB0108-Ca_BFgam) is ignored but added at the end
NOTE: AY0061-Ca_CIcol (identical to AB0108-Ca_BFgam) is ignored but added at the end
NOTE: AY0061-Cb_CIcol (identical to AB0108-Ca_BFgam) is ignored but added at the end
NOTE: AY0066-Cb_CIcol (identical to AB0108-Ca_BFgam) is ignored but added at the end
NOTE: AY0069-Ca_CIcol (identical to AB0108-Ca_BFgam) is ignored but added at the end
NOTE: AY0069-Cb_CIcol (identical to AB0108-Ca_BFgam) is ignored but added at the end
NOTE: AY0076-Ca_CIcol (identical to AB0108-Ca_BFgam) is ignored but added at the end
NOTE: AY0077-Cb_CIcol (identical to AB0108-Ca_BFgam) is ignored but added at the end
NOTE: AY0079-Ca_CIcol (identical to AB0108-Ca_BFgam) is ignored but added at the end
NOTE: AY0088-Ca_CIcol (identical to AB0108-Ca_BFgam) is ignored but added at the end
NOTE: AY0089-Cb_CIcol (identical to AB0108-Ca_BFgam) is ignored but added at the end
NOTE: AY0090-Ca_CIcol (identical to AB0108-Ca_BFgam) is ignored but added at the end
NOTE: AY0091-Ca_CIcol (identical to AB0108-Ca_BFgam) is ignored but added at the end
NOTE: AY0091-Cb_CIcol (identical to AB0108-Ca_BFgam) is ignored but added at the end
NOTE: AV0030-Ca_GNgam (identical to AB0135-Cb_BFgam) is ignored but added at the end
NOTE: AV0008-Cb_GNgam (identical to AB0151-Ca_BFgam) is ignored but added at the end
NOTE: AV0034-Ca_GNgam (identical to AB0151-Ca_BFgam) is ignored but added at the end
NOTE: AB0255-Ca_BFgam (identical to AB0162-Cb_BFgam) is ignored but added at the end
NOTE: AB0261-Ca_BFgam (identical to AB0162-Cb_BFgam) is ignored but added at the end
NOTE: AB0261-Cb_BFgam (identical to AB0162-Cb_BFgam) is ignored but added at the end
NOTE: AB0268-Ca_BFgam (identical to AB0162-Cb_BFgam) is ignored but added at the end
NOTE: AB0275-Cb_BFgam (identical to AB0162-Cb_BFgam) is ignored but added at the end
NOTE: AV0007-Ca_GNgam (identical to AB0162-Cb_BFgam) is ignored but added at the end
NOTE: AV0044-Cb_GNgam (identical to AB0176-Cb_BFgam) is ignored but added at the end
NOTE: AB0257-Ca_BFcol (identical to AB0179-Ca_BFgam) is ignored but added at the end
NOTE: AB0266-Ca_BFcol (identical to AB0179-Ca_BFgam) is ignored but added at the end
NOTE: AB0203-Ca_BFgam (identical to AB0184-Cb_BFcol) is ignored but added at the end
NOTE: AY0017-Ca_CIcol (identical to AB0186-Cb_BFcol) is ignored but added at the end
NOTE: AY0034-Ca_CIcol (identical to AB0186-Cb_BFcol) is ignored but added at the end
NOTE: AY0043-Ca_CIcol (identical to AB0186-Cb_BFcol) is ignored but added at the end
NOTE: AY0046-Cb_CIcol (identical to AB0186-Cb_BFcol) is ignored but added at the end
NOTE: AY0047-Cb_CIcol (identical to AB0186-Cb_BFcol) is ignored but added at the end
NOTE: AY0049-Cb_CIcol (identical to AB0186-Cb_BFcol) is ignored but added at the end
NOTE: AY0050-Cb_CIcol (identical to AB0186-Cb_BFcol) is ignored but added at the end
NOTE: AY0056-Cb_CIcol (identical to AB0186-Cb_BFcol) is ignored but added at the end
NOTE: AY0072-Ca_CIcol (identical to AB0186-Cb_BFcol) is ignored but added at the end
NOTE: AB0276-Ca_BFcol (identical to AB0198-Cb_BFgam) is ignored but added at the end
NOTE: AB0277-Cb_BFgam (identical to AB0198-Cb_BFgam) is ignored but added at the end
NOTE: AY0018-Cb_CIcol (identical to AB0233-Cb_BFgam) is ignored but added at the end
NOTE: AY0024-Cb_CIcol (identical to AB0233-Cb_BFgam) is ignored but added at the end
NOTE: AY0025-Cb_CIcol (identical to AB0233-Cb_BFgam) is ignored but added at the end
NOTE: AY0035-Ca_CIcol (identical to AB0233-Cb_BFgam) is ignored but added at the end
NOTE: AY0039-Ca_CIcol (identical to AB0233-Cb_BFgam) is ignored but added at the end
NOTE: AY0046-Ca_CIcol (identical to AB0233-Cb_BFgam) is ignored but added at the end
NOTE: AY0078-Ca_CIcol (identical to AB0233-Cb_BFgam) is ignored but added at the end
NOTE: AY0080-Cb_CIcol (identical to AB0233-Cb_BFgam) is ignored but added at the end
NOTE: AY0089-Ca_CIcol (identical to AB0233-Cb_BFgam) is ignored but added at the end
NOTE: AY0035-Cb_CIcol (identical to AY0015-Ca_CIcol) is ignored but added at the end
NOTE: AY0038-Ca_CIcol (identical to AY0015-Ca_CIcol) is ignored but added at the end
NOTE: AY0053-Ca_CIcol (identical to AY0015-Ca_CIcol) is ignored but added at the end
NOTE: AY0056-Ca_CIcol (identical to AY0015-Ca_CIcol) is ignored but added at the end
NOTE: AY0057-Cb_CIcol (identical to AY0015-Ca_CIcol) is ignored but added at the end
NOTE: AY0065-Cb_CIcol (identical to AY0015-Ca_CIcol) is ignored but added at the end
NOTE: AY0068-Cb_CIcol (identical to AY0015-Ca_CIcol) is ignored but added at the end
NOTE: AY0070-Ca_CIcol (identical to AY0015-Ca_CIcol) is ignored but added at the end
NOTE: AY0070-Cb_CIcol (identical to AY0015-Ca_CIcol) is ignored but added at the end
NOTE: AY0078-Cb_CIcol (identical to AY0015-Ca_CIcol) is ignored but added at the end
NOTE: AY0082-Cb_CIcol (identical to AY0015-Ca_CIcol) is ignored but added at the end
NOTE: AY0083-Cb_CIcol (identical to AY0015-Ca_CIcol) is ignored but added at the end
NOTE: AY0090-Cb_CIcol (identical to AY0015-Ca_CIcol) is ignored but added at the end
NOTE: AY0077-Ca_CIcol (identical to AY0023-Cb_CIcol) is ignored but added at the end
Alignment was printed to hapalignment_breakupdu1k.iqt.uniqueseq.phy

For your convenience alignment with unique sequences printed to hapalignment_breakupdu1k.iqt.uniqueseq.phy


Create initial parsimony tree by phylogenetic likelihood library (PLL)... 0.050 seconds
Measuring multi-threading efficiency up to 6 CPU cores
Increase to 10 rounds for branch lengths
35 trees examined
Threads: 1 / Time: 6.134 sec / Speedup: 1.000 / Efficiency: 100% / LogL: -8717
Threads: 2 / Time: 5.791 sec / Speedup: 1.059 / Efficiency: 53% / LogL: -8717
Threads: 3 / Time: 6.290 sec / Speedup: 0.975 / Efficiency: 33% / LogL: -8717
BEST NUMBER OF THREADS: 2

Perform fast likelihood tree search using GTR+ASC+G model...
Estimate model parameters (epsilon = 5.000)
Perform nearest neighbor interchange...
Estimate model parameters (epsilon = 1.000)
1. Initial log-likelihood: -3877.257
Optimal log-likelihood: -3877.243
Rate parameters:  A-C: 0.74378  A-G: 3.05794  A-T: 1.39436  C-G: 0.16578  C-T: 1.85105  G-T: 1.00000
Base frequencies:  A: 0.173  C: 0.287  G: 0.359  T: 0.181
Gamma shape alpha: 1.143
Parameters optimization took 1 rounds (0.076 sec)
Time for fast ML tree search: 0.643 seconds

NOTE: ModelFinder requires 5 MB RAM!
ModelFinder will test up to 4 DNA models (sample size: 76) ...
 No. Model         -LnL         df  AIC          AICc         BIC
WARNING: Number of threads seems too high for short alignments. Use -nt AUTO to determine best number of threads.
  1  GTR+F         4031.778     929 9921.555     1737861.555  12086.806
WARNING: Number of threads seems too high for short alignments. Use -nt AUTO to determine best number of threads.
  2  GTR+F+ASC     4031.697     929 9921.395     1737861.395  12086.646
WARNING: Number of threads seems too high for short alignments. Use -nt AUTO to determine best number of threads.
  3  GTR+F+G4      3880.137     930 9620.274     1741280.274  11787.856
WARNING: Number of threads seems too high for short alignments. Use -nt AUTO to determine best number of threads.
  4  GTR+F+ASC+G4  3876.772     930 9613.543     1741273.543  11781.125
Akaike Information Criterion:           GTR+F+ASC+G4
Corrected Akaike Information Criterion: GTR+F+ASC
Bayesian Information Criterion:         GTR+F+ASC+G4
Best-fit model: GTR+F+ASC+G4 chosen according to BIC

All model information printed to hapalignment_breakupdu1k.iqt.model.gz
CPU time for ModelFinder: 38.412 seconds (0h:0m:38s)
Wall-clock time for ModelFinder: 19.482 seconds (0h:0m:19s)
Generating 1000 samples for ultrafast bootstrap (seed: 193415)...

NOTE: 5 MB RAM (0 GB) is required!
WARNING: Number of threads seems too high for short alignments. Use -nt AUTO to determine best number of threads.
Estimate model parameters (epsilon = 0.100)
1. Initial log-likelihood: -3876.772
Optimal log-likelihood: -3876.730
Rate parameters:  A-C: 0.74734  A-G: 3.08156  A-T: 1.40121  C-G: 0.16521  C-T: 1.84741  G-T: 1.00000
Base frequencies:  A: 0.173  C: 0.287  G: 0.359  T: 0.181
Gamma shape alpha: 1.195
Parameters optimization took 1 rounds (0.068 sec)
Computing ML distances based on estimated model parameters... 1.304 sec
Computing BIONJ tree...
0.155 seconds
Log-likelihood of BIONJ tree: -3719.414
--------------------------------------------------------------------
|             INITIALIZING CANDIDATE TREE SET                      |
--------------------------------------------------------------------
Generating 98 parsimony trees... 5.044 second
Computing log-likelihood of 98 initial trees ... 2.271 seconds
Current best score: -3719.414

Do NNI search on 20 best initial trees
Estimate model parameters (epsilon = 0.100)
BETTER TREE FOUND at iteration 1: -3684.753
Iteration 10 / LogL: -3862.261 / Time: 0h:0m:47s
Iteration 20 / LogL: -3877.016 / Time: 0h:1m:26s
Finish initializing candidate tree set (20)
Current best tree score: -3684.753 / CPU time: 85.818
Number of iterations: 20
--------------------------------------------------------------------
|               OPTIMIZING CANDIDATE TREE SET                      |
--------------------------------------------------------------------
Iteration 30 / LogL: -3797.602 / Time: 0h:2m:5s (0h:5m:6s left)
Estimate model parameters (epsilon = 0.100)
BETTER TREE FOUND at iteration 40: -3681.235
Iteration 40 / LogL: -3681.235 / Time: 0h:2m:44s (0h:7m:1s left)
Iteration 50 / LogL: -3708.250 / Time: 0h:3m:22s (0h:6m:12s left)
Log-likelihood cutoff on original alignment: -3899.327
Iteration 60 / LogL: -3694.515 / Time: 0h:4m:0s (0h:5m:25s left)
Estimate model parameters (epsilon = 0.100)
BETTER TREE FOUND at iteration 61: -3673.442
Iteration 70 / LogL: -3683.155 / Time: 0h:4m:37s (0h:6m:5s left)
Estimate model parameters (epsilon = 0.100)
BETTER TREE FOUND at iteration 71: -3672.189
Iteration 80 / LogL: -3720.551 / Time: 0h:5m:12s (0h:6m:0s left)
Iteration 90 / LogL: -3675.513 / Time: 0h:5m:50s (0h:5m:18s left)
Estimate model parameters (epsilon = 0.100)
BETTER TREE FOUND at iteration 92: -3670.406
Iteration 100 / LogL: -3679.231 / Time: 0h:6m:33s (0h:6m:5s left)
Log-likelihood cutoff on original alignment: -3899.327
NOTE: Bootstrap correlation coefficient of split occurrence frequencies: 0.957
NOTE: UFBoot does not converge, continue at least 100 more iterations
Estimate model parameters (epsilon = 0.100)
BETTER TREE FOUND at iteration 106: -3668.418
Iteration 110 / LogL: -3689.167 / Time: 0h:7m:22s (0h:6m:29s left)
Iteration 120 / LogL: -3691.116 / Time: 0h:8m:2s (0h:5m:48s left)
Iteration 130 / LogL: -3696.907 / Time: 0h:8m:44s (0h:5m:8s left)
Iteration 140 / LogL: -3699.032 / Time: 0h:9m:22s (0h:4m:27s left)
Iteration 150 / LogL: -3684.148 / Time: 0h:10m:5s (0h:3m:47s left)
Log-likelihood cutoff on original alignment: -3899.327
Iteration 160 / LogL: -3690.954 / Time: 0h:10m:52s (0h:3m:8s left)
Iteration 170 / LogL: -3678.891 / Time: 0h:11m:38s (0h:2m:28s left)
Iteration 180 / LogL: -3675.484 / Time: 0h:12m:18s (0h:1m:47s left)
Iteration 190 / LogL: -3699.193 / Time: 0h:13m:2s (0h:1m:6s left)
Iteration 200 / LogL: -3680.300 / Time: 0h:13m:46s (0h:0m:24s left)
Log-likelihood cutoff on original alignment: -3899.327
NOTE: Bootstrap correlation coefficient of split occurrence frequencies: 0.987
NOTE: UFBoot does not converge, continue at least 100 more iterations
Iteration 210 / LogL: -3679.139 / Time: 0h:14m:28s (0h:6m:14s left)
Iteration 220 / LogL: -3680.416 / Time: 0h:15m:12s (0h:5m:33s left)
Iteration 230 / LogL: -3705.925 / Time: 0h:15m:54s (0h:4m:51s left)
Iteration 240 / LogL: -3688.910 / Time: 0h:16m:34s (0h:4m:9s left)
Iteration 250 / LogL: -3695.573 / Time: 0h:17m:16s (0h:3m:28s left)
Log-likelihood cutoff on original alignment: -3899.327
Iteration 260 / LogL: -3715.119 / Time: 0h:17m:55s (0h:2m:46s left)
Iteration 270 / LogL: -3673.888 / Time: 0h:18m:34s (0h:2m:4s left)
Iteration 280 / LogL: -3683.696 / Time: 0h:19m:17s (0h:1m:22s left)
Iteration 290 / LogL: -3699.278 / Time: 0h:19m:57s (0h:0m:41s left)
Iteration 300 / LogL: -3684.800 / Time: 0h:20m:37s (0h:0m:0s left)
Log-likelihood cutoff on original alignment: -3899.327
NOTE: Bootstrap correlation coefficient of split occurrence frequencies: 0.992
TREE SEARCH COMPLETED AFTER 300 ITERATIONS / Time: 0h:20m:38s

--------------------------------------------------------------------
|                    FINALIZING TREE SEARCH                        |
--------------------------------------------------------------------
Performs final model parameters optimization
Estimate model parameters (epsilon = 0.010)
1. Initial log-likelihood: -3668.418
Optimal log-likelihood: -3668.418
Rate parameters:  A-C: 0.66595  A-G: 3.60727  A-T: 1.37540  C-G: 0.11823  C-T: 1.67418  G-T: 1.00000
Base frequencies:  A: 0.173  C: 0.287  G: 0.359  T: 0.181
Gamma shape alpha: 0.981
Parameters optimization took 1 rounds (0.056 sec)
BEST SCORE FOUND : -3668.418
Creating bootstrap support values...
Split supports printed to NEXUS file hapalignment_breakupdu1k.iqt.splits.nex
Total tree length: 10.089

Total number of iterations: 300
CPU time used for tree search: 2342.425 sec (0h:39m:2s)
Wall-clock time used for tree search: 1237.644 sec (0h:20m:37s)
Total CPU time used: 2346.127 sec (0h:39m:6s)
Total wall-clock time used: 1240.479 sec (0h:20m:40s)

Computing bootstrap consensus tree...
Reading input file hapalignment_breakupdu1k.iqt.splits.nex...
462 taxa and 11572 splits.
Consensus tree written to hapalignment_breakupdu1k.iqt.contree
Reading input trees file hapalignment_breakupdu1k.iqt.contree
Log-likelihood of consensus tree: -3664.012

Analysis results written to: 
  IQ-TREE report:                hapalignment_breakupdu1k.iqt.iqtree
  Maximum-likelihood tree:       hapalignment_breakupdu1k.iqt.treefile
  Likelihood distances:          hapalignment_breakupdu1k.iqt.mldist

Ultrafast bootstrap approximation results written to:
  Split support values:          hapalignment_breakupdu1k.iqt.splits.nex
  Consensus tree:                hapalignment_breakupdu1k.iqt.contree
  Screen log file:               hapalignment_breakupdu1k.iqt.log

Date and Time: Fri Sep 18 13:33:34 2020
