# UMAP
# Decision tree
# accuracy score = 0.9974126778783958
# confusion matrix
[[1503    4]
 [   0   39]]
# classification report
              precision    recall  f1-score   support

           0       1.00      1.00      1.00      1507
           1       0.91      1.00      0.95        39

    accuracy                           1.00      1546
   macro avg       0.95      1.00      0.97      1546
weighted avg       1.00      1.00      1.00      1546

# prediction counts
(array([0, 1]), array([2182,  146]))
# Random forest
# accuracy score = 0.9987063389391979
# confusion matrix
[[1505    2]
 [   0   39]]
              precision    recall  f1-score   support

           0       1.00      1.00      1.00      1507
           1       0.95      1.00      0.97        39

    accuracy                           1.00      1546
   macro avg       0.98      1.00      0.99      1546
weighted avg       1.00      1.00      1.00      1546

# prediction counts
(array([0, 1]), array([2199,  129]))
