IQ-TREE multicore version 2.0.3 for Linux 64-bit built Apr 26 2020
Developed by Bui Quang Minh, Nguyen Lam Tung, Olga Chernomor,
Heiko Schmidt, Dominik Schrempf, Michael Woodhams.

Host:    node-hp0402.linux.crg.es (AVX, 125 GB RAM)
Command: iqtree -s hapalignment_duplication_HSdiploid_thr13.fasta -nt AUTO -ntmax 8 -m TEST -mset GTR -pre hapalignment_duplication_HSdiploid_thr13 -bb 1000 -nm 100000 -cptime 3600
Seed:    73847 (Using SPRNG - Scalable Parallel Random Number Generator)
Time:    Sun Oct 18 13:01:57 2020
Kernel:  AVX - auto-detect threads (8 CPU cores detected)

Reading alignment file hapalignment_duplication_HSdiploid_thr13.fasta ... Fasta format detected
Alignment most likely contains DNA/RNA sequences
Alignment has 690 sequences with 501 columns, 500 distinct patterns
501 parsimony-informative, 0 singleton sites, 0 constant sites
                 Gap/Ambiguity  Composition  p-value
   1  AA0040-Ca_GHcol    0.00%    passed     97.88%
   2  AA0040-Cb_GHcol    0.00%    passed    100.00%
   3  AA0041-Ca_GHcol    0.00%    passed     91.65%
   4  AA0041-Cb_GHcol    0.00%    passed     87.70%
   5  AA0042-Ca_GHcol    0.00%    passed     98.96%
   6  AA0042-Cb_GHcol    0.00%    passed     98.85%
   7  AA0043-Ca_GHcol    0.00%    passed     96.47%
   8  AA0043-Cb_GHcol    0.00%    passed     94.74%
   9  AA0044-Ca_GHcol    0.00%    passed     96.04%
  10  AA0044-Cb_GHcol    0.00%    passed     99.29%
  11  AA0048-Ca_GHgam    0.00%    passed     97.54%
  12  AA0048-Cb_GHgam    0.00%    passed     99.66%
  13  AA0049-Ca_GHcol    0.00%    passed     89.38%
  14  AA0049-Cb_GHcol    0.00%    passed     96.57%
  15  AA0050-Ca_GHgam    0.00%    passed     99.66%
  16  AA0050-Cb_GHgam    0.00%    passed     97.54%
  17  AA0051-Ca_GHcol    0.00%    passed     89.38%
  18  AA0051-Cb_GHcol    0.00%    passed     72.73%
  19  AA0052-Ca_GHcol    0.00%    passed     92.06%
  20  AA0052-Cb_GHcol    0.00%    passed     97.13%
  21  AA0053-Ca_GHcol    0.00%    passed     98.73%
  22  AA0053-Cb_GHcol    0.00%    passed     89.54%
  23  AA0054-Ca_GHcol    0.00%    passed     96.35%
  24  AA0054-Cb_GHcol    0.00%    passed     99.13%
  25  AA0055-Ca_GHcol    0.00%    passed     92.15%
  26  AA0055-Cb_GHcol    0.00%    passed     99.05%
  27  AA0056-Ca_GHcol    0.00%    passed     99.45%
  28  AA0056-Cb_GHcol    0.00%    passed     98.26%
  29  AA0060-Ca_GHgam    0.00%    passed     99.86%
  30  AA0060-Cb_GHgam    0.00%    passed     97.54%
  31  AA0061-Ca_GHgam    0.00%    passed     97.54%
  32  AA0061-Cb_GHgam    0.00%    passed     99.66%
  33  AA0063-Ca_GHcol    0.00%    passed     90.88%
  34  AA0063-Cb_GHcol    0.00%    passed     87.76%
  35  AA0064-Ca_GHcol    0.00%    passed     98.05%
  36  AA0064-Cb_GHcol    0.00%    passed     99.34%
  37  AA0066-Ca_GHcol    0.00%    passed     99.88%
  38  AA0066-Cb_GHcol    0.00%    passed     99.23%
  39  AA0067-Ca_GHcol    0.00%    passed     97.09%
  40  AA0067-Cb_GHcol    0.00%    passed     91.82%
  41  AA0068-Ca_GHcol    0.00%    passed     95.91%
  42  AA0068-Cb_GHcol    0.00%    passed     91.26%
  43  AA0072-Ca_GHgam    0.00%    passed     96.73%
  44  AA0072-Cb_GHgam    0.00%    passed     92.59%
  45  AA0073-Ca_GHcol    0.00%    passed     97.98%
  46  AA0073-Cb_GHcol    0.00%    passed     96.61%
  47  AA0074-Ca_GHcol    0.00%    passed     94.36%
  48  AA0074-Cb_GHcol    0.00%    passed     94.34%
  49  AA0075-Ca_GHcol    0.00%    passed     95.71%
  50  AA0075-Cb_GHcol    0.00%    passed     99.35%
  51  AA0076-Ca_GHcol    0.00%    passed     99.41%
  52  AA0076-Cb_GHcol    0.00%    passed     99.86%
  53  AA0077-Ca_GHcol    0.00%    passed     98.59%
  54  AA0077-Cb_GHcol    0.00%    passed     96.70%
  55  AA0080-Ca_GHcol    0.00%    passed     92.34%
  56  AA0080-Cb_GHcol    0.00%    passed     99.41%
  57  AA0084-Ca_GHgam    0.00%    passed     97.54%
  58  AA0084-Cb_GHgam    0.00%    passed     99.66%
  59  AA0085-Ca_GHgam    0.00%    passed     99.59%
  60  AA0085-Cb_GHgam    0.00%    passed     86.93%
  61  AA0086-Ca_GHgam    0.00%    passed     99.97%
  62  AA0086-Cb_GHgam    0.00%    passed     84.37%
  63  AA0087-Ca_GHcol    0.00%    passed     99.60%
  64  AA0087-Cb_GHcol    0.00%    passed     94.39%
  65  AA0088-Ca_GHcol    0.00%    passed     98.03%
  66  AA0088-Cb_GHcol    0.00%    passed     85.89%
  67  AA0089-Ca_GHcol    0.00%    passed     90.80%
  68  AA0089-Cb_GHcol    0.00%    passed     99.77%
  69  AA0090-Ca_GHcol    0.00%    passed     99.78%
  70  AA0090-Cb_GHcol    0.00%    passed     99.29%
  71  AA0091-Ca_GHcol    0.00%    passed     95.77%
  72  AA0091-Cb_GHcol    0.00%    passed     91.40%
  73  AA0096-Ca_GHgam    0.00%    passed     92.99%
  74  AA0096-Cb_GHgam    0.00%    passed     99.89%
  75  AA0097-Ca_GHcol    0.00%    passed     99.05%
  76  AA0097-Cb_GHcol    0.00%    passed     91.58%
  77  AA0098-Ca_GHcol    0.00%    passed     97.76%
  78  AA0098-Cb_GHcol    0.00%    passed     99.51%
  79  AA0099-Ca_GHcol    0.00%    passed     94.64%
  80  AA0099-Cb_GHcol    0.00%    passed     90.56%
  81  AA0100-Ca_GHcol    0.00%    passed     85.29%
  82  AA0100-Cb_GHcol    0.00%    passed     99.41%
  83  AA0101-Ca_GHcol    0.00%    passed     99.36%
  84  AA0101-Cb_GHcol    0.00%    passed     66.70%
  85  AA0102-Ca_GHcol    0.00%    passed     94.86%
  86  AA0102-Cb_GHcol    0.00%    passed     99.37%
  87  AA0103-Ca_GHcol    0.00%    passed     98.00%
  88  AA0103-Cb_GHcol    0.00%    passed     97.78%
  89  AA0104-Ca_GHcol    0.00%    passed     99.60%
  90  AA0104-Cb_GHcol    0.00%    passed     99.45%
  91  AA0107-Ca_GHcol    0.00%    passed     94.18%
  92  AA0107-Cb_GHcol    0.00%    passed     80.98%
  93  AA0108-Ca_GHgam    0.00%    passed     97.54%
  94  AA0108-Cb_GHgam    0.00%    passed     99.66%
  95  AA0109-Ca_GHcol    0.00%    passed     96.99%
  96  AA0109-Cb_GHcol    0.00%    passed     95.24%
  97  AA0110-Ca_GHcol    0.00%    passed     91.69%
  98  AA0110-Cb_GHcol    0.00%    passed     95.91%
  99  AA0111-Ca_GHcol    0.00%    passed     93.59%
 100  AA0111-Cb_GHcol    0.00%    passed     99.31%
 101  AA0113-Ca_GHcol    0.00%    passed     98.74%
 102  AA0113-Cb_GHcol    0.00%    passed     86.25%
 103  AA0114-Ca_GHcol    0.00%    passed     99.85%
 104  AA0114-Cb_GHcol    0.00%    passed     83.27%
 105  AA0115-Ca_GHcol    0.00%    passed     99.41%
 106  AA0115-Cb_GHcol    0.00%    passed     99.74%
 107  AA0116-Ca_GHcol    0.00%    passed     83.16%
 108  AA0116-Cb_GHcol    0.00%    passed     94.66%
 109  AA0122-Ca_GHgam    0.00%    passed     97.81%
 110  AA0122-Cb_GHgam    0.00%    passed     94.88%
 111  AA0123-Ca_GHcol    0.00%    passed     96.68%
 112  AA0123-Cb_GHcol    0.00%    passed     87.56%
 113  AA0124-Ca_GHcol    0.00%    passed     99.58%
 114  AA0124-Cb_GHcol    0.00%    passed     96.77%
 115  AA0125-Ca_GHcol    0.00%    passed     95.62%
 116  AA0125-Cb_GHcol    0.00%    passed     78.91%
 117  AA0127-Ca_GHcol    0.00%    passed     98.38%
 118  AA0127-Cb_GHcol    0.00%    passed     98.39%
 119  AA0132-Ca_GHcol    0.00%    passed     90.23%
 120  AA0132-Cb_GHcol    0.00%    passed     93.81%
 121  AA0133-Ca_GHgam    0.00%    passed     97.79%
 122  AA0133-Cb_GHgam    0.00%    passed     88.71%
 123  AA0134-Ca_GHcol    0.00%    passed     98.00%
 124  AA0134-Cb_GHcol    0.00%    passed     97.79%
 125  AA0135-Ca_GHcol    0.00%    passed     99.54%
 126  AA0135-Cb_GHcol    0.00%    passed     91.12%
 127  AA0136-Ca_GHcol    0.00%    passed     95.84%
 128  AA0136-Cb_GHcol    0.00%    passed     98.09%
 129  AA0139-Ca_GHcol    0.00%    passed     87.70%
 130  AA0139-Cb_GHcol    0.00%    passed     99.64%
 131  AA0140-Ca_GHcol    0.00%    passed     98.01%
 132  AA0140-Cb_GHcol    0.00%    passed     98.73%
 133  AA0141-Ca_GHcol    0.00%    passed     96.12%
 134  AA0141-Cb_GHcol    0.00%    passed     66.63%
 135  AB0085-Ca_BFgam    0.00%    passed     98.32%
 136  AB0085-Cb_BFgam    0.00%    passed     98.93%
 137  AB0087-Ca_BFcol    0.00%    passed     97.11%
 138  AB0087-Cb_BFcol    0.00%    passed     98.85%
 139  AB0088-Ca_BFcol    0.00%    passed     92.98%
 140  AB0088-Cb_BFcol    0.00%    passed     88.04%
 141  AB0089-Ca_BFcol    0.00%    passed     80.14%
 142  AB0089-Cb_BFcol    0.00%    passed     79.54%
 143  AB0090-Ca_BFcol    0.00%    passed     96.47%
 144  AB0090-Cb_BFcol    0.00%    passed     98.38%
 145  AB0091-Ca_BFcol    0.00%    passed     97.62%
 146  AB0091-Cb_BFcol    0.00%    passed     94.22%
 147  AB0092-Ca_BFcol    0.00%    passed     90.93%
 148  AB0092-Cb_BFcol    0.00%    passed     84.86%
 149  AB0094-Ca_BFcol    0.00%    passed     91.00%
 150  AB0094-Cb_BFcol    0.00%    passed     90.85%
 151  AB0095-Ca_BFcol    0.00%    passed     95.62%
 152  AB0095-Cb_BFcol    0.00%    passed     93.34%
 153  AB0097-Ca_BFcol    0.00%    passed     87.43%
 154  AB0097-Cb_BFcol    0.00%    passed     99.09%
 155  AB0098-Ca_BFcol    0.00%    passed     97.77%
 156  AB0098-Cb_BFcol    0.00%    passed     83.35%
 157  AB0099-Ca_BFcol    0.00%    passed     98.40%
 158  AB0099-Cb_BFcol    0.00%    passed     98.51%
 159  AB0100-Ca_BFcol    0.00%    passed     95.27%
 160  AB0100-Cb_BFcol    0.00%    passed     90.49%
 161  AB0101-Ca_BFcol    0.00%    passed     89.12%
 162  AB0101-Cb_BFcol    0.00%    passed     99.22%
 163  AB0103-Ca_BFgam    0.00%    passed     97.50%
 164  AB0103-Cb_BFgam    0.00%    passed     98.47%
 165  AB0104-Ca_BFgam    0.00%    passed     98.95%
 166  AB0104-Cb_BFgam    0.00%    passed     96.88%
 167  AB0108-Ca_BFgam    0.00%    passed     98.10%
 168  AB0108-Cb_BFgam    0.00%    passed     97.55%
 169  AB0109-Ca_BFcol    0.00%    passed     98.79%
 170  AB0109-Cb_BFcol    0.00%    passed     96.11%
 171  AB0110-Ca_BFcol    0.00%    passed     99.88%
 172  AB0110-Cb_BFcol    0.00%    passed     84.28%
 173  AB0111-Ca_BFcol    0.00%    passed     99.81%
 174  AB0111-Cb_BFcol    0.00%    passed     95.41%
 175  AB0112-Ca_BFcol    0.00%    passed     98.45%
 176  AB0112-Cb_BFcol    0.00%    passed     98.56%
 177  AB0113-Ca_BFcol    0.00%    passed     99.37%
 178  AB0113-Cb_BFcol    0.00%    passed     92.54%
 179  AB0114-Ca_BFcol    0.00%    passed     99.79%
 180  AB0114-Cb_BFcol    0.00%    passed     91.03%
 181  AB0115-Ca_BFcol    0.00%    passed     98.73%
 182  AB0115-Cb_BFcol    0.00%    passed     91.52%
 183  AB0117-Ca_BFgam    0.00%    passed     95.97%
 184  AB0117-Cb_BFgam    0.00%    passed     99.64%
 185  AB0118-Ca_BFgam    0.00%    passed     94.23%
 186  AB0118-Cb_BFgam    0.00%    passed     92.51%
 187  AB0119-Ca_BFgam    0.00%    passed     96.90%
 188  AB0119-Cb_BFgam    0.00%    passed     89.62%
 189  AB0122-Ca_BFcol    0.00%    passed     98.24%
 190  AB0122-Cb_BFcol    0.00%    passed     96.11%
 191  AB0123-Ca_BFcol    0.00%    passed     99.26%
 192  AB0123-Cb_BFcol    0.00%    passed     99.09%
 193  AB0124-Ca_BFcol    0.00%    passed     96.34%
 194  AB0124-Cb_BFcol    0.00%    passed     80.63%
 195  AB0126-Ca_BFgam    0.00%    passed     98.40%
 196  AB0126-Cb_BFgam    0.00%    passed     82.54%
 197  AB0127-Ca_BFgam    0.00%    passed     92.07%
 198  AB0127-Cb_BFgam    0.00%    passed     98.76%
 199  AB0128-Ca_BFgam    0.00%    passed     97.87%
 200  AB0128-Cb_BFgam    0.00%    passed     91.24%
 201  AB0129-Ca_BFgam    0.00%    passed     85.66%
 202  AB0129-Cb_BFgam    0.00%    passed     97.12%
 203  AB0130-Ca_BFgam    0.00%    passed     98.05%
 204  AB0130-Cb_BFgam    0.00%    passed     99.26%
 205  AB0133-Ca_BFgam    0.00%    passed     98.09%
 206  AB0133-Cb_BFgam    0.00%    passed     96.92%
 207  AB0134-Ca_BFgam    0.00%    passed     99.88%
 208  AB0134-Cb_BFgam    0.00%    passed     99.89%
 209  AB0135-Ca_BFgam    0.00%    passed     99.37%
 210  AB0135-Cb_BFgam    0.00%    passed     95.42%
 211  AB0136-Ca_BFgam    0.00%    passed     99.52%
 212  AB0136-Cb_BFgam    0.00%    passed     95.96%
 213  AB0137-Ca_BFcol    0.00%    passed     99.39%
 214  AB0137-Cb_BFcol    0.00%    passed     99.35%
 215  AB0138-Ca_BFcol    0.00%    passed     95.53%
 216  AB0138-Cb_BFcol    0.00%    passed     97.60%
 217  AB0139-Ca_BFcol    0.00%    passed     98.01%
 218  AB0139-Cb_BFcol    0.00%    passed     82.92%
 219  AB0140-Ca_BFcol    0.00%    passed     95.42%
 220  AB0140-Cb_BFcol    0.00%    passed     88.24%
 221  AB0142-Ca_BFcol    0.00%    passed     97.77%
 222  AB0142-Cb_BFcol    0.00%    passed     83.87%
 223  AB0143-Ca_BFgam    0.00%    passed     99.05%
 224  AB0143-Cb_BFgam    0.00%    passed     99.15%
 225  AB0145-Ca_BFgam    0.00%    passed     96.70%
 226  AB0145-Cb_BFgam    0.00%    passed     99.04%
 227  AB0146-Ca_BFgam    0.00%    passed     93.01%
 228  AB0146-Cb_BFgam    0.00%    passed     98.66%
 229  AB0147-Ca_BFgam    0.00%    passed     87.38%
 230  AB0147-Cb_BFgam    0.00%    passed     94.68%
 231  AB0148-Ca_BFgam    0.00%    passed     56.46%
 232  AB0148-Cb_BFgam    0.00%    passed     99.86%
 233  AB0150-Ca_BFgam    0.00%    passed     99.04%
 234  AB0150-Cb_BFgam    0.00%    passed     96.70%
 235  AB0151-Ca_BFgam    0.00%    passed     99.34%
 236  AB0151-Cb_BFgam    0.00%    passed     89.00%
 237  AB0153-Ca_BFgam    0.00%    passed     97.03%
 238  AB0153-Cb_BFgam    0.00%    passed     88.09%
 239  AB0155-Ca_BFgam    0.00%    passed     97.05%
 240  AB0155-Cb_BFgam    0.00%    passed     85.10%
 241  AB0157-Ca_BFgam    0.00%    passed     96.70%
 242  AB0157-Cb_BFgam    0.00%    passed     97.75%
 243  AB0158-Ca_BFgam    0.00%    passed     99.51%
 244  AB0158-Cb_BFgam    0.00%    passed     98.85%
 245  AB0159-Ca_BFgam    0.00%    passed     99.00%
 246  AB0159-Cb_BFgam    0.00%    passed     92.67%
 247  AB0160-Ca_BFgam    0.00%    passed     96.14%
 248  AB0160-Cb_BFgam    0.00%    passed     83.49%
 249  AB0161-Ca_BFgam    0.00%    passed     96.92%
 250  AB0161-Cb_BFgam    0.00%    passed     85.20%
 251  AB0162-Ca_BFgam    0.00%    passed     88.78%
 252  AB0162-Cb_BFgam    0.00%    passed     97.58%
 253  AB0164-Ca_BFgam    0.00%    passed     97.63%
 254  AB0164-Cb_BFgam    0.00%    passed     97.46%
 255  AB0165-Ca_BFgam    0.00%    passed     91.86%
 256  AB0165-Cb_BFgam    0.00%    passed     92.82%
 257  AB0166-Ca_BFgam    0.00%    passed     98.79%
 258  AB0166-Cb_BFgam    0.00%    passed     93.42%
 259  AB0167-Ca_BFgam    0.00%    passed     98.57%
 260  AB0167-Cb_BFgam    0.00%    passed     99.84%
 261  AB0169-Ca_BFgam    0.00%    passed     98.42%
 262  AB0169-Cb_BFgam    0.00%    passed     99.34%
 263  AB0170-Ca_BFgam    0.00%    passed     96.31%
 264  AB0170-Cb_BFgam    0.00%    passed     93.53%
 265  AB0171-Ca_BFgam    0.00%    passed     92.49%
 266  AB0171-Cb_BFgam    0.00%    passed     79.92%
 267  AB0172-Ca_BFgam    0.00%    passed     93.01%
 268  AB0172-Cb_BFgam    0.00%    passed     98.00%
 269  AB0173-Ca_BFgam    0.00%    passed     97.78%
 270  AB0173-Cb_BFgam    0.00%    passed     97.79%
 271  AB0174-Ca_BFgam    0.00%    passed     99.76%
 272  AB0174-Cb_BFgam    0.00%    passed     98.84%
 273  AB0175-Ca_BFgam    0.00%    passed     96.05%
 274  AB0175-Cb_BFgam    0.00%    passed     97.49%
 275  AB0176-Ca_BFgam    0.00%    passed     99.84%
 276  AB0176-Cb_BFgam    0.00%    passed     91.96%
 277  AB0177-Ca_BFgam    0.00%    passed     93.35%
 278  AB0177-Cb_BFgam    0.00%    passed     94.24%
 279  AB0178-Ca_BFgam    0.00%    passed     95.97%
 280  AB0178-Cb_BFgam    0.00%    passed     88.98%
 281  AB0179-Ca_BFgam    0.00%    passed     85.68%
 282  AB0179-Cb_BFgam    0.00%    passed     87.79%
 283  AB0181-Ca_BFcol    0.00%    passed     98.02%
 284  AB0181-Cb_BFcol    0.00%    passed     99.80%
 285  AB0182-Ca_BFcol    0.00%    passed     98.45%
 286  AB0182-Cb_BFcol    0.00%    passed     91.52%
 287  AB0183-Ca_BFcol    0.00%    passed     96.92%
 288  AB0183-Cb_BFcol    0.00%    passed     99.78%
 289  AB0184-Ca_BFcol    0.00%    passed     81.96%
 290  AB0184-Cb_BFcol    0.00%    passed     99.28%
 291  AB0185-Ca_BFcol    0.00%    passed     67.58%
 292  AB0185-Cb_BFcol    0.00%    passed     96.70%
 293  AB0186-Ca_BFcol    0.00%    passed     98.40%
 294  AB0186-Cb_BFcol    0.00%    passed     94.39%
 295  AB0187-Ca_BFcol    0.00%    passed     88.25%
 296  AB0187-Cb_BFcol    0.00%    passed     72.92%
 297  AB0188-Ca_BFcol    0.00%    passed     98.55%
 298  AB0188-Cb_BFcol    0.00%    passed     95.97%
 299  AB0189-Ca_BFcol    0.00%    passed     98.63%
 300  AB0189-Cb_BFcol    0.00%    passed     99.81%
 301  AB0190-Ca_BFcol    0.00%    passed     99.37%
 302  AB0190-Cb_BFcol    0.00%    passed     81.53%
 303  AB0191-Ca_BFcol    0.00%    passed     90.20%
 304  AB0191-Cb_BFcol    0.00%    passed     99.86%
 305  AB0192-Ca_BFcol    0.00%    passed     91.14%
 306  AB0192-Cb_BFcol    0.00%    passed     90.01%
 307  AB0195-Ca_BFcol    0.00%    passed     95.21%
 308  AB0195-Cb_BFcol    0.00%    passed     94.13%
 309  AB0196-Ca_BFcol    0.00%    passed     98.81%
 310  AB0196-Cb_BFcol    0.00%    passed     95.42%
 311  AB0197-Ca_BFgam    0.00%    passed     87.94%
 312  AB0197-Cb_BFgam    0.00%    passed     93.45%
 313  AB0198-Ca_BFgam    0.00%    passed     99.99%
 314  AB0198-Cb_BFgam    0.00%    passed     93.35%
 315  AB0199-Ca_BFgam    0.00%    passed     68.77%
 316  AB0199-Cb_BFgam    0.00%    passed     99.60%
 317  AB0200-Ca_BFgam    0.00%    passed     96.76%
 318  AB0200-Cb_BFgam    0.00%    passed     82.73%
 319  AB0201-Ca_BFgam    0.00%    passed     92.67%
 320  AB0201-Cb_BFgam    0.00%    passed     98.57%
 321  AB0202-Ca_BFgam    0.00%    passed     98.57%
 322  AB0202-Cb_BFgam    0.00%    passed     95.12%
 323  AB0203-Ca_BFgam    0.00%    passed     94.67%
 324  AB0203-Cb_BFgam    0.00%    passed     93.42%
 325  AB0204-Ca_BFcol    0.00%    passed     98.09%
 326  AB0204-Cb_BFcol    0.00%    passed     99.51%
 327  AB0205-Ca_BFgam    0.00%    passed     99.01%
 328  AB0205-Cb_BFgam    0.00%    passed     99.17%
 329  AB0206-Ca_BFgam    0.00%    passed     87.43%
 330  AB0206-Cb_BFgam    0.00%    passed     95.12%
 331  AB0207-Ca_BFgam    0.00%    passed     97.54%
 332  AB0207-Cb_BFgam    0.00%    passed     99.04%
 333  AB0208-Ca_BFgam    0.00%    passed     97.75%
 334  AB0208-Cb_BFgam    0.00%    passed     96.70%
 335  AB0209-Ca_BFcol    0.00%    passed     97.45%
 336  AB0209-Cb_BFcol    0.00%    passed     99.62%
 337  AB0210-Ca_BFcol    0.00%    passed     99.86%
 338  AB0210-Cb_BFcol    0.00%    passed     98.94%
 339  AB0211-Ca_BFgam    0.00%    passed     95.27%
 340  AB0211-Cb_BFgam    0.00%    passed     95.41%
 341  AB0212-Ca_BFcol    0.00%    passed     87.31%
 342  AB0212-Cb_BFcol    0.00%    passed     96.24%
 343  AB0213-Ca_BFcol    0.00%    passed     97.53%
 344  AB0213-Cb_BFcol    0.00%    passed     98.57%
 345  AB0215-Ca_BFcol    0.00%    passed     96.70%
 346  AB0215-Cb_BFcol    0.00%    passed     92.00%
 347  AB0217-Ca_BFgam    0.00%    passed     95.97%
 348  AB0217-Cb_BFgam    0.00%    passed     90.38%
 349  AB0218-Ca_BFgam    0.00%    passed     97.09%
 350  AB0218-Cb_BFgam    0.00%    passed     95.58%
 351  AB0219-Ca_BFcol    0.00%    passed     89.92%
 352  AB0219-Cb_BFcol    0.00%    passed     92.16%
 353  AB0221-Ca_BFcol    0.00%    passed     98.02%
 354  AB0221-Cb_BFcol    0.00%    passed     98.20%
 355  AB0222-Ca_BFcol    0.00%    passed     82.99%
 356  AB0222-Cb_BFcol    0.00%    passed     95.76%
 357  AB0223-Ca_BFcol    0.00%    passed     99.01%
 358  AB0223-Cb_BFcol    0.00%    passed     94.17%
 359  AB0224-Ca_BFcol    0.00%    passed     99.22%
 360  AB0224-Cb_BFcol    0.00%    passed     99.86%
 361  AB0226-Ca_BFcol    0.00%    passed     95.03%
 362  AB0226-Cb_BFcol    0.00%    passed     89.92%
 363  AB0227-Ca_BFcol    0.00%    passed     96.97%
 364  AB0227-Cb_BFcol    0.00%    passed     97.81%
 365  AB0228-Ca_BFgam    0.00%    passed     87.44%
 366  AB0228-Cb_BFgam    0.00%    passed     96.35%
 367  AB0229-Ca_BFcol    0.00%    passed     97.24%
 368  AB0229-Cb_BFcol    0.00%    passed     97.98%
 369  AB0231-Ca_BFgam    0.00%    passed     97.85%
 370  AB0231-Cb_BFgam    0.00%    passed     98.94%
 371  AB0232-Ca_BFgam    0.00%    passed     93.59%
 372  AB0232-Cb_BFgam    0.00%    passed     95.82%
 373  AB0233-Ca_BFgam    0.00%    passed     98.66%
 374  AB0233-Cb_BFgam    0.00%    passed     98.57%
 375  AB0234-Ca_BFcol    0.00%    passed     94.36%
 376  AB0234-Cb_BFcol    0.00%    passed     93.27%
 377  AB0235-Ca_BFgam    0.00%    passed     96.64%
 378  AB0235-Cb_BFgam    0.00%    passed     99.26%
 379  AB0236-Ca_BFgam    0.00%    passed     94.55%
 380  AB0236-Cb_BFgam    0.00%    passed     88.68%
 381  AB0237-Ca_BFcol    0.00%    passed     97.52%
 382  AB0237-Cb_BFcol    0.00%    passed     98.66%
 383  AB0238-Ca_BFgam    0.00%    passed     96.70%
 384  AB0238-Cb_BFgam    0.00%    passed     97.75%
 385  AB0239-Ca_BFgam    0.00%    passed     99.55%
 386  AB0239-Cb_BFgam    0.00%    passed     96.22%
 387  AB0240-Ca_BFcol    0.00%    passed     99.80%
 388  AB0240-Cb_BFcol    0.00%    passed     93.33%
 389  AB0241-Ca_BFgam    0.00%    passed     92.98%
 390  AB0241-Cb_BFgam    0.00%    passed     99.23%
 391  AB0242-Ca_BFcol    0.00%    passed     98.45%
 392  AB0242-Cb_BFcol    0.00%    passed     99.08%
 393  AB0243-Ca_BFcol    0.00%    passed     96.47%
 394  AB0243-Cb_BFcol    0.00%    passed     82.96%
 395  AB0244-Ca_BFgam    0.00%    passed     99.41%
 396  AB0244-Cb_BFgam    0.00%    passed     96.01%
 397  AB0246-Ca_BFcol    0.00%    passed     96.13%
 398  AB0246-Cb_BFcol    0.00%    passed     99.04%
 399  AB0247-Ca_BFcol    0.00%    passed     99.80%
 400  AB0247-Cb_BFcol    0.00%    passed     98.81%
 401  AB0248-Ca_BFcol    0.00%    passed     99.34%
 402  AB0248-Cb_BFcol    0.00%    passed     96.12%
 403  AB0249-Ca_BFcol    0.00%    passed     85.93%
 404  AB0249-Cb_BFcol    0.00%    passed     86.95%
 405  AB0250-Ca_BFcol    0.00%    passed     91.56%
 406  AB0250-Cb_BFcol    0.00%    passed     94.67%
 407  AB0251-Ca_BFgam    0.00%    passed     99.86%
 408  AB0251-Cb_BFgam    0.00%    passed     95.88%
 409  AB0252-Ca_BFgam    0.00%    passed     77.72%
 410  AB0252-Cb_BFgam    0.00%    passed     97.94%
 411  AB0253-Ca_BFgam    0.00%    passed     98.01%
 412  AB0253-Cb_BFgam    0.00%    passed     99.13%
 413  AB0255-Ca_BFgam    0.00%    passed     92.15%
 414  AB0255-Cb_BFgam    0.00%    passed     97.41%
 415  AB0256-Ca_BFgam    0.00%    passed     99.36%
 416  AB0256-Cb_BFgam    0.00%    passed     74.61%
 417  AB0257-Ca_BFcol    0.00%    passed     95.93%
 418  AB0257-Cb_BFcol    0.00%    passed     98.81%
 419  AB0258-Ca_BFcol    0.00%    passed     98.64%
 420  AB0258-Cb_BFcol    0.00%    passed     96.97%
 421  AB0260-Ca_BFgam    0.00%    passed     97.11%
 422  AB0260-Cb_BFgam    0.00%    passed     99.54%
 423  AB0261-Ca_BFgam    0.00%    passed     94.45%
 424  AB0261-Cb_BFgam    0.00%    passed     92.43%
 425  AB0262-Ca_BFcol    0.00%    passed     96.31%
 426  AB0262-Cb_BFcol    0.00%    passed     97.77%
 427  AB0263-Ca_BFcol    0.00%    passed     98.56%
 428  AB0263-Cb_BFcol    0.00%    passed     99.32%
 429  AB0264-Ca_BFgam    0.00%    passed     99.77%
 430  AB0264-Cb_BFgam    0.00%    passed     99.74%
 431  AB0265-Ca_BFgam    0.00%    passed     93.88%
 432  AB0265-Cb_BFgam    0.00%    passed     96.63%
 433  AB0266-Ca_BFcol    0.00%    passed     99.67%
 434  AB0266-Cb_BFcol    0.00%    passed     96.63%
 435  AB0267-Ca_BFcol    0.00%    passed     97.16%
 436  AB0267-Cb_BFcol    0.00%    passed     98.40%
 437  AB0268-Ca_BFgam    0.00%    passed     61.38%
 438  AB0268-Cb_BFgam    0.00%    passed     99.88%
 439  AB0270-Ca_BFgam    0.00%    passed     97.87%
 440  AB0270-Cb_BFgam    0.00%    passed     95.62%
 441  AB0271-Ca_BFgam    0.00%    passed     98.09%
 442  AB0271-Cb_BFgam    0.00%    passed     89.58%
 443  AB0272-Ca_BFgam    0.00%    passed     96.32%
 444  AB0272-Cb_BFgam    0.00%    passed     80.59%
 445  AB0273-Ca_BFgam    0.00%    passed     91.47%
 446  AB0273-Cb_BFgam    0.00%    passed     96.13%
 447  AB0274-Ca_BFgam    0.00%    passed     93.69%
 448  AB0274-Cb_BFgam    0.00%    passed     97.62%
 449  AB0275-Ca_BFgam    0.00%    passed     97.22%
 450  AB0275-Cb_BFgam    0.00%    passed     99.39%
 451  AB0276-Ca_BFcol    0.00%    passed     85.33%
 452  AB0276-Cb_BFcol    0.00%    passed     95.25%
 453  AB0277-Ca_BFgam    0.00%    passed     96.70%
 454  AB0277-Cb_BFgam    0.00%    passed     97.49%
 455  AB0278-Ca_BFgam    0.00%    passed     95.36%
 456  AB0278-Cb_BFgam    0.00%    passed     99.88%
 457  AB0279-Ca_BFcol    0.00%    passed     99.74%
 458  AB0279-Cb_BFcol    0.00%    passed     89.86%
 459  AB0280-Ca_BFgam    0.00%    passed     95.64%
 460  AB0280-Cb_BFgam    0.00%    passed     98.05%
 461  AB0281-Ca_BFgam    0.00%    passed     99.81%
 462  AB0281-Cb_BFgam    0.00%    passed     99.66%
 463  AB0282-Ca_BFcol    0.00%    passed     98.62%
 464  AB0282-Cb_BFcol    0.00%    passed     96.21%
 465  AB0283-Ca_BFgam    0.00%    passed     98.81%
 466  AB0283-Cb_BFgam    0.00%    passed     79.79%
 467  AB0284-Ca_BFgam    0.00%    passed     99.42%
 468  AB0284-Cb_BFgam    0.00%    passed     99.13%
 469  AV0001-Ca_GNgam    0.00%    passed     99.61%
 470  AV0001-Cb_GNgam    0.00%    passed     97.07%
 471  AV0002-Ca_GNgam    0.00%    passed     79.59%
 472  AV0002-Cb_GNgam    0.00%    passed     95.58%
 473  AV0003-Ca_GNgam    0.00%    passed     99.69%
 474  AV0003-Cb_GNgam    0.00%    passed     71.46%
 475  AV0004-Ca_GNgam    0.00%    passed     98.14%
 476  AV0004-Cb_GNgam    0.00%    passed     92.58%
 477  AV0005-Ca_GNgam    0.00%    passed     96.70%
 478  AV0005-Cb_GNgam    0.00%    passed     95.59%
 479  AV0006-Ca_GNgam    0.00%    passed     81.09%
 480  AV0006-Cb_GNgam    0.00%    passed     88.55%
 481  AV0007-Ca_GNgam    0.00%    passed     87.95%
 482  AV0007-Cb_GNgam    0.00%    passed     98.50%
 483  AV0008-Ca_GNgam    0.00%    passed     99.51%
 484  AV0008-Cb_GNgam    0.00%    passed     97.49%
 485  AV0009-Ca_GNgam    0.00%    passed     98.24%
 486  AV0009-Cb_GNgam    0.00%    passed     99.85%
 487  AV0010-Ca_GNgam    0.00%    passed     84.79%
 488  AV0010-Cb_GNgam    0.00%    passed     99.88%
 489  AV0011-Ca_GNgam    0.00%    passed     83.27%
 490  AV0011-Cb_GNgam    0.00%    passed     65.80%
 491  AV0012-Ca_GNgam    0.00%    passed     98.48%
 492  AV0012-Cb_GNgam    0.00%    passed     81.54%
 493  AV0013-Ca_GNgam    0.00%    passed     97.87%
 494  AV0013-Cb_GNgam    0.00%    passed     99.69%
 495  AV0014-Ca_GNgam    0.00%    passed     99.88%
 496  AV0014-Cb_GNgam    0.00%    passed     91.39%
 497  AV0015-Ca_GNgam    0.00%    passed     97.15%
 498  AV0015-Cb_GNgam    0.00%    passed     99.60%
 499  AV0017-Ca_GNgam    0.00%    passed     61.95%
 500  AV0017-Cb_GNgam    0.00%    passed     99.35%
 501  AV0018-Ca_GNgam    0.00%    passed     96.77%
 502  AV0018-Cb_GNgam    0.00%    passed     55.77%
 503  AV0020-Ca_GNgam    0.00%    passed     98.69%
 504  AV0020-Cb_GNgam    0.00%    passed     97.16%
 505  AV0021-Ca_GNgam    0.00%    passed     93.47%
 506  AV0021-Cb_GNgam    0.00%    passed     99.13%
 507  AV0022-Ca_GNgam    0.00%    passed     95.00%
 508  AV0022-Cb_GNgam    0.00%    passed     97.63%
 509  AV0024-Ca_GNgam    0.00%    passed     94.17%
 510  AV0024-Cb_GNgam    0.00%    passed     97.87%
 511  AV0025-Ca_GNgam    0.00%    passed     99.54%
 512  AV0025-Cb_GNgam    0.00%    passed     90.56%
 513  AV0026-Ca_GNgam    0.00%    passed     97.13%
 514  AV0026-Cb_GNgam    0.00%    passed     96.79%
 515  AV0027-Ca_GNgam    0.00%    passed     99.80%
 516  AV0027-Cb_GNgam    0.00%    passed     99.81%
 517  AV0028-Ca_GNgam    0.00%    passed     99.85%
 518  AV0028-Cb_GNgam    0.00%    passed     99.69%
 519  AV0029-Ca_GNgam    0.00%    passed     97.98%
 520  AV0029-Cb_GNgam    0.00%    passed     99.93%
 521  AV0030-Ca_GNgam    0.00%    passed     90.61%
 522  AV0030-Cb_GNgam    0.00%    passed     88.15%
 523  AV0031-Ca_GNgam    0.00%    passed     98.59%
 524  AV0031-Cb_GNgam    0.00%    passed     99.45%
 525  AV0032-Ca_GNgam    0.00%    passed     99.79%
 526  AV0032-Cb_GNgam    0.00%    passed     99.78%
 527  AV0033-Ca_GNgam    0.00%    passed     92.86%
 528  AV0033-Cb_GNgam    0.00%    passed     96.24%
 529  AV0034-Ca_GNgam    0.00%    passed     99.31%
 530  AV0034-Cb_GNgam    0.00%    passed     95.28%
 531  AV0035-Ca_GNgam    0.00%    passed     96.94%
 532  AV0035-Cb_GNgam    0.00%    passed     97.16%
 533  AV0036-Ca_GNgam    0.00%    passed     92.75%
 534  AV0036-Cb_GNgam    0.00%    passed     90.92%
 535  AV0037-Ca_GNgam    0.00%    passed     99.74%
 536  AV0037-Cb_GNgam    0.00%    passed     96.99%
 537  AV0039-Ca_GNgam    0.00%    passed     99.11%
 538  AV0039-Cb_GNgam    0.00%    passed     99.78%
 539  AV0041-Ca_GNgam    0.00%    passed     99.93%
 540  AV0041-Cb_GNgam    0.00%    passed     99.94%
 541  AV0043-Ca_GNgam    0.00%    passed     99.74%
 542  AV0043-Cb_GNgam    0.00%    passed     85.85%
 543  AV0044-Ca_GNgam    0.00%    passed     98.10%
 544  AV0044-Cb_GNgam    0.00%    passed     89.92%
 545  AV0045-Ca_GNgam    0.00%    passed     95.38%
 546  AV0045-Cb_GNgam    0.00%    passed     80.48%
 547  AV0047-Ca_GNgam    0.00%    passed     98.25%
 548  AV0047-Cb_GNgam    0.00%    passed     96.83%
 549  AY0006-Ca_CIcol    0.00%    passed     99.88%
 550  AY0006-Cb_CIcol    0.00%    passed     97.37%
 551  AY0007-Ca_CIcol    0.00%    passed     96.70%
 552  AY0007-Cb_CIcol    0.00%    passed     98.99%
 553  AY0010-Ca_CIcol    0.00%    passed     98.93%
 554  AY0010-Cb_CIcol    0.00%    passed     98.73%
 555  AY0011-Ca_CIcol    0.00%    passed     99.51%
 556  AY0011-Cb_CIcol    0.00%    passed     85.91%
 557  AY0012-Ca_CIcol    0.00%    passed     99.38%
 558  AY0012-Cb_CIcol    0.00%    passed     89.12%
 559  AY0013-Ca_CIcol    0.00%    passed     99.34%
 560  AY0013-Cb_CIcol    0.00%    passed     99.66%
 561  AY0015-Ca_CIcol    0.00%    passed     97.87%
 562  AY0015-Cb_CIcol    0.00%    passed     96.10%
 563  AY0016-Ca_CIcol    0.00%    passed     96.14%
 564  AY0016-Cb_CIcol    0.00%    passed     95.49%
 565  AY0017-Ca_CIcol    0.00%    passed     95.38%
 566  AY0017-Cb_CIcol    0.00%    passed     78.68%
 567  AY0018-Ca_CIcol    0.00%    passed     94.96%
 568  AY0018-Cb_CIcol    0.00%    passed     97.81%
 569  AY0019-Ca_CIcol    0.00%    passed     98.60%
 570  AY0019-Cb_CIcol    0.00%    passed     96.14%
 571  AY0020-Ca_CIcol    0.00%    passed     57.50%
 572  AY0020-Cb_CIcol    0.00%    passed     99.34%
 573  AY0021-Ca_CIcol    0.00%    passed     98.40%
 574  AY0021-Cb_CIcol    0.00%    passed     95.84%
 575  AY0023-Ca_CIcol    0.00%    passed     98.73%
 576  AY0023-Cb_CIcol    0.00%    passed     97.98%
 577  AY0024-Ca_CIcol    0.00%    passed     98.00%
 578  AY0024-Cb_CIcol    0.00%    passed     90.86%
 579  AY0025-Ca_CIcol    0.00%    passed     88.04%
 580  AY0025-Cb_CIcol    0.00%    passed     96.14%
 581  AY0026-Ca_CIcol    0.00%    passed     95.21%
 582  AY0026-Cb_CIcol    0.00%    passed     99.86%
 583  AY0027-Ca_CIcol    0.00%    passed     96.92%
 584  AY0027-Cb_CIcol    0.00%    passed     96.92%
 585  AY0029-Ca_CIcol    0.00%    passed     99.98%
 586  AY0029-Cb_CIcol    0.00%    passed     90.49%
 587  AY0031-Ca_CIcol    0.00%    passed     99.13%
 588  AY0031-Cb_CIcol    0.00%    passed     96.65%
 589  AY0032-Ca_CIcol    0.00%    passed     90.61%
 590  AY0032-Cb_CIcol    0.00%    passed     99.34%
 591  AY0033-Ca_CIcol    0.00%    passed     98.71%
 592  AY0033-Cb_CIcol    0.00%    passed     71.92%
 593  AY0034-Ca_CIcol    0.00%    passed     83.32%
 594  AY0034-Cb_CIcol    0.00%    passed     99.58%
 595  AY0035-Ca_CIcol    0.00%    passed     97.49%
 596  AY0035-Cb_CIcol    0.00%    passed     85.95%
 597  AY0036-Ca_CIcol    0.00%    passed     97.54%
 598  AY0036-Cb_CIcol    0.00%    passed     99.02%
 599  AY0038-Ca_CIcol    0.00%    passed     99.09%
 600  AY0038-Cb_CIcol    0.00%    passed     99.05%
 601  AY0039-Ca_CIcol    0.00%    passed     88.47%
 602  AY0039-Cb_CIcol    0.00%    passed     94.86%
 603  AY0040-Ca_CIcol    0.00%    passed     99.78%
 604  AY0040-Cb_CIcol    0.00%    passed     99.08%
 605  AY0041-Ca_CIcol    0.00%    passed     99.34%
 606  AY0041-Cb_CIcol    0.00%    passed     86.41%
 607  AY0042-Ca_CIcol    0.00%    passed     99.26%
 608  AY0042-Cb_CIcol    0.00%    passed     99.41%
 609  AY0043-Ca_CIcol    0.00%    passed     79.72%
 610  AY0043-Cb_CIcol    0.00%    passed     78.20%
 611  AY0045-Ca_CIcol    0.00%    passed     96.14%
 612  AY0045-Cb_CIcol    0.00%    passed     90.20%
 613  AY0046-Ca_CIcol    0.00%    passed     89.83%
 614  AY0046-Cb_CIcol    0.00%    passed     90.96%
 615  AY0047-Ca_CIcol    0.00%    passed     91.17%
 616  AY0047-Cb_CIcol    0.00%    passed     98.73%
 617  AY0048-Ca_CIcol    0.00%    passed     98.68%
 618  AY0048-Cb_CIcol    0.00%    passed     99.09%
 619  AY0049-Ca_CIcol    0.00%    passed     92.35%
 620  AY0049-Cb_CIcol    0.00%    passed     81.94%
 621  AY0050-Ca_CIcol    0.00%    passed     99.69%
 622  AY0050-Cb_CIcol    0.00%    passed     89.27%
 623  AY0052-Ca_CIcol    0.00%    passed     97.75%
 624  AY0052-Cb_CIcol    0.00%    passed     96.70%
 625  AY0053-Ca_CIcol    0.00%    passed     97.75%
 626  AY0053-Cb_CIcol    0.00%    passed     98.48%
 627  AY0054-Ca_CIcol    0.00%    passed     96.88%
 628  AY0054-Cb_CIcol    0.00%    passed     93.39%
 629  AY0055-Ca_CIcol    0.00%    passed     97.75%
 630  AY0055-Cb_CIcol    0.00%    passed     98.34%
 631  AY0056-Ca_CIcol    0.00%    passed     98.43%
 632  AY0056-Cb_CIcol    0.00%    passed     99.88%
 633  AY0057-Ca_CIcol    0.00%    passed     98.43%
 634  AY0057-Cb_CIcol    0.00%    passed     67.60%
 635  AY0058-Ca_CIcol    0.00%    passed     97.55%
 636  AY0058-Cb_CIcol    0.00%    passed     66.91%
 637  AY0059-Ca_CIcol    0.00%    passed     99.69%
 638  AY0059-Cb_CIcol    0.00%    passed     97.63%
 639  AY0060-Ca_CIcol    0.00%    passed     94.36%
 640  AY0060-Cb_CIcol    0.00%    passed     89.68%
 641  AY0061-Ca_CIcol    0.00%    passed     96.70%
 642  AY0061-Cb_CIcol    0.00%    passed     97.75%
 643  AY0062-Ca_CIcol    0.00%    passed     99.51%
 644  AY0062-Cb_CIcol    0.00%    passed     94.52%
 645  AY0063-Ca_CIcol    0.00%    passed     86.76%
 646  AY0063-Cb_CIcol    0.00%    passed     87.94%
 647  AY0064-Ca_CIcol    0.00%    passed     99.04%
 648  AY0064-Cb_CIcol    0.00%    passed     96.70%
 649  AY0065-Ca_CIcol    0.00%    passed     97.98%
 650  AY0065-Cb_CIcol    0.00%    passed     99.40%
 651  AY0066-Ca_CIcol    0.00%    passed     93.88%
 652  AY0066-Cb_CIcol    0.00%    passed     98.20%
 653  AY0067-Ca_CIcol    0.00%    passed     87.70%
 654  AY0067-Cb_CIcol    0.00%    passed     99.86%
 655  AY0068-Ca_CIcol    0.00%    passed     99.94%
 656  AY0068-Cb_CIcol    0.00%    passed     99.64%
 657  AY0069-Ca_CIcol    0.00%    passed     99.04%
 658  AY0069-Cb_CIcol    0.00%    passed     96.70%
 659  AY0070-Ca_CIcol    0.00%    passed     99.09%
 660  AY0070-Cb_CIcol    0.00%    passed     98.49%
 661  AY0072-Ca_CIcol    0.00%    passed     92.58%
 662  AY0072-Cb_CIcol    0.00%    passed     99.76%
 663  AY0074-Ca_CIcol    0.00%    passed     99.08%
 664  AY0074-Cb_CIcol    0.00%    passed     73.51%
 665  AY0076-Ca_CIcol    0.00%    passed     97.75%
 666  AY0076-Cb_CIcol    0.00%    passed     98.34%
 667  AY0077-Ca_CIcol    0.00%    passed     98.10%
 668  AY0077-Cb_CIcol    0.00%    passed     99.64%
 669  AY0078-Ca_CIcol    0.00%    passed     99.80%
 670  AY0078-Cb_CIcol    0.00%    passed     99.45%
 671  AY0079-Ca_CIcol    0.00%    passed     97.75%
 672  AY0079-Cb_CIcol    0.00%    passed     96.70%
 673  AY0080-Ca_CIcol    0.00%    passed     99.96%
 674  AY0080-Cb_CIcol    0.00%    passed     99.00%
 675  AY0082-Ca_CIcol    0.00%    passed     99.54%
 676  AY0082-Cb_CIcol    0.00%    passed    100.00%
 677  AY0083-Ca_CIcol    0.00%    passed     99.09%
 678  AY0083-Cb_CIcol    0.00%    passed     91.95%
 679  AY0085-Ca_CIcol    0.00%    passed     77.10%
 680  AY0085-Cb_CIcol    0.00%    passed     96.55%
 681  AY0087-Ca_CIcol    0.00%    passed     95.97%
 682  AY0087-Cb_CIcol    0.00%    passed     96.12%
 683  AY0088-Ca_CIcol    0.00%    passed     99.60%
 684  AY0088-Cb_CIcol    0.00%    passed     99.45%
 685  AY0089-Ca_CIcol    0.00%    passed     96.47%
 686  AY0089-Cb_CIcol    0.00%    passed     98.50%
 687  AY0090-Ca_CIcol    0.00%    passed    100.00%
 688  AY0090-Cb_CIcol    0.00%    passed     98.93%
 689  AY0091-Ca_CIcol    0.00%    passed     97.75%
 690  AY0091-Cb_CIcol    0.00%    passed     96.70%
****  TOTAL              0.00%  0 sequences failed composition chi2 test (p-value<5%; df=3)
NOTE: AA0139-Ca_GHcol is identical to AA0041-Cb_GHcol but kept for subsequent analysis
NOTE: AA0050-Cb_GHgam is identical to AA0048-Ca_GHgam but kept for subsequent analysis
NOTE: AA0050-Ca_GHgam is identical to AA0048-Cb_GHgam but kept for subsequent analysis
NOTE: AA0104-Ca_GHcol is identical to AA0087-Ca_GHcol but kept for subsequent analysis
NOTE: AB0095-Ca_BFcol is identical to AA0125-Ca_GHcol but kept for subsequent analysis
NOTE: AB0186-Ca_BFcol is identical to AB0099-Ca_BFcol but kept for subsequent analysis
NOTE: AB0182-Cb_BFcol is identical to AB0115-Cb_BFcol but kept for subsequent analysis
NOTE: AB0150-Cb_BFgam is identical to AB0145-Ca_BFgam but kept for subsequent analysis
NOTE: AY0069-Ca_CIcol is identical to AB0150-Ca_BFgam but kept for subsequent analysis
NOTE: AB0208-Ca_BFgam is identical to AB0157-Cb_BFgam but kept for subsequent analysis
NOTE: AY0025-Cb_CIcol is identical to AY0016-Ca_CIcol but kept for subsequent analysis
NOTE: AY0076-Cb_CIcol is identical to AY0055-Cb_CIcol but kept for subsequent analysis
NOTE: AY0083-Ca_CIcol is identical to AY0070-Ca_CIcol but kept for subsequent analysis
NOTE: AY0090-Ca_CIcol is identical to AY0082-Cb_CIcol but kept for subsequent analysis
NOTE: 26 identical sequences (see below) will be ignored for subsequent analysis
NOTE: AA0060-Cb_GHgam (identical to AA0048-Ca_GHgam) is ignored but added at the end
NOTE: AA0061-Ca_GHgam (identical to AA0048-Ca_GHgam) is ignored but added at the end
NOTE: AA0084-Ca_GHgam (identical to AA0048-Ca_GHgam) is ignored but added at the end
NOTE: AA0108-Ca_GHgam (identical to AA0048-Ca_GHgam) is ignored but added at the end
NOTE: AA0061-Cb_GHgam (identical to AA0048-Cb_GHgam) is ignored but added at the end
NOTE: AA0084-Cb_GHgam (identical to AA0048-Cb_GHgam) is ignored but added at the end
NOTE: AA0108-Cb_GHgam (identical to AA0048-Cb_GHgam) is ignored but added at the end
NOTE: AY0021-Ca_CIcol (identical to AB0099-Ca_BFcol) is ignored but added at the end
NOTE: AB0157-Ca_BFgam (identical to AB0145-Ca_BFgam) is ignored but added at the end
NOTE: AB0208-Cb_BFgam (identical to AB0145-Ca_BFgam) is ignored but added at the end
NOTE: AB0238-Ca_BFgam (identical to AB0145-Ca_BFgam) is ignored but added at the end
NOTE: AV0005-Ca_GNgam (identical to AB0145-Ca_BFgam) is ignored but added at the end
NOTE: AY0007-Ca_CIcol (identical to AB0145-Ca_BFgam) is ignored but added at the end
NOTE: AY0052-Cb_CIcol (identical to AB0145-Ca_BFgam) is ignored but added at the end
NOTE: AY0061-Ca_CIcol (identical to AB0145-Ca_BFgam) is ignored but added at the end
NOTE: AY0064-Cb_CIcol (identical to AB0145-Ca_BFgam) is ignored but added at the end
NOTE: AY0069-Cb_CIcol (identical to AB0145-Ca_BFgam) is ignored but added at the end
NOTE: AY0079-Cb_CIcol (identical to AB0145-Ca_BFgam) is ignored but added at the end
NOTE: AY0091-Cb_CIcol (identical to AB0145-Ca_BFgam) is ignored but added at the end
NOTE: AB0238-Cb_BFgam (identical to AB0157-Cb_BFgam) is ignored but added at the end
NOTE: AY0052-Ca_CIcol (identical to AB0157-Cb_BFgam) is ignored but added at the end
NOTE: AY0055-Ca_CIcol (identical to AB0157-Cb_BFgam) is ignored but added at the end
NOTE: AY0061-Cb_CIcol (identical to AB0157-Cb_BFgam) is ignored but added at the end
NOTE: AY0076-Ca_CIcol (identical to AB0157-Cb_BFgam) is ignored but added at the end
NOTE: AY0079-Ca_CIcol (identical to AB0157-Cb_BFgam) is ignored but added at the end
NOTE: AY0091-Ca_CIcol (identical to AB0157-Cb_BFgam) is ignored but added at the end
Alignment was printed to hapalignment_duplication_HSdiploid_thr13.uniqueseq.phy

For your convenience alignment with unique sequences printed to hapalignment_duplication_HSdiploid_thr13.uniqueseq.phy


Create initial parsimony tree by phylogenetic likelihood library (PLL)... 0.300 seconds
Measuring multi-threading efficiency up to 8 CPU cores
Increase to 10 rounds for branch lengths
5 trees examined
Threads: 1 / Time: 9.096 sec / Speedup: 1.000 / Efficiency: 100% / LogL: -66143
Threads: 2 / Time: 6.232 sec / Speedup: 1.460 / Efficiency: 73% / LogL: -66143
Threads: 3 / Time: 6.297 sec / Speedup: 1.444 / Efficiency: 48% / LogL: -66143
BEST NUMBER OF THREADS: 2

Perform fast likelihood tree search using GTR+ASC+G model...
Estimate model parameters (epsilon = 5.000)
Perform nearest neighbor interchange...
Estimate model parameters (epsilon = 1.000)
1. Initial log-likelihood: -46758.051
Optimal log-likelihood: -46757.772
Rate parameters:  A-C: 0.72743  A-G: 4.59811  A-T: 2.65747  C-G: 0.17634  C-T: 4.71513  G-T: 1.00000
Base frequencies:  A: 0.211  C: 0.278  G: 0.294  T: 0.217
Gamma shape alpha: 0.787
Parameters optimization took 1 rounds (1.371 sec)
Time for fast ML tree search: 12.997 seconds

NOTE: ModelFinder requires 45 MB RAM!
ModelFinder will test up to 4 DNA models (sample size: 501) ...
 No. Model         -LnL         df  AIC          AICc         BIC
  1  GTR+F         52748.865    1333 108163.731   3664607.731  113784.467
  2  GTR+F+ASC     52748.863    1333 108163.726   3664607.726  113784.462
  3  GTR+F+G4      46761.536    1334 96191.071    3657971.071  101816.024
  4  GTR+F+ASC+G4  46757.697    1334 96183.395    3657963.395  101808.347
Akaike Information Criterion:           GTR+F+ASC+G4
Corrected Akaike Information Criterion: GTR+F+ASC+G4
Bayesian Information Criterion:         GTR+F+ASC+G4
Best-fit model: GTR+F+ASC+G4 chosen according to BIC

All model information printed to hapalignment_duplication_HSdiploid_thr13.model.gz
CPU time for ModelFinder: 79.443 seconds (0h:1m:19s)
Wall-clock time for ModelFinder: 43.220 seconds (0h:0m:43s)
Generating 1000 samples for ultrafast bootstrap (seed: 73847)...

NOTE: 45 MB RAM (0 GB) is required!
Estimate model parameters (epsilon = 0.100)
1. Initial log-likelihood: -46757.697
Optimal log-likelihood: -46757.697
Rate parameters:  A-C: 0.72796  A-G: 4.59964  A-T: 2.65058  C-G: 0.17622  C-T: 4.71889  G-T: 1.00000
Base frequencies:  A: 0.211  C: 0.278  G: 0.294  T: 0.217
Gamma shape alpha: 0.786
Parameters optimization took 1 rounds (0.721 sec)
Computing ML distances based on estimated model parameters... 10.051 sec
Computing BIONJ tree...
0.706 seconds
Log-likelihood of BIONJ tree: -46604.197
--------------------------------------------------------------------
|             INITIALIZING CANDIDATE TREE SET                      |
--------------------------------------------------------------------
Generating 98 parsimony trees... 28.911 second
Computing log-likelihood of 98 initial trees ... 18.195 seconds
Current best score: -46604.197

Do NNI search on 20 best initial trees
Estimate model parameters (epsilon = 0.100)
BETTER TREE FOUND at iteration 1: -46070.490
Iteration 10 / LogL: -46576.980 / Time: 0h:2m:33s
Iteration 20 / LogL: -46687.755 / Time: 0h:4m:11s
Finish initializing candidate tree set (20)
Current best tree score: -46070.490 / CPU time: 241.954
Number of iterations: 20
--------------------------------------------------------------------
|               OPTIMIZING CANDIDATE TREE SET                      |
--------------------------------------------------------------------
Estimate model parameters (epsilon = 0.100)
BETTER TREE FOUND at iteration 21: -46034.934
Estimate model parameters (epsilon = 0.100)
BETTER TREE FOUND at iteration 27: -46017.107
Iteration 30 / LogL: -46060.346 / Time: 0h:5m:51s (0h:19m:34s left)
Estimate model parameters (epsilon = 0.100)
BETTER TREE FOUND at iteration 32: -46004.033
Estimate model parameters (epsilon = 0.100)
BETTER TREE FOUND at iteration 33: -45971.207
Estimate model parameters (epsilon = 0.100)
BETTER TREE FOUND at iteration 35: -45963.008
Estimate model parameters (epsilon = 0.100)
BETTER TREE FOUND at iteration 36: -45952.672
Estimate model parameters (epsilon = 0.100)
BETTER TREE FOUND at iteration 40: -45952.441
Iteration 40 / LogL: -45952.441 / Time: 0h:7m:35s (0h:19m:28s left)
Estimate model parameters (epsilon = 0.100)
BETTER TREE FOUND at iteration 46: -45938.900
Estimate model parameters (epsilon = 0.100)
BETTER TREE FOUND at iteration 49: -45926.385
Iteration 50 / LogL: -45939.240 / Time: 0h:9m:13s (0h:18m:37s left)
Log-likelihood cutoff on original alignment: -46102.477
Estimate model parameters (epsilon = 0.100)
BETTER TREE FOUND at iteration 58: -45910.543
Iteration 60 / LogL: -45952.759 / Time: 0h:10m:25s (0h:17m:18s left)
Iteration 70 / LogL: -45939.105 / Time: 0h:11m:30s (0h:14m:41s left)
Estimate model parameters (epsilon = 0.100)
BETTER TREE FOUND at iteration 77: -45902.206
Iteration 80 / LogL: -45932.601 / Time: 0h:12m:39s (0h:15m:33s left)
Estimate model parameters (epsilon = 0.100)
BETTER TREE FOUND at iteration 81: -45899.807
Iteration 90 / LogL: -45943.240 / Time: 0h:13m:46s (0h:14m:5s left)
Iteration 100 / LogL: -45982.934 / Time: 0h:14m:54s (0h:12m:11s left)
Log-likelihood cutoff on original alignment: -46075.600
NOTE: Bootstrap correlation coefficient of split occurrence frequencies: 0.914
NOTE: UFBoot does not converge, continue at least 100 more iterations
Estimate model parameters (epsilon = 0.100)
BETTER TREE FOUND at iteration 104: -45892.510
Iteration 110 / LogL: -45894.307 / Time: 0h:16m:5s (0h:13m:52s left)
Iteration 120 / LogL: -45900.977 / Time: 0h:17m:8s (0h:12m:6s left)
Estimate model parameters (epsilon = 0.100)
BETTER TREE FOUND at iteration 122: -45890.218
Estimate model parameters (epsilon = 0.100)
BETTER TREE FOUND at iteration 123: -45889.167
Estimate model parameters (epsilon = 0.100)
BETTER TREE FOUND at iteration 124: -45877.950
Iteration 130 / LogL: -45928.168 / Time: 0h:18m:21s (0h:13m:22s left)
Estimate model parameters (epsilon = 0.100)
BETTER TREE FOUND at iteration 131: -45869.919
Iteration 140 / LogL: -45904.034 / Time: 0h:19m:35s (0h:12m:49s left)
Iteration 150 / LogL: -45880.894 / Time: 0h:20m:44s (0h:11m:16s left)
Log-likelihood cutoff on original alignment: -46075.600
Estimate model parameters (epsilon = 0.100)
BETTER TREE FOUND at iteration 151: -45867.473
Estimate model parameters (epsilon = 0.100)
BETTER TREE FOUND at iteration 155: -45866.386
Estimate model parameters (epsilon = 0.100)
BETTER TREE FOUND at iteration 156: -45850.286
Iteration 160 / LogL: -45883.423 / Time: 0h:22m:3s (0h:13m:19s left)
Iteration 170 / LogL: -45881.600 / Time: 0h:23m:13s (0h:11m:49s left)
Iteration 180 / LogL: -45868.120 / Time: 0h:24m:24s (0h:10m:21s left)
Iteration 190 / LogL: -45895.267 / Time: 0h:25m:34s (0h:8m:56s left)
Estimate model parameters (epsilon = 0.100)
BETTER TREE FOUND at iteration 192: -45840.307
Iteration 200 / LogL: -45893.270 / Time: 0h:26m:48s (0h:12m:23s left)
Log-likelihood cutoff on original alignment: -46075.600
NOTE: Bootstrap correlation coefficient of split occurrence frequencies: 0.873
NOTE: UFBoot does not converge, continue at least 100 more iterations
Iteration 210 / LogL: -45871.766 / Time: 0h:28m:4s (0h:12m:5s left)
Iteration 220 / LogL: -45884.544 / Time: 0h:29m:16s (0h:10m:41s left)
Iteration 230 / LogL: -45898.380 / Time: 0h:30m:32s (0h:9m:20s left)
Estimate model parameters (epsilon = 0.100)
BETTER TREE FOUND at iteration 234: -45838.654
Iteration 240 / LogL: -45875.121 / Time: 0h:31m:47s (0h:12m:30s left)
Iteration 250 / LogL: -45850.579 / Time: 0h:32m:59s (0h:11m:7s left)
Log-likelihood cutoff on original alignment: -46049.757
Iteration 260 / LogL: -45867.196 / Time: 0h:34m:10s (0h:9m:45s left)
Iteration 270 / LogL: -45891.097 / Time: 0h:35m:21s (0h:8m:24s left)
Iteration 280 / LogL: -45847.849 / Time: 0h:36m:38s (0h:7m:5s left)
Estimate model parameters (epsilon = 0.100)
BETTER TREE FOUND at iteration 289: -45820.357
Iteration 290 / LogL: -45830.028 / Time: 0h:37m:54s (0h:12m:59s left)
Iteration 300 / LogL: -45842.107 / Time: 0h:39m:6s (0h:11m:38s left)
Log-likelihood cutoff on original alignment: -46049.757
NOTE: Bootstrap correlation coefficient of split occurrence frequencies: 0.903
NOTE: UFBoot does not converge, continue at least 100 more iterations
Iteration 310 / LogL: -45851.893 / Time: 0h:40m:21s (0h:11m:45s left)
Iteration 320 / LogL: -45848.722 / Time: 0h:41m:30s (0h:10m:24s left)
Iteration 330 / LogL: -45867.070 / Time: 0h:42m:40s (0h:9m:4s left)
Iteration 340 / LogL: -45844.367 / Time: 0h:43m:56s (0h:7m:46s left)
Iteration 350 / LogL: -45849.461 / Time: 0h:45m:10s (0h:6m:28s left)
Log-likelihood cutoff on original alignment: -46049.757
Iteration 360 / LogL: -45866.744 / Time: 0h:46m:25s (0h:5m:10s left)
Iteration 370 / LogL: -45907.357 / Time: 0h:47m:36s (0h:3m:52s left)
Iteration 380 / LogL: -45894.171 / Time: 0h:48m:48s (0h:2m:34s left)
Iteration 390 / LogL: -45858.463 / Time: 0h:50m:0s (0h:1m:17s left)
Iteration 400 / LogL: -45886.260 / Time: 0h:51m:11s (0h:0m:0s left)
Log-likelihood cutoff on original alignment: -46049.757
NOTE: Bootstrap correlation coefficient of split occurrence frequencies: 0.959
NOTE: UFBoot does not converge, continue at least 100 more iterations
Estimate model parameters (epsilon = 0.100)
BETTER TREE FOUND at iteration 409: -45814.439
Iteration 410 / LogL: -45881.628 / Time: 0h:52m:32s (0h:12m:43s left)
Iteration 420 / LogL: -45866.206 / Time: 0h:53m:45s (0h:11m:25s left)
Iteration 430 / LogL: -45825.611 / Time: 0h:54m:58s (0h:10m:7s left)
Estimate model parameters (epsilon = 0.100)
BETTER TREE FOUND at iteration 433: -45813.380
Iteration 440 / LogL: -45857.109 / Time: 0h:56m:10s (0h:11m:54s left)
Estimate model parameters (epsilon = 0.100)
BETTER TREE FOUND at iteration 441: -45809.770
Iteration 450 / LogL: -45819.967 / Time: 0h:57m:21s (0h:11m:37s left)
Log-likelihood cutoff on original alignment: -46010.997
Estimate model parameters (epsilon = 0.100)
BETTER TREE FOUND at iteration 460: -45798.825
Iteration 460 / LogL: -45798.825 / Time: 0h:58m:38s (0h:12m:46s left)
Estimate model parameters (epsilon = 0.100)
BETTER TREE FOUND at iteration 463: -45788.020
Iteration 470 / LogL: -45867.454 / Time: 0h:59m:53s (0h:11m:52s left)
Iteration 480 / LogL: -45807.393 / Time: 1h:1m:5s (0h:10m:35s left)
Iteration 490 / LogL: -45798.938 / Time: 1h:2m:19s (0h:9m:18s left)
Iteration 500 / LogL: -45826.103 / Time: 1h:3m:35s (0h:8m:1s left)
Log-likelihood cutoff on original alignment: -46010.997
NOTE: Bootstrap correlation coefficient of split occurrence frequencies: 0.924
NOTE: UFBoot does not converge, continue at least 100 more iterations
Iteration 510 / LogL: -45815.416 / Time: 1h:4m:54s (0h:11m:28s left)
Iteration 520 / LogL: -45816.660 / Time: 1h:6m:5s (0h:10m:11s left)
Iteration 530 / LogL: -45837.607 / Time: 1h:7m:22s (0h:8m:54s left)
Iteration 540 / LogL: -45826.866 / Time: 1h:8m:38s (0h:7m:38s left)
Iteration 550 / LogL: -45828.722 / Time: 1h:9m:53s (0h:6m:21s left)
Log-likelihood cutoff on original alignment: -46010.997
Estimate model parameters (epsilon = 0.100)
BETTER TREE FOUND at iteration 557: -45786.383
Iteration 560 / LogL: -45819.306 / Time: 1h:11m:12s (0h:12m:21s left)
Iteration 570 / LogL: -45830.660 / Time: 1h:12m:33s (0h:11m:5s left)
Estimate model parameters (epsilon = 0.100)
BETTER TREE FOUND at iteration 576: -45784.251
Iteration 580 / LogL: -45834.855 / Time: 1h:13m:47s (0h:12m:14s left)
Iteration 590 / LogL: -45786.271 / Time: 1h:15m:2s (0h:10m:57s left)
Iteration 600 / LogL: -45807.773 / Time: 1h:16m:17s (0h:9m:40s left)
Log-likelihood cutoff on original alignment: -46010.997
NOTE: Bootstrap correlation coefficient of split occurrence frequencies: 0.926
NOTE: UFBoot does not converge, continue at least 100 more iterations
Iteration 610 / LogL: -45796.327 / Time: 1h:17m:39s (0h:11m:28s left)
Iteration 620 / LogL: -45811.664 / Time: 1h:18m:56s (0h:10m:12s left)
Estimate model parameters (epsilon = 0.100)
BETTER TREE FOUND at iteration 624: -45778.393
Iteration 630 / LogL: -45829.158 / Time: 1h:20m:13s (0h:11m:59s left)
Iteration 640 / LogL: -45845.155 / Time: 1h:21m:29s (0h:10m:42s left)
Iteration 650 / LogL: -45809.671 / Time: 1h:22m:46s (0h:9m:26s left)
Log-likelihood cutoff on original alignment: -46010.997
Iteration 660 / LogL: -45895.065 / Time: 1h:24m:0s (0h:8m:9s left)
Iteration 670 / LogL: -45812.060 / Time: 1h:25m:18s (0h:6m:53s left)
Iteration 680 / LogL: -45800.181 / Time: 1h:26m:36s (0h:5m:36s left)
Iteration 690 / LogL: -45828.263 / Time: 1h:27m:53s (0h:4m:20s left)
Estimate model parameters (epsilon = 0.100)
BETTER TREE FOUND at iteration 695: -45768.483
Iteration 700 / LogL: -45820.653 / Time: 1h:29m:12s (0h:12m:7s left)
Log-likelihood cutoff on original alignment: -46010.997
NOTE: Bootstrap correlation coefficient of split occurrence frequencies: 0.919
NOTE: UFBoot does not converge, continue at least 100 more iterations
Iteration 710 / LogL: -45792.274 / Time: 1h:30m:35s (0h:11m:29s left)
Iteration 720 / LogL: -45791.260 / Time: 1h:31m:54s (0h:10m:13s left)
Iteration 730 / LogL: -45813.549 / Time: 1h:33m:14s (0h:8m:57s left)
Iteration 740 / LogL: -45780.686 / Time: 1h:34m:36s (0h:7m:40s left)
Iteration 750 / LogL: -45846.932 / Time: 1h:35m:50s (0h:6m:23s left)
Log-likelihood cutoff on original alignment: -46010.997
Iteration 760 / LogL: -45778.400 / Time: 1h:37m:14s (0h:5m:7s left)
Iteration 770 / LogL: -45796.536 / Time: 1h:38m:33s (0h:3m:50s left)
Iteration 780 / LogL: -45824.179 / Time: 1h:40m:0s (0h:2m:34s left)
Iteration 790 / LogL: -45785.992 / Time: 1h:41m:21s (0h:1m:17s left)
Iteration 800 / LogL: -45821.276 / Time: 1h:42m:44s (0h:0m:0s left)
Log-likelihood cutoff on original alignment: -46010.997
NOTE: Bootstrap correlation coefficient of split occurrence frequencies: 0.910
NOTE: UFBoot does not converge, continue at least 100 more iterations
Iteration 810 / LogL: -45788.795 / Time: 1h:44m:6s (0h:11m:34s left)
Iteration 820 / LogL: -45803.477 / Time: 1h:45m:24s (0h:10m:17s left)
Iteration 830 / LogL: -45813.843 / Time: 1h:46m:47s (0h:9m:1s left)
Iteration 840 / LogL: -45816.333 / Time: 1h:48m:9s (0h:7m:44s left)
Iteration 850 / LogL: -45810.117 / Time: 1h:49m:28s (0h:6m:26s left)
Log-likelihood cutoff on original alignment: -46010.997
Iteration 860 / LogL: -45832.744 / Time: 1h:50m:55s (0h:5m:9s left)
Iteration 870 / LogL: -45821.320 / Time: 1h:52m:14s (0h:3m:52s left)
Iteration 880 / LogL: -45777.534 / Time: 1h:53m:39s (0h:2m:35s left)
Iteration 890 / LogL: -45833.132 / Time: 1h:55m:3s (0h:1m:17s left)
Iteration 900 / LogL: -45806.029 / Time: 1h:56m:23s (0h:0m:0s left)
Log-likelihood cutoff on original alignment: -46010.997
NOTE: Bootstrap correlation coefficient of split occurrence frequencies: 0.929
NOTE: UFBoot does not converge, continue at least 100 more iterations
Estimate model parameters (epsilon = 0.100)
BETTER TREE FOUND at iteration 903: -45767.683
Iteration 910 / LogL: -45787.335 / Time: 1h:57m:50s (0h:12m:3s left)
Iteration 920 / LogL: -45805.175 / Time: 1h:59m:10s (0h:10m:45s left)
Iteration 930 / LogL: -45802.491 / Time: 2h:0m:32s (0h:9m:28s left)
Iteration 940 / LogL: -45796.968 / Time: 2h:1m:54s (0h:8m:10s left)
Iteration 950 / LogL: -45794.205 / Time: 2h:3m:11s (0h:6m:52s left)
Log-likelihood cutoff on original alignment: -46010.997
Iteration 960 / LogL: -45792.753 / Time: 2h:4m:31s (0h:5m:35s left)
Iteration 970 / LogL: -45771.711 / Time: 2h:5m:53s (0h:4m:17s left)
Iteration 980 / LogL: -45821.122 / Time: 2h:7m:14s (0h:2m:59s left)
Iteration 990 / LogL: -45822.216 / Time: 2h:8m:39s (0h:1m:41s left)
Iteration 1000 / LogL: -45829.803 / Time: 2h:10m:4s (0h:0m:23s left)
Log-likelihood cutoff on original alignment: -46010.997
NOTE: Bootstrap correlation coefficient of split occurrence frequencies: 0.962
NOTE: UFBoot does not converge, continue at least 100 more iterations
Iteration 1010 / LogL: -45791.069 / Time: 2h:11m:29s (0h:11m:43s left)
Iteration 1020 / LogL: -45832.926 / Time: 2h:12m:53s (0h:10m:26s left)
Iteration 1030 / LogL: -45807.979 / Time: 2h:14m:16s (0h:9m:8s left)
Iteration 1040 / LogL: -45826.063 / Time: 2h:15m:36s (0h:7m:49s left)
Iteration 1050 / LogL: -45815.774 / Time: 2h:17m:2s (0h:6m:31s left)
Log-likelihood cutoff on original alignment: -46010.997
Iteration 1060 / LogL: -45812.236 / Time: 2h:18m:31s (0h:5m:13s left)
Iteration 1070 / LogL: -45813.999 / Time: 2h:20m:0s (0h:3m:55s left)
Iteration 1080 / LogL: -45818.711 / Time: 2h:21m:23s (0h:2m:37s left)
Iteration 1090 / LogL: -45788.001 / Time: 2h:22m:48s (0h:1m:18s left)
Iteration 1100 / LogL: -45825.682 / Time: 2h:24m:10s (0h:0m:0s left)
Log-likelihood cutoff on original alignment: -46010.997
NOTE: Bootstrap correlation coefficient of split occurrence frequencies: 0.966
NOTE: UFBoot does not converge, continue at least 100 more iterations
Iteration 1110 / LogL: -45792.638 / Time: 2h:25m:39s (0h:11m:49s left)
Iteration 1120 / LogL: -45787.737 / Time: 2h:27m:4s (0h:10m:30s left)
Estimate model parameters (epsilon = 0.100)
BETTER TREE FOUND at iteration 1121: -45767.528
Iteration 1130 / LogL: -45819.452 / Time: 2h:28m:29s (0h:11m:58s left)
Iteration 1140 / LogL: -45787.258 / Time: 2h:29m:54s (0h:10m:39s left)
Iteration 1150 / LogL: -45793.436 / Time: 2h:31m:25s (0h:9m:21s left)
Log-likelihood cutoff on original alignment: -46010.997
Iteration 1160 / LogL: -45803.224 / Time: 2h:32m:49s (0h:8m:2s left)
Iteration 1170 / LogL: -45858.612 / Time: 2h:34m:19s (0h:6m:43s left)
Iteration 1180 / LogL: -45780.249 / Time: 2h:35m:42s (0h:5m:24s left)
Iteration 1190 / LogL: -45846.819 / Time: 2h:37m:7s (0h:4m:5s left)
Iteration 1200 / LogL: -45784.953 / Time: 2h:38m:36s (0h:2m:46s left)
Log-likelihood cutoff on original alignment: -46010.997
NOTE: Bootstrap correlation coefficient of split occurrence frequencies: 0.969
NOTE: UFBoot does not converge, continue at least 100 more iterations
Iteration 1210 / LogL: -45783.464 / Time: 2h:40m:8s (0h:11m:55s left)
Estimate model parameters (epsilon = 0.100)
BETTER TREE FOUND at iteration 1215: -45764.899
Iteration 1220 / LogL: -45838.514 / Time: 2h:41m:35s (0h:12m:35s left)
Iteration 1230 / LogL: -45795.975 / Time: 2h:43m:2s (0h:11m:16s left)
Iteration 1240 / LogL: -45786.166 / Time: 2h:44m:30s (0h:9m:57s left)
Iteration 1250 / LogL: -45796.549 / Time: 2h:45m:57s (0h:8m:38s left)
Log-likelihood cutoff on original alignment: -46010.997
Iteration 1260 / LogL: -45831.149 / Time: 2h:47m:29s (0h:7m:19s left)
Iteration 1270 / LogL: -45793.872 / Time: 2h:48m:55s (0h:5m:59s left)
Iteration 1280 / LogL: -45784.762 / Time: 2h:50m:21s (0h:4m:39s left)
Iteration 1290 / LogL: -45830.701 / Time: 2h:51m:46s (0h:3m:19s left)
Iteration 1300 / LogL: -45787.080 / Time: 2h:53m:17s (0h:2m:0s left)
Log-likelihood cutoff on original alignment: -46010.997
NOTE: Bootstrap correlation coefficient of split occurrence frequencies: 0.972
NOTE: UFBoot does not converge, continue at least 100 more iterations
Iteration 1310 / LogL: -45775.575 / Time: 2h:54m:49s (0h:12m:1s left)
Iteration 1320 / LogL: -45848.189 / Time: 2h:56m:17s (0h:10m:41s left)
Iteration 1330 / LogL: -45817.045 / Time: 2h:57m:47s (0h:9m:21s left)
Estimate model parameters (epsilon = 0.100)
BETTER TREE FOUND at iteration 1340: -45762.762
Iteration 1340 / LogL: -45762.762 / Time: 2h:59m:13s (0h:13m:23s left)
Iteration 1350 / LogL: -45793.870 / Time: 3h:0m:41s (0h:12m:3s left)
Log-likelihood cutoff on original alignment: -46010.997
Iteration 1360 / LogL: -45837.904 / Time: 3h:2m:12s (0h:10m:43s left)
Iteration 1370 / LogL: -45779.086 / Time: 3h:3m:34s (0h:9m:23s left)
Iteration 1380 / LogL: -45822.447 / Time: 3h:5m:1s (0h:8m:3s left)
Iteration 1390 / LogL: -45831.838 / Time: 3h:6m:31s (0h:6m:42s left)
Iteration 1400 / LogL: -45781.150 / Time: 3h:8m:2s (0h:5m:22s left)
Log-likelihood cutoff on original alignment: -46010.997
NOTE: Bootstrap correlation coefficient of split occurrence frequencies: 0.977
NOTE: UFBoot does not converge, continue at least 100 more iterations
Iteration 1410 / LogL: -45818.880 / Time: 3h:9m:37s (0h:12m:6s left)
Iteration 1420 / LogL: -45806.573 / Time: 3h:11m:6s (0h:10m:46s left)
Iteration 1430 / LogL: -45802.871 / Time: 3h:12m:33s (0h:9m:25s left)
Iteration 1440 / LogL: -45796.692 / Time: 3h:14m:2s (0h:8m:5s left)
Iteration 1450 / LogL: -45787.069 / Time: 3h:15m:33s (0h:6m:44s left)
Log-likelihood cutoff on original alignment: -46010.997
Iteration 1460 / LogL: -45799.034 / Time: 3h:17m:7s (0h:5m:24s left)
Iteration 1470 / LogL: -45779.253 / Time: 3h:18m:43s (0h:4m:3s left)
Iteration 1480 / LogL: -45790.199 / Time: 3h:20m:18s (0h:2m:42s left)
Iteration 1490 / LogL: -45841.420 / Time: 3h:21m:45s (0h:1m:21s left)
Iteration 1500 / LogL: -45780.212 / Time: 3h:23m:18s (0h:0m:0s left)
Log-likelihood cutoff on original alignment: -46010.997
NOTE: Bootstrap correlation coefficient of split occurrence frequencies: 0.979
NOTE: UFBoot does not converge, continue at least 100 more iterations
Iteration 1510 / LogL: -45800.329 / Time: 3h:24m:52s (0h:12m:13s left)
Iteration 1520 / LogL: -45796.731 / Time: 3h:26m:18s (0h:10m:51s left)
Iteration 1530 / LogL: -45836.127 / Time: 3h:27m:48s (0h:9m:30s left)
Iteration 1540 / LogL: -45779.392 / Time: 3h:29m:21s (0h:8m:9s left)
Iteration 1550 / LogL: -45790.910 / Time: 3h:30m:53s (0h:6m:48s left)
Log-likelihood cutoff on original alignment: -46010.997
Estimate model parameters (epsilon = 0.100)
BETTER TREE FOUND at iteration 1554: -45761.836
Iteration 1560 / LogL: -45812.056 / Time: 3h:32m:33s (0h:12m:48s left)
Iteration 1570 / LogL: -45822.316 / Time: 3h:34m:6s (0h:11m:27s left)
Iteration 1580 / LogL: -45782.539 / Time: 3h:35m:41s (0h:10m:6s left)
Iteration 1590 / LogL: -45785.895 / Time: 3h:37m:15s (0h:8m:45s left)
Iteration 1600 / LogL: -45802.098 / Time: 3h:38m:48s (0h:7m:23s left)
Log-likelihood cutoff on original alignment: -46010.997
NOTE: Bootstrap correlation coefficient of split occurrence frequencies: 0.982
NOTE: UFBoot does not converge, continue at least 100 more iterations
Iteration 1610 / LogL: -45852.659 / Time: 3h:40m:24s (0h:12m:19s left)
Iteration 1620 / LogL: -45770.397 / Time: 3h:41m:55s (0h:10m:57s left)
Iteration 1630 / LogL: -45809.140 / Time: 3h:43m:26s (0h:9m:36s left)
Iteration 1640 / LogL: -45782.922 / Time: 3h:45m:1s (0h:8m:14s left)
Iteration 1650 / LogL: -45792.096 / Time: 3h:46m:34s (0h:6m:52s left)
Log-likelihood cutoff on original alignment: -46010.997
Iteration 1660 / LogL: -45799.498 / Time: 3h:48m:10s (0h:5m:30s left)
Iteration 1670 / LogL: -45800.704 / Time: 3h:49m:43s (0h:4m:7s left)
Iteration 1680 / LogL: -45783.687 / Time: 3h:51m:15s (0h:2m:45s left)
Iteration 1690 / LogL: -45850.317 / Time: 3h:52m:45s (0h:1m:22s left)
Iteration 1700 / LogL: -45791.690 / Time: 3h:54m:14s (0h:0m:0s left)
Log-likelihood cutoff on original alignment: -46010.997
NOTE: Bootstrap correlation coefficient of split occurrence frequencies: 0.984
NOTE: UFBoot does not converge, continue at least 100 more iterations
Iteration 1710 / LogL: -45810.213 / Time: 3h:55m:50s (0h:12m:25s left)
Iteration 1720 / LogL: -45792.065 / Time: 3h:57m:21s (0h:11m:2s left)
Iteration 1730 / LogL: -45828.549 / Time: 3h:58m:54s (0h:9m:40s left)
Iteration 1740 / LogL: -45810.740 / Time: 4h:0m:29s (0h:8m:17s left)
Iteration 1750 / LogL: -45791.388 / Time: 4h:1m:58s (0h:6m:55s left)
Log-likelihood cutoff on original alignment: -46010.997
Iteration 1760 / LogL: -45776.419 / Time: 4h:3m:38s (0h:5m:32s left)
Iteration 1770 / LogL: -45781.494 / Time: 4h:5m:12s (0h:4m:9s left)
Iteration 1780 / LogL: -45825.807 / Time: 4h:6m:47s (0h:2m:46s left)
Iteration 1790 / LogL: -45799.289 / Time: 4h:8m:23s (0h:1m:23s left)
Iteration 1800 / LogL: -45767.317 / Time: 4h:9m:54s (0h:0m:0s left)
Log-likelihood cutoff on original alignment: -46010.997
NOTE: Bootstrap correlation coefficient of split occurrence frequencies: 0.986
NOTE: UFBoot does not converge, continue at least 100 more iterations
Iteration 1810 / LogL: -45834.574 / Time: 4h:11m:29s (0h:12m:30s left)
Iteration 1820 / LogL: -45804.625 / Time: 4h:13m:3s (0h:11m:7s left)
Iteration 1830 / LogL: -45809.387 / Time: 4h:14m:37s (0h:9m:44s left)
Iteration 1840 / LogL: -45810.160 / Time: 4h:16m:15s (0h:8m:21s left)
Iteration 1850 / LogL: -45804.335 / Time: 4h:17m:50s (0h:6m:58s left)
Log-likelihood cutoff on original alignment: -46010.997
Iteration 1860 / LogL: -45825.579 / Time: 4h:19m:26s (0h:5m:34s left)
Iteration 1870 / LogL: -45816.783 / Time: 4h:21m:1s (0h:4m:11s left)
Iteration 1880 / LogL: -45805.751 / Time: 4h:22m:37s (0h:2m:47s left)
Iteration 1890 / LogL: -45794.537 / Time: 4h:24m:15s (0h:1m:23s left)
Iteration 1900 / LogL: -45816.390 / Time: 4h:25m:50s (0h:0m:0s left)
Log-likelihood cutoff on original alignment: -46010.997
NOTE: Bootstrap correlation coefficient of split occurrence frequencies: 0.989
NOTE: UFBoot does not converge, continue at least 100 more iterations
Iteration 1910 / LogL: -45796.755 / Time: 4h:27m:28s (0h:12m:36s left)
Estimate model parameters (epsilon = 0.100)
BETTER TREE FOUND at iteration 1918: -45761.325
Iteration 1920 / LogL: -45780.995 / Time: 4h:29m:6s (0h:13m:44s left)
Iteration 1930 / LogL: -45791.997 / Time: 4h:30m:39s (0h:12m:20s left)
Iteration 1940 / LogL: -45780.994 / Time: 4h:32m:18s (0h:10m:57s left)
Estimate model parameters (epsilon = 0.100)
BETTER TREE FOUND at iteration 1945: -45758.580
Estimate model parameters (epsilon = 0.100)
BETTER TREE FOUND at iteration 1948: -45751.061
Iteration 1950 / LogL: -45785.907 / Time: 4h:33m:58s (0h:13m:46s left)
Log-likelihood cutoff on original alignment: -46010.997
Iteration 1960 / LogL: -45781.857 / Time: 4h:35m:38s (0h:12m:22s left)
Iteration 1970 / LogL: -45829.055 / Time: 4h:37m:16s (0h:10m:59s left)
Iteration 1980 / LogL: -45805.676 / Time: 4h:38m:57s (0h:9m:35s left)
Iteration 1990 / LogL: -45770.244 / Time: 4h:40m:34s (0h:8m:10s left)
Iteration 2000 / LogL: -45779.625 / Time: 4h:42m:14s (0h:6m:46s left)
Log-likelihood cutoff on original alignment: -46010.997
NOTE: Bootstrap correlation coefficient of split occurrence frequencies: 0.991
Iteration 2010 / LogL: -45782.944 / Time: 4h:44m:1s (0h:12m:43s left)
Iteration 2020 / LogL: -45842.107 / Time: 4h:45m:44s (0h:11m:19s left)
Iteration 2030 / LogL: -45834.782 / Time: 4h:47m:16s (0h:9m:54s left)
Iteration 2040 / LogL: -45817.401 / Time: 4h:48m:58s (0h:8m:30s left)
TREE SEARCH COMPLETED AFTER 2049 ITERATIONS / Time: 4h:50m:29s

--------------------------------------------------------------------
|                    FINALIZING TREE SEARCH                        |
--------------------------------------------------------------------
Performs final model parameters optimization
Estimate model parameters (epsilon = 0.010)
1. Initial log-likelihood: -45751.061
Optimal log-likelihood: -45751.055
Rate parameters:  A-C: 0.68043  A-G: 4.84142  A-T: 2.66477  C-G: 0.17149  C-T: 4.91548  G-T: 1.00000
Base frequencies:  A: 0.211  C: 0.278  G: 0.294  T: 0.217
Gamma shape alpha: 0.764
Parameters optimization took 1 rounds (0.548 sec)
BEST SCORE FOUND : -45751.055
Creating bootstrap support values...
Split supports printed to NEXUS file hapalignment_duplication_HSdiploid_thr13.splits.nex
Total tree length: 43.369

Total number of iterations: 2049
CPU time used for tree search: 31596.212 sec (8h:46m:36s)
Wall-clock time used for tree search: 17420.576 sec (4h:50m:20s)
Total CPU time used: 31618.528 sec (8h:46m:58s)
Total wall-clock time used: 17435.877 sec (4h:50m:35s)

Computing bootstrap consensus tree...
Reading input file hapalignment_duplication_HSdiploid_thr13.splits.nex...
664 taxa and 8571 splits.
Consensus tree written to hapalignment_duplication_HSdiploid_thr13.contree
Reading input trees file hapalignment_duplication_HSdiploid_thr13.contree
Log-likelihood of consensus tree: -45752.550

Analysis results written to: 
  IQ-TREE report:                hapalignment_duplication_HSdiploid_thr13.iqtree
  Maximum-likelihood tree:       hapalignment_duplication_HSdiploid_thr13.treefile
  Likelihood distances:          hapalignment_duplication_HSdiploid_thr13.mldist

Ultrafast bootstrap approximation results written to:
  Split support values:          hapalignment_duplication_HSdiploid_thr13.splits.nex
  Consensus tree:                hapalignment_duplication_HSdiploid_thr13.contree
  Screen log file:               hapalignment_duplication_HSdiploid_thr13.log

Date and Time: Sun Oct 18 17:53:21 2020
